2019-04-27 19:02:46,163 - DEBUG - log/custom_logger - Logging started on: 2019-04-27 19:02:46
2019-04-27 19:02:46,163 - DEBUG - log/custom_logger - ################################
2019-04-27 19:02:46,173 - INFO - api/save_publicdataset - Loandataset already exists for today
2019-04-27 19:02:49,293 - INFO - dataprep/load_data - Loaded Data: 86.6k credits
2019-04-27 19:02:49,696 - INFO - dataprep/clean_data - 11.09 % time filtered
2019-04-27 19:02:49,765 - INFO - dataprep/clean_data - 3.05 % NaN filtered
2019-04-27 19:02:49,853 - DEBUG - dataprep/clean_data - Number of remaining NaN: 0
2019-04-27 19:02:49,857 - INFO - dataprep/clean_data - 32.85 % of credits defaulted
2019-04-27 19:02:49,872 - INFO - dataprep/clean_data - Finished Data Cleansing
2019-04-27 19:02:49,903 - DEBUG - rndforest/train_forest - Train Random Forest with:
2019-04-27 19:02:49,903 - DEBUG - rndforest/train_forest - No of Trees: 122
2019-04-27 19:02:49,903 - DEBUG - rndforest/train_forest - Max Depth: 30
2019-04-27 19:02:49,903 - DEBUG - rndforest/train_forest - Min Leaf Size: 2500
2019-04-27 19:02:49,903 - DEBUG - rndforest/train_forest - Min Sample Split: 1000
2019-04-27 19:02:49,903 - DEBUG - rndforest/train_forest - Crit: gini
2019-04-27 19:02:52,293 - INFO - rndforest/train_forest - Shuffle: 1 of 10 | AUC: 0.779
2019-04-27 19:02:54,544 - INFO - rndforest/train_forest - Shuffle: 2 of 10 | AUC: 0.775
2019-04-27 19:02:56,823 - INFO - rndforest/train_forest - Shuffle: 3 of 10 | AUC: 0.778
2019-04-27 19:02:59,083 - INFO - rndforest/train_forest - Shuffle: 4 of 10 | AUC: 0.777
2019-04-27 19:03:01,552 - INFO - rndforest/train_forest - Shuffle: 5 of 10 | AUC: 0.765
2019-04-27 19:03:04,646 - INFO - rndforest/train_forest - Shuffle: 6 of 10 | AUC: 0.776
2019-04-27 19:03:07,389 - INFO - rndforest/train_forest - Shuffle: 7 of 10 | AUC: 0.776
2019-04-27 19:03:09,980 - INFO - rndforest/train_forest - Shuffle: 8 of 10 | AUC: 0.784
2019-04-27 19:03:12,429 - INFO - rndforest/train_forest - Shuffle: 9 of 10 | AUC: 0.769
2019-04-27 19:03:14,880 - INFO - rndforest/train_forest - Shuffle: 10 of 10 | AUC: 0.785
2019-04-27 19:03:16,143 - INFO - rndforest/train_forest - Finished | Mean AUC: 0.78 | Stdev: 0.0059
2019-04-27 19:03:16,879 - INFO - rndforest/evaluate_default_prob - 3 of 16 bins were removed
2019-04-27 19:03:16,930 - INFO - rndforest/evaluate_default_prob - Fit succeded | R2: 0.988
2019-04-27 19:03:16,943 - INFO - bondapp/<module> - ############ 982 ##############
2019-04-27 19:03:16,943 - DEBUG - api/get_investments - Requested for user: Oliver
2019-04-27 19:03:25,010 - DEBUG - api/get_investments - Status Code: 200 - Success
2019-04-27 19:03:25,010 - INFO - api/save_investments - Received Page 1 of 1
2019-04-27 19:03:28,150 - INFO - api/save_investments - Investments saved
2019-04-27 19:03:28,210 - DEBUG - dataprep/clean_data - Number of remaining NaN: 0
2019-04-27 19:03:28,210 - INFO - dataprep/clean_data - Finished Data Cleansing
2019-04-27 19:03:28,329 - DEBUG - api/get_secondarymarket - Requested for user: Oliver
2019-04-27 19:03:28,329 - DEBUG - api/get_secondarymarket - Show Items: True
2019-04-27 19:03:31,419 - DEBUG - api/get_secondarymarket - Status Code: 200 - Success
2019-04-27 19:03:31,419 - INFO - api/get_secondarymarket - No items on secondary market
2019-04-27 19:03:31,419 - INFO - salesmgr/cancel_items - No items to cancel
2019-04-27 19:03:31,430 - INFO - salesmgr/sell_items - No items to sell
2019-04-27 19:03:31,430 - INFO - bondapp/<module> - ############ 983 ##############
2019-04-27 19:03:31,430 - DEBUG - api/get_investments - Requested for user: Richard
2019-04-27 19:03:39,673 - DEBUG - api/get_investments - Status Code: 200 - Success
2019-04-27 19:03:39,673 - INFO - api/save_investments - Received Page 1 of 1
2019-04-27 19:03:42,822 - INFO - api/save_investments - Investments saved
2019-04-27 19:03:42,890 - DEBUG - dataprep/clean_data - Number of remaining NaN: 0
2019-04-27 19:03:42,890 - INFO - dataprep/clean_data - Finished Data Cleansing
2019-04-27 19:03:43,019 - DEBUG - api/get_secondarymarket - Requested for user: Richard
2019-04-27 19:03:43,019 - DEBUG - api/get_secondarymarket - Show Items: True
2019-04-27 19:03:46,542 - DEBUG - api/get_secondarymarket - Status Code: 200 - Success
2019-04-27 19:03:46,542 - INFO - api/get_secondarymarket - Received Page 1 of 1
2019-04-27 19:03:46,552 - INFO - salesmgr/cancel_items - No items to cancel
2019-04-27 19:03:46,559 - INFO - salesmgr/sell_items - No items to sell
2019-04-27 19:03:46,559 - INFO - bondapp/<module> - ############ 984 ##############
2019-04-27 19:03:46,559 - DEBUG - api/get_investments - Requested for user: Niklas
2019-04-27 19:03:58,809 - DEBUG - api/get_investments - Status Code: 200 - Success
2019-04-27 19:03:58,820 - INFO - api/save_investments - Received Page 1 of 1
2019-04-27 19:04:02,149 - INFO - api/save_investments - Investments saved
2019-04-27 19:04:02,219 - DEBUG - dataprep/clean_data - Number of remaining NaN: 0
2019-04-27 19:04:02,219 - INFO - dataprep/clean_data - Finished Data Cleansing
2019-04-27 19:04:02,349 - DEBUG - api/get_secondarymarket - Requested for user: Niklas
2019-04-27 19:04:02,349 - DEBUG - api/get_secondarymarket - Show Items: True
2019-04-27 19:04:06,109 - DEBUG - api/get_secondarymarket - Status Code: 200 - Success
2019-04-27 19:04:06,109 - INFO - api/get_secondarymarket - Received Page 1 of 1
2019-04-27 19:04:06,129 - INFO - salesmgr/cancel_items - No items to cancel
2019-04-27 19:04:06,143 - INFO - salesmgr/sell_items - No items to sell
2019-04-27 19:04:06,143 - INFO - bondapp/<module> - Finished
