2019-04-25 18:12:07,441 - DEBUG - log/custom_logger - Logging started on: 2019-04-25 18:12:07
2019-04-25 18:12:07,441 - DEBUG - log/custom_logger - ################################
2019-04-25 18:12:07,441 - INFO - api/save_publicdataset - Loandataset already exists for today
2019-04-25 18:12:10,231 - INFO - dataprep/load_data - Loaded Data: 86.3k credits
2019-04-25 18:12:10,617 - INFO - dataprep/clean_data - 10.92 % time filtered
2019-04-25 18:12:10,687 - INFO - dataprep/clean_data - 3.06 % NaN filtered
2019-04-25 18:12:10,920 - DEBUG - dataprep/clean_data - Number of remaining NaN: 0
2019-04-25 18:12:10,930 - INFO - dataprep/clean_data - 32.80 % of credits defaulted
2019-04-25 18:12:10,947 - INFO - dataprep/clean_data - Finished Data Cleansing
2019-04-25 18:12:10,980 - DEBUG - rndforest/train_forest - Train Random Forest with:
2019-04-25 18:12:10,980 - DEBUG - rndforest/train_forest - No of Trees: 122
2019-04-25 18:12:10,980 - DEBUG - rndforest/train_forest - Max Depth: 30
2019-04-25 18:12:10,980 - DEBUG - rndforest/train_forest - Min Leaf Size: 2500
2019-04-25 18:12:10,980 - DEBUG - rndforest/train_forest - Min Sample Split: 1000
2019-04-25 18:12:10,980 - DEBUG - rndforest/train_forest - Crit: gini
2019-04-25 18:12:13,197 - INFO - rndforest/train_forest - Shuffle: 1 of 10 | AUC: 0.768
2019-04-25 18:12:15,266 - INFO - rndforest/train_forest - Shuffle: 2 of 10 | AUC: 0.780
2019-04-25 18:12:17,380 - INFO - rndforest/train_forest - Shuffle: 3 of 10 | AUC: 0.779
2019-04-25 18:12:19,517 - INFO - rndforest/train_forest - Shuffle: 4 of 10 | AUC: 0.778
2019-04-25 18:12:21,627 - INFO - rndforest/train_forest - Shuffle: 5 of 10 | AUC: 0.771
2019-04-25 18:12:23,620 - INFO - rndforest/train_forest - Shuffle: 6 of 10 | AUC: 0.774
2019-04-25 18:12:25,677 - INFO - rndforest/train_forest - Shuffle: 7 of 10 | AUC: 0.775
2019-04-25 18:12:27,747 - INFO - rndforest/train_forest - Shuffle: 8 of 10 | AUC: 0.767
2019-04-25 18:12:29,827 - INFO - rndforest/train_forest - Shuffle: 9 of 10 | AUC: 0.784
2019-04-25 18:12:31,845 - INFO - rndforest/train_forest - Shuffle: 10 of 10 | AUC: 0.774
2019-04-25 18:12:32,800 - INFO - rndforest/train_forest - Finished | Mean AUC: 0.77 | Stdev: 0.0053
2019-04-25 18:12:33,207 - INFO - rndforest/evaluate_default_prob - 3 of 16 bins were removed
2019-04-25 18:12:33,267 - INFO - rndforest/evaluate_default_prob - Fit succeded | R2: 0.988
2019-04-25 18:12:33,267 - INFO - bondapp/<module> - ############ 982 ##############
2019-04-25 18:12:33,277 - DEBUG - api/get_investments - Requested for user: Oliver
2019-04-25 18:12:37,477 - DEBUG - api/get_investments - Status Code: 200 - Success
2019-04-25 18:12:37,477 - INFO - api/save_investments - Received Page 1 of 1
2019-04-25 18:12:40,433 - INFO - api/save_investments - Investments saved
2019-04-25 18:12:40,497 - DEBUG - dataprep/clean_data - Number of remaining NaN: 0
2019-04-25 18:12:40,497 - INFO - dataprep/clean_data - Finished Data Cleansing
