2019-04-21 11:09:56,468 - DEBUG - log/custom_logger - Logging started on: 2019-04-21 11:09:56
2019-04-21 11:09:56,468 - DEBUG - log/custom_logger - ################################
2019-04-21 11:09:56,468 - INFO - api/save_publicdataset - Loandataset already exists for today
2019-04-21 11:09:56,474 - DEBUG - api/get_investments - Requested for user: Niklas
2019-04-21 11:10:08,311 - DEBUG - api/get_investments - Status Code: 200 - Success
2019-04-21 11:10:08,318 - INFO - api/save_investments - Received Page 1 of 1
2019-04-21 11:10:11,245 - INFO - api/save_investments - Investments saved
2019-04-21 11:10:13,793 - INFO - dataprep/load_data - Loaded LoanData: 85.7k credits
2019-04-21 11:10:14,082 - INFO - dataprep/clean_data - 10.94 % time filtered
2019-04-21 11:10:14,246 - INFO - dataprep/clean_data - 3.19 % NaN filtered
2019-04-21 11:10:14,401 - DEBUG - dataprep/clean_data - Number of remaining NaN: 0
2019-04-21 11:10:14,408 - INFO - dataprep/clean_data - 45.10 % of credits defaulted
2019-04-21 11:10:14,426 - INFO - dataprep/clean_data - Finished Data Cleansing
2019-04-21 11:10:14,572 - INFO - rndforest/train_forest - Train Random Forest with:
2019-04-21 11:10:14,573 - INFO - rndforest/train_forest - No of Trees: 122
2019-04-21 11:10:14,574 - INFO - rndforest/train_forest - Max Depth: 30
2019-04-21 11:10:14,574 - INFO - rndforest/train_forest - Min Leaf Size: 2500
2019-04-21 11:10:14,575 - INFO - rndforest/train_forest - Min Sample Split: 1000
2019-04-21 11:10:14,576 - INFO - rndforest/train_forest - Crit: gini
2019-04-21 11:10:16,983 - INFO - rndforest/train_forest - Shuffle: 1 of 10 | AUC: 0.747
2019-04-21 11:10:19,392 - INFO - rndforest/train_forest - Shuffle: 2 of 10 | AUC: 0.734
2019-04-21 11:10:21,793 - INFO - rndforest/train_forest - Shuffle: 3 of 10 | AUC: 0.745
2019-04-21 11:10:24,202 - INFO - rndforest/train_forest - Shuffle: 4 of 10 | AUC: 0.745
2019-04-21 11:10:26,600 - INFO - rndforest/train_forest - Shuffle: 5 of 10 | AUC: 0.745
2019-04-21 11:10:29,002 - INFO - rndforest/train_forest - Shuffle: 6 of 10 | AUC: 0.727
2019-04-21 11:10:31,403 - INFO - rndforest/train_forest - Shuffle: 7 of 10 | AUC: 0.742
2019-04-21 11:10:33,804 - INFO - rndforest/train_forest - Shuffle: 8 of 10 | AUC: 0.748
2019-04-21 11:10:36,214 - INFO - rndforest/train_forest - Shuffle: 9 of 10 | AUC: 0.746
2019-04-21 11:10:38,621 - INFO - rndforest/train_forest - Shuffle: 10 of 10 | AUC: 0.747
2019-04-21 11:10:38,623 - INFO - rndforest/train_forest - Finished | Mean AUC: 0.74 | Stdev: 0.0067
2019-04-21 11:10:39,096 - INFO - rndforest/evaluate_default_prob - 4 of 15 bins were removed
2019-04-21 11:10:39,097 - WARNING - rndforest/evaluate_default_prob - Number of bins removed above 25%
2019-04-21 11:10:39,147 - INFO - rndforest/evaluate_default_prob - Fit succeded | R2: 0.926
2019-04-21 11:11:26,936 - INFO - api/save_publicdataset - Loandataset already exists for today
2019-04-21 11:11:26,937 - DEBUG - api/get_investments - Requested for user: Niklas
2019-04-21 11:11:37,935 - DEBUG - api/get_investments - Status Code: 200 - Success
2019-04-21 11:11:37,941 - INFO - api/save_investments - Received Page 1 of 1
2019-04-21 11:11:40,854 - INFO - api/save_investments - Investments saved
2019-04-21 11:11:43,411 - INFO - dataprep/load_data - Loaded LoanData: 85.7k credits
2019-04-21 11:11:43,690 - INFO - dataprep/clean_data - 10.94 % time filtered
2019-04-21 11:11:43,861 - INFO - dataprep/clean_data - 3.19 % NaN filtered
2019-04-21 11:11:44,010 - DEBUG - dataprep/clean_data - Number of remaining NaN: 0
2019-04-21 11:11:44,017 - INFO - dataprep/clean_data - 45.11 % of credits defaulted
2019-04-21 11:11:44,035 - INFO - dataprep/clean_data - Finished Data Cleansing
2019-04-21 11:11:44,185 - INFO - rndforest/train_forest - Train Random Forest with:
2019-04-21 11:11:44,186 - INFO - rndforest/train_forest - No of Trees: 122
2019-04-21 11:11:44,186 - INFO - rndforest/train_forest - Max Depth: 30
2019-04-21 11:11:44,187 - INFO - rndforest/train_forest - Min Leaf Size: 2500
2019-04-21 11:11:44,187 - INFO - rndforest/train_forest - Min Sample Split: 1000
2019-04-21 11:11:44,188 - INFO - rndforest/train_forest - Crit: gini
2019-04-21 11:11:46,607 - INFO - rndforest/train_forest - Shuffle: 1 of 10 | AUC: 0.738
2019-04-21 11:11:49,011 - INFO - rndforest/train_forest - Shuffle: 2 of 10 | AUC: 0.739
2019-04-21 11:11:51,416 - INFO - rndforest/train_forest - Shuffle: 3 of 10 | AUC: 0.740
2019-04-21 11:11:53,816 - INFO - rndforest/train_forest - Shuffle: 4 of 10 | AUC: 0.746
2019-04-21 11:11:56,228 - INFO - rndforest/train_forest - Shuffle: 5 of 10 | AUC: 0.732
2019-04-21 11:11:58,636 - INFO - rndforest/train_forest - Shuffle: 6 of 10 | AUC: 0.745
2019-04-21 11:12:01,046 - INFO - rndforest/train_forest - Shuffle: 7 of 10 | AUC: 0.734
2019-04-21 11:12:03,453 - INFO - rndforest/train_forest - Shuffle: 8 of 10 | AUC: 0.753
2019-04-21 11:12:05,863 - INFO - rndforest/train_forest - Shuffle: 9 of 10 | AUC: 0.752
2019-04-21 11:12:08,264 - INFO - rndforest/train_forest - Shuffle: 10 of 10 | AUC: 0.742
2019-04-21 11:12:08,266 - INFO - rndforest/train_forest - Finished | Mean AUC: 0.74 | Stdev: 0.0068
2019-04-21 11:12:08,731 - INFO - rndforest/evaluate_default_prob - 1 of 15 bins were removed
2019-04-21 11:12:08,779 - INFO - rndforest/evaluate_default_prob - Fit succeded | R2: 0.947
2019-04-21 11:46:56,627 - DEBUG - api/get_investments - Requested for user: Niklas
2019-04-21 11:47:04,851 - DEBUG - api/get_investments - Status Code: 200 - Success
2019-04-21 11:47:04,858 - INFO - api/save_investments - Received Page 1 of 1
2019-04-21 11:47:07,837 - INFO - api/save_investments - Investments saved
2019-04-21 11:56:59,715 - DEBUG - api/get_investments - Requested for user: Niklas
2019-04-21 11:57:10,538 - DEBUG - api/get_investments - Status Code: 200 - Success
2019-04-21 11:57:10,545 - INFO - api/save_investments - Received Page 1 of 1
2019-04-21 11:57:13,505 - INFO - api/save_investments - Investments saved
2019-04-21 11:57:13,763 - INFO - dataprep/clean_data - 10.93 % time filtered
2019-04-21 11:57:13,930 - INFO - dataprep/clean_data - 3.19 % NaN filtered
2019-04-21 11:57:14,079 - DEBUG - dataprep/clean_data - Number of remaining NaN: 0
2019-04-21 11:57:14,085 - INFO - dataprep/clean_data - 45.10 % of credits defaulted
2019-04-21 11:57:14,104 - INFO - dataprep/clean_data - Finished Data Cleansing
2019-04-21 11:57:24,766 - DEBUG - api/get_investments - Requested for user: Niklas
2019-04-21 11:57:29,203 - WARNING - api/get_investments - Status Code: 429 - Failed
2019-04-21 11:57:29,206 - INFO - api/save_investments - Received Page 1 of 0
2019-04-21 11:57:43,252 - DEBUG - api/get_investments - Requested for user: Niklas
2019-04-21 11:57:46,507 - WARNING - api/get_investments - Status Code: 429 - Failed
2019-04-21 11:57:46,509 - INFO - api/save_investments - Received Page 1 of 0
2019-04-21 11:59:03,064 - DEBUG - api/get_investments - Requested for user: Niklas
2019-04-21 11:59:13,028 - DEBUG - api/get_investments - Status Code: 200 - Success
2019-04-21 11:59:13,035 - INFO - api/save_investments - Received Page 1 of 1
2019-04-21 11:59:15,961 - INFO - api/save_investments - Investments saved
2019-04-21 12:04:17,905 - INFO - api/save_publicdataset - Loandataset already exists for today
2019-04-21 12:04:20,454 - INFO - dataprep/load_data - Loaded LoanData: 85.7k credits
2019-04-21 12:06:21,166 - INFO - api/save_investments - Loandataset already exists for today
2019-04-21 12:06:21,240 - INFO - dataprep/load_data - Loaded Data: 1.9k credits
2019-04-21 12:07:50,153 - INFO - api/save_publicdataset - Loandataset already exists for today
2019-04-21 12:07:52,648 - INFO - dataprep/load_data - Loaded Data: 85.7k credits
2019-04-21 12:07:52,940 - INFO - dataprep/clean_data - 10.93 % time filtered
2019-04-21 12:07:53,108 - INFO - dataprep/clean_data - 3.19 % NaN filtered
2019-04-21 12:07:53,262 - DEBUG - dataprep/clean_data - Number of remaining NaN: 0
2019-04-21 12:07:53,269 - INFO - dataprep/clean_data - 45.10 % of credits defaulted
2019-04-21 12:07:53,287 - INFO - dataprep/clean_data - Finished Data Cleansing
2019-04-21 12:07:53,435 - INFO - rndforest/train_forest - Train Random Forest with:
2019-04-21 12:07:53,436 - INFO - rndforest/train_forest - No of Trees: 122
2019-04-21 12:07:53,437 - INFO - rndforest/train_forest - Max Depth: 30
2019-04-21 12:07:53,437 - INFO - rndforest/train_forest - Min Leaf Size: 2500
2019-04-21 12:07:53,438 - INFO - rndforest/train_forest - Min Sample Split: 1000
2019-04-21 12:07:53,439 - INFO - rndforest/train_forest - Crit: gini
2019-04-21 12:07:55,853 - INFO - rndforest/train_forest - Shuffle: 1 of 10 | AUC: 0.743
2019-04-21 12:07:58,254 - INFO - rndforest/train_forest - Shuffle: 2 of 10 | AUC: 0.751
2019-04-21 12:08:00,652 - INFO - rndforest/train_forest - Shuffle: 3 of 10 | AUC: 0.732
2019-04-21 12:08:03,052 - INFO - rndforest/train_forest - Shuffle: 4 of 10 | AUC: 0.743
2019-04-21 12:08:05,461 - INFO - rndforest/train_forest - Shuffle: 5 of 10 | AUC: 0.739
2019-04-21 12:08:07,867 - INFO - rndforest/train_forest - Shuffle: 6 of 10 | AUC: 0.748
2019-04-21 12:08:10,278 - INFO - rndforest/train_forest - Shuffle: 7 of 10 | AUC: 0.749
2019-04-21 12:08:12,684 - INFO - rndforest/train_forest - Shuffle: 8 of 10 | AUC: 0.740
2019-04-21 12:08:15,096 - INFO - rndforest/train_forest - Shuffle: 9 of 10 | AUC: 0.736
2019-04-21 12:08:17,507 - INFO - rndforest/train_forest - Shuffle: 10 of 10 | AUC: 0.750
2019-04-21 12:08:17,509 - INFO - rndforest/train_forest - Finished | Mean AUC: 0.74 | Stdev: 0.0064
2019-04-21 12:08:17,973 - INFO - rndforest/evaluate_default_prob - 1 of 15 bins were removed
2019-04-21 12:08:18,023 - INFO - rndforest/evaluate_default_prob - Fit succeded | R2: 0.940
2019-04-21 12:08:18,062 - INFO - api/save_investments - Loandataset already exists for today
2019-04-21 12:08:18,136 - INFO - dataprep/load_data - Loaded Data: 1.9k credits
2019-04-21 12:09:21,859 - INFO - api/save_publicdataset - Loandataset already exists for today
2019-04-21 12:09:24,361 - INFO - dataprep/load_data - Loaded Data: 85.7k credits
2019-04-21 12:09:24,646 - INFO - dataprep/clean_data - 10.92 % time filtered
2019-04-21 12:09:24,814 - INFO - dataprep/clean_data - 3.19 % NaN filtered
2019-04-21 12:09:24,976 - DEBUG - dataprep/clean_data - Number of remaining NaN: 0
2019-04-21 12:09:24,983 - INFO - dataprep/clean_data - 45.10 % of credits defaulted
2019-04-21 12:09:25,001 - INFO - dataprep/clean_data - Finished Data Cleansing
2019-04-21 12:09:25,148 - INFO - rndforest/train_forest - Train Random Forest with:
2019-04-21 12:09:25,149 - INFO - rndforest/train_forest - No of Trees: 122
2019-04-21 12:09:25,149 - INFO - rndforest/train_forest - Max Depth: 30
2019-04-21 12:09:25,150 - INFO - rndforest/train_forest - Min Leaf Size: 2500
2019-04-21 12:09:25,150 - INFO - rndforest/train_forest - Min Sample Split: 1000
2019-04-21 12:09:25,151 - INFO - rndforest/train_forest - Crit: gini
2019-04-21 12:09:27,566 - INFO - rndforest/train_forest - Shuffle: 1 of 10 | AUC: 0.741
2019-04-21 12:09:29,972 - INFO - rndforest/train_forest - Shuffle: 2 of 10 | AUC: 0.736
2019-04-21 12:09:32,381 - INFO - rndforest/train_forest - Shuffle: 3 of 10 | AUC: 0.739
2019-04-21 12:09:34,786 - INFO - rndforest/train_forest - Shuffle: 4 of 10 | AUC: 0.743
2019-04-21 12:09:37,190 - INFO - rndforest/train_forest - Shuffle: 5 of 10 | AUC: 0.749
2019-04-21 12:09:39,596 - INFO - rndforest/train_forest - Shuffle: 6 of 10 | AUC: 0.739
2019-04-21 12:09:42,006 - INFO - rndforest/train_forest - Shuffle: 7 of 10 | AUC: 0.744
2019-04-21 12:09:44,415 - INFO - rndforest/train_forest - Shuffle: 8 of 10 | AUC: 0.739
2019-04-21 12:09:46,823 - INFO - rndforest/train_forest - Shuffle: 9 of 10 | AUC: 0.742
2019-04-21 12:09:49,229 - INFO - rndforest/train_forest - Shuffle: 10 of 10 | AUC: 0.742
2019-04-21 12:09:49,231 - INFO - rndforest/train_forest - Finished | Mean AUC: 0.74 | Stdev: 0.0036
2019-04-21 12:09:49,711 - INFO - rndforest/evaluate_default_prob - 1 of 15 bins were removed
2019-04-21 12:09:49,757 - INFO - rndforest/evaluate_default_prob - Fit succeded | R2: 0.933
2019-04-21 12:09:49,784 - INFO - api/save_investments - Loandataset already exists for today
2019-04-21 12:09:49,856 - INFO - dataprep/load_data - Loaded Data: 1.9k credits
2019-04-21 14:32:43,691 - INFO - dataprep/clean_data - 0.00 % NaN filtered
2019-04-21 14:32:43,714 - DEBUG - dataprep/clean_data - Number of remaining NaN: 0
2019-04-21 14:32:43,715 - INFO - dataprep/clean_data - Finished Data Cleansing
2019-04-21 14:39:39,598 - INFO - api/save_publicdataset - Loandataset already exists for today
2019-04-21 14:39:42,117 - INFO - dataprep/load_data - Loaded Data: 85.7k credits
2019-04-21 14:39:42,412 - INFO - dataprep/clean_data - 10.90 % time filtered
2019-04-21 14:39:42,599 - INFO - dataprep/clean_data - 3.19 % NaN filtered
2019-04-21 14:39:42,748 - DEBUG - dataprep/clean_data - Number of remaining NaN: 0
2019-04-21 14:39:42,754 - INFO - dataprep/clean_data - 45.09 % of credits defaulted
2019-04-21 14:39:42,772 - INFO - dataprep/clean_data - Finished Data Cleansing
2019-04-21 14:39:42,915 - INFO - rndforest/train_forest - Train Random Forest with:
2019-04-21 14:39:42,916 - INFO - rndforest/train_forest - No of Trees: 122
2019-04-21 14:39:42,917 - INFO - rndforest/train_forest - Max Depth: 30
2019-04-21 14:39:42,918 - INFO - rndforest/train_forest - Min Leaf Size: 2500
2019-04-21 14:39:42,918 - INFO - rndforest/train_forest - Min Sample Split: 1000
2019-04-21 14:39:42,919 - INFO - rndforest/train_forest - Crit: gini
2019-04-21 14:39:45,333 - INFO - rndforest/train_forest - Shuffle: 1 of 10 | AUC: 0.741
2019-04-21 14:39:47,731 - INFO - rndforest/train_forest - Shuffle: 2 of 10 | AUC: 0.744
2019-04-21 14:39:50,134 - INFO - rndforest/train_forest - Shuffle: 3 of 10 | AUC: 0.730
2019-04-21 14:39:52,537 - INFO - rndforest/train_forest - Shuffle: 4 of 10 | AUC: 0.744
2019-04-21 14:39:54,939 - INFO - rndforest/train_forest - Shuffle: 5 of 10 | AUC: 0.744
2019-04-21 14:39:57,342 - INFO - rndforest/train_forest - Shuffle: 6 of 10 | AUC: 0.740
2019-04-21 14:39:59,745 - INFO - rndforest/train_forest - Shuffle: 7 of 10 | AUC: 0.743
2019-04-21 14:40:02,142 - INFO - rndforest/train_forest - Shuffle: 8 of 10 | AUC: 0.744
2019-04-21 14:40:04,541 - INFO - rndforest/train_forest - Shuffle: 9 of 10 | AUC: 0.732
2019-04-21 14:40:06,939 - INFO - rndforest/train_forest - Shuffle: 10 of 10 | AUC: 0.745
2019-04-21 14:40:06,941 - INFO - rndforest/train_forest - Finished | Mean AUC: 0.74 | Stdev: 0.0054
2019-04-21 14:40:07,406 - INFO - rndforest/evaluate_default_prob - 2 of 15 bins were removed
2019-04-21 14:40:07,455 - INFO - rndforest/evaluate_default_prob - Fit succeded | R2: 0.948
2019-04-21 14:40:07,482 - INFO - api/save_investments - Loandataset already exists for today
2019-04-21 14:40:07,554 - INFO - dataprep/load_data - Loaded Data: 1.9k credits
2019-04-21 14:40:07,571 - INFO - dataprep/clean_data - 0.00 % NaN filtered
2019-04-21 14:40:07,591 - DEBUG - dataprep/clean_data - Number of remaining NaN: 0
2019-04-21 14:40:07,593 - INFO - dataprep/clean_data - Finished Data Cleansing
2019-04-21 18:18:17,153 - INFO - api/save_publicdataset - Loandataset already exists for today
2019-04-21 18:18:19,670 - INFO - dataprep/load_data - Loaded Data: 85.7k credits
2019-04-21 18:54:44,147 - INFO - api/save_publicdataset - Loandataset already exists for today
2019-04-21 18:54:46,648 - INFO - dataprep/load_data - Loaded Data: 85.7k credits
2019-04-21 18:54:46,901 - INFO - dataprep/clean_data - 10.86 % time filtered
2019-04-21 18:54:46,945 - INFO - dataprep/clean_data - 3.08 % NaN filtered
2019-04-21 18:54:47,013 - DEBUG - dataprep/clean_data - Number of remaining NaN: 0
2019-04-21 18:54:47,020 - INFO - dataprep/clean_data - 45.14 % of credits defaulted
2019-04-21 18:54:47,037 - INFO - dataprep/clean_data - Finished Data Cleansing
2019-04-21 18:54:47,072 - INFO - rndforest/train_forest - Train Random Forest with:
2019-04-21 18:54:47,074 - INFO - rndforest/train_forest - No of Trees: 122
2019-04-21 18:54:47,075 - INFO - rndforest/train_forest - Max Depth: 30
2019-04-21 18:54:47,076 - INFO - rndforest/train_forest - Min Leaf Size: 2500
2019-04-21 18:54:47,077 - INFO - rndforest/train_forest - Min Sample Split: 1000
2019-04-21 18:54:47,078 - INFO - rndforest/train_forest - Crit: gini
2019-04-21 18:54:48,924 - INFO - rndforest/train_forest - Shuffle: 1 of 10 | AUC: 0.739
2019-04-21 18:54:50,646 - INFO - rndforest/train_forest - Shuffle: 2 of 10 | AUC: 0.726
2019-04-21 18:54:52,467 - INFO - rndforest/train_forest - Shuffle: 3 of 10 | AUC: 0.736
2019-04-21 18:54:54,190 - INFO - rndforest/train_forest - Shuffle: 4 of 10 | AUC: 0.738
2019-04-21 18:54:55,910 - INFO - rndforest/train_forest - Shuffle: 5 of 10 | AUC: 0.734
2019-04-21 18:54:57,731 - INFO - rndforest/train_forest - Shuffle: 6 of 10 | AUC: 0.729
2019-04-21 18:54:59,554 - INFO - rndforest/train_forest - Shuffle: 7 of 10 | AUC: 0.728
2019-04-21 18:55:01,376 - INFO - rndforest/train_forest - Shuffle: 8 of 10 | AUC: 0.743
2019-04-21 18:55:03,199 - INFO - rndforest/train_forest - Shuffle: 9 of 10 | AUC: 0.729
2019-04-21 18:55:05,022 - INFO - rndforest/train_forest - Shuffle: 10 of 10 | AUC: 0.734
2019-04-21 18:55:05,024 - INFO - rndforest/train_forest - Finished | Mean AUC: 0.73 | Stdev: 0.0055
2019-04-21 18:55:05,378 - INFO - rndforest/evaluate_default_prob - 2 of 15 bins were removed
2019-04-21 18:55:05,424 - INFO - rndforest/evaluate_default_prob - Fit succeded | R2: 0.988
2019-04-21 18:55:05,427 - INFO - api/save_investments - Loandataset already exists for today
2019-04-21 18:55:05,500 - INFO - dataprep/load_data - Loaded Data: 1.9k credits
2019-04-21 18:56:32,179 - DEBUG - dataprep/clean_data - Number of remaining NaN: 0
2019-04-21 18:56:32,180 - INFO - dataprep/clean_data - Finished Data Cleansing
2019-04-21 19:04:48,332 - DEBUG - dataprep/clean_data - Number of remaining NaN: 0
2019-04-21 19:04:48,333 - INFO - dataprep/clean_data - Finished Data Cleansing
2019-04-21 20:15:12,633 - INFO - api/save_investments - Loandataset already exists for today
2019-04-21 20:15:12,709 - INFO - dataprep/load_data - Loaded Data: 1.9k credits
2019-04-21 20:15:12,728 - DEBUG - dataprep/clean_data - Number of remaining NaN: 0
2019-04-21 20:15:12,729 - INFO - dataprep/clean_data - Finished Data Cleansing
