2019-04-23 10:04:28,862 - DEBUG - log/custom_logger - Logging started on: 2019-04-23 10:04:28
2019-04-23 10:04:28,862 - DEBUG - log/custom_logger - ################################
2019-04-23 10:04:28,863 - INFO - api/save_publicdataset - Loandataset already exists for today
2019-04-23 10:04:31,496 - INFO - dataprep/load_data - Loaded Data: 86.0k credits
2019-04-23 10:04:31,776 - INFO - dataprep/clean_data - 10.91 % time filtered
2019-04-23 10:04:31,827 - INFO - dataprep/clean_data - 3.07 % NaN filtered
2019-04-23 10:04:31,891 - DEBUG - dataprep/clean_data - Number of remaining NaN: 0
2019-04-23 10:04:31,898 - INFO - dataprep/clean_data - 45.07 % of credits defaulted
2019-04-23 10:04:31,910 - INFO - dataprep/clean_data - Finished Data Cleansing
2019-04-23 10:04:31,937 - INFO - rndforest/train_forest - Train Random Forest with:
2019-04-23 10:04:31,938 - INFO - rndforest/train_forest - No of Trees: 122
2019-04-23 10:04:31,939 - INFO - rndforest/train_forest - Max Depth: 30
2019-04-23 10:04:31,940 - INFO - rndforest/train_forest - Min Leaf Size: 2500
2019-04-23 10:04:31,941 - INFO - rndforest/train_forest - Min Sample Split: 1000
2019-04-23 10:04:31,942 - INFO - rndforest/train_forest - Crit: gini
2019-04-23 10:04:33,777 - INFO - rndforest/train_forest - Shuffle: 1 of 10 | AUC: 0.731
2019-04-23 10:04:35,703 - INFO - rndforest/train_forest - Shuffle: 2 of 10 | AUC: 0.730
2019-04-23 10:04:37,529 - INFO - rndforest/train_forest - Shuffle: 3 of 10 | AUC: 0.737
2019-04-23 10:04:39,351 - INFO - rndforest/train_forest - Shuffle: 4 of 10 | AUC: 0.735
2019-04-23 10:04:41,175 - INFO - rndforest/train_forest - Shuffle: 5 of 10 | AUC: 0.731
2019-04-23 10:04:42,997 - INFO - rndforest/train_forest - Shuffle: 6 of 10 | AUC: 0.737
2019-04-23 10:04:44,824 - INFO - rndforest/train_forest - Shuffle: 7 of 10 | AUC: 0.732
2019-04-23 10:04:46,653 - INFO - rndforest/train_forest - Shuffle: 8 of 10 | AUC: 0.737
2019-04-23 10:04:48,483 - INFO - rndforest/train_forest - Shuffle: 9 of 10 | AUC: 0.744
2019-04-23 10:04:50,311 - INFO - rndforest/train_forest - Shuffle: 10 of 10 | AUC: 0.741
2019-04-23 10:04:50,313 - INFO - rndforest/train_forest - Finished | Mean AUC: 0.74 | Stdev: 0.0046
2019-04-23 10:04:50,675 - INFO - rndforest/evaluate_default_prob - 2 of 15 bins were removed
2019-04-23 10:04:50,723 - INFO - rndforest/evaluate_default_prob - Fit succeded | R2: 0.990
2019-04-23 10:04:50,726 - INFO - bondapp/<module> - ############ 982 ##############
2019-04-23 10:04:50,727 - DEBUG - api/get_investments - Requested for user: Oliver
2019-04-23 10:04:53,559 - DEBUG - api/get_investments - Status Code: 200 - Success
2019-04-23 10:04:53,560 - INFO - api/save_investments - Received Page 1 of 1
2019-04-23 10:04:56,354 - INFO - api/save_investments - Investments saved
2019-04-23 10:04:56,404 - DEBUG - dataprep/clean_data - Number of remaining NaN: 0
2019-04-23 10:04:56,405 - INFO - dataprep/clean_data - Finished Data Cleansing
2019-04-23 10:04:56,518 - DEBUG - api/get_secondarymarket - Requested for user: Oliver
2019-04-23 10:04:56,518 - DEBUG - api/get_secondarymarket - Show Items: True
2019-04-23 10:04:58,156 - DEBUG - api/get_secondarymarket - Status Code: 200 - Success
2019-04-23 10:04:58,156 - INFO - api/get_secondarymarket - Received Page 1 of 1
2019-04-23 10:04:58,168 - INFO - salesmgr/cancel_items - No items to cancel
2019-04-23 10:04:58,174 - INFO - salesmgr/sell_items - No items to sell
2019-04-23 10:04:58,174 - INFO - bondapp/<module> - ############ 983 ##############
2019-04-23 10:04:58,175 - DEBUG - api/get_investments - Requested for user: Richard
2019-04-23 10:05:00,211 - DEBUG - api/get_investments - Status Code: 200 - Success
2019-04-23 10:05:00,212 - INFO - api/save_investments - Received Page 1 of 1
2019-04-23 10:05:03,042 - INFO - api/save_investments - Investments saved
2019-04-23 10:05:03,091 - DEBUG - dataprep/clean_data - Number of remaining NaN: 0
2019-04-23 10:05:03,092 - INFO - dataprep/clean_data - Finished Data Cleansing
2019-04-23 10:05:03,205 - DEBUG - api/get_secondarymarket - Requested for user: Richard
2019-04-23 10:05:03,205 - DEBUG - api/get_secondarymarket - Show Items: True
2019-04-23 10:05:04,968 - DEBUG - api/get_secondarymarket - Status Code: 200 - Success
2019-04-23 10:05:04,969 - INFO - api/get_secondarymarket - Received Page 1 of 1
2019-04-23 10:05:04,980 - INFO - salesmgr/cancel_items - No items to cancel
2019-04-23 10:05:04,986 - INFO - salesmgr/sell_items - No items to sell
2019-04-23 10:05:04,988 - INFO - bondapp/<module> - ############ 984 ##############
2019-04-23 10:05:04,989 - DEBUG - api/get_investments - Requested for user: Niklas
2019-04-23 10:05:11,049 - DEBUG - api/get_investments - Status Code: 200 - Success
2019-04-23 10:05:11,055 - INFO - api/save_investments - Received Page 1 of 1
2019-04-23 10:05:14,059 - INFO - api/save_investments - Investments saved
2019-04-23 10:05:14,121 - DEBUG - dataprep/clean_data - Number of remaining NaN: 0
2019-04-23 10:05:14,122 - INFO - dataprep/clean_data - Finished Data Cleansing
2019-04-23 10:05:14,239 - DEBUG - api/get_secondarymarket - Requested for user: Niklas
2019-04-23 10:05:14,239 - DEBUG - api/get_secondarymarket - Show Items: True
2019-04-23 10:05:16,330 - DEBUG - api/get_secondarymarket - Status Code: 200 - Success
2019-04-23 10:05:16,330 - INFO - api/get_secondarymarket - Received Page 1 of 1
2019-04-23 10:05:16,425 - INFO - salesmgr/cancel_items - No items to cancel
2019-04-23 10:05:16,431 - INFO - salesmgr/sell_items - No items to sell
2019-04-24 08:30:23,634 - DEBUG - api/get_publicdataset - Requested for user: Oliver
2019-04-24 08:30:36,270 - DEBUG - api/get_publicdataset - Status Code: 200 - Success
2019-04-24 08:30:36,302 - INFO - api/save_publicdataset - Received Page 1 of 9
2019-04-24 08:30:36,303 - DEBUG - api/get_publicdataset - Requested for user: Oliver
2019-04-24 08:30:47,477 - DEBUG - api/get_publicdataset - Status Code: 200 - Success
2019-04-24 08:30:48,577 - INFO - api/save_publicdataset - Received Page 2 of 9
2019-04-24 08:30:48,578 - DEBUG - api/get_publicdataset - Requested for user: Oliver
2019-04-24 08:31:00,400 - DEBUG - api/get_publicdataset - Status Code: 200 - Success
2019-04-24 08:31:01,681 - INFO - api/save_publicdataset - Received Page 3 of 9
2019-04-24 08:31:01,682 - DEBUG - api/get_publicdataset - Requested for user: Oliver
2019-04-24 08:31:15,612 - DEBUG - api/get_publicdataset - Status Code: 200 - Success
2019-04-24 08:31:16,935 - INFO - api/save_publicdataset - Received Page 4 of 9
2019-04-24 08:31:16,935 - DEBUG - api/get_publicdataset - Requested for user: Oliver
2019-04-24 08:31:29,935 - DEBUG - api/get_publicdataset - Status Code: 200 - Success
2019-04-24 08:31:31,302 - INFO - api/save_publicdataset - Received Page 5 of 9
2019-04-24 08:31:31,303 - DEBUG - api/get_publicdataset - Requested for user: Oliver
2019-04-24 08:31:43,738 - DEBUG - api/get_publicdataset - Status Code: 200 - Success
2019-04-24 08:31:45,263 - INFO - api/save_publicdataset - Received Page 6 of 9
2019-04-24 08:31:45,263 - DEBUG - api/get_publicdataset - Requested for user: Oliver
2019-04-24 08:31:58,363 - DEBUG - api/get_publicdataset - Status Code: 200 - Success
2019-04-24 08:31:59,966 - INFO - api/save_publicdataset - Received Page 7 of 9
2019-04-24 08:31:59,967 - DEBUG - api/get_publicdataset - Requested for user: Oliver
2019-04-24 08:32:13,018 - DEBUG - api/get_publicdataset - Status Code: 200 - Success
2019-04-24 08:32:14,585 - INFO - api/save_publicdataset - Received Page 8 of 9
2019-04-24 08:32:14,586 - DEBUG - api/get_publicdataset - Requested for user: Oliver
2019-04-24 08:32:22,942 - DEBUG - api/get_publicdataset - Status Code: 200 - Success
2019-04-24 08:32:24,571 - INFO - api/save_publicdataset - Received Page 9 of 9
2019-04-24 08:32:32,367 - INFO - api/save_publicdataset - Public Data set saved
2019-04-24 08:32:32,949 - INFO - dataprep/clean_data - 10.96 % time filtered
2019-04-24 08:32:33,022 - INFO - dataprep/clean_data - 3.06 % NaN filtered
2019-04-24 08:32:33,116 - DEBUG - dataprep/clean_data - Number of remaining NaN: 0
2019-04-24 08:32:33,128 - INFO - dataprep/clean_data - 45.02 % of credits defaulted
2019-04-24 08:32:33,138 - INFO - dataprep/clean_data - Finished Data Cleansing
2019-04-24 08:32:33,172 - INFO - rndforest/train_forest - Train Random Forest with:
2019-04-24 08:32:33,174 - INFO - rndforest/train_forest - No of Trees: 122
2019-04-24 08:32:33,175 - INFO - rndforest/train_forest - Max Depth: 30
2019-04-24 08:32:33,176 - INFO - rndforest/train_forest - Min Leaf Size: 2500
2019-04-24 08:32:33,177 - INFO - rndforest/train_forest - Min Sample Split: 1000
2019-04-24 08:32:33,178 - INFO - rndforest/train_forest - Crit: gini
2019-04-24 08:32:35,278 - INFO - rndforest/train_forest - Shuffle: 1 of 10 | AUC: 0.741
2019-04-24 08:32:37,307 - INFO - rndforest/train_forest - Shuffle: 2 of 10 | AUC: 0.727
2019-04-24 08:32:39,234 - INFO - rndforest/train_forest - Shuffle: 3 of 10 | AUC: 0.727
2019-04-24 08:32:41,267 - INFO - rndforest/train_forest - Shuffle: 4 of 10 | AUC: 0.729
2019-04-24 08:32:43,403 - INFO - rndforest/train_forest - Shuffle: 5 of 10 | AUC: 0.734
2019-04-24 08:32:45,565 - INFO - rndforest/train_forest - Shuffle: 6 of 10 | AUC: 0.732
2019-04-24 08:32:47,599 - INFO - rndforest/train_forest - Shuffle: 7 of 10 | AUC: 0.733
2019-04-24 08:32:49,534 - INFO - rndforest/train_forest - Shuffle: 8 of 10 | AUC: 0.728
2019-04-24 08:32:51,671 - INFO - rndforest/train_forest - Shuffle: 9 of 10 | AUC: 0.727
2019-04-24 08:32:53,702 - INFO - rndforest/train_forest - Shuffle: 10 of 10 | AUC: 0.737
2019-04-24 08:32:53,704 - INFO - rndforest/train_forest - Finished | Mean AUC: 0.73 | Stdev: 0.0048
2019-04-24 08:32:54,054 - INFO - rndforest/evaluate_default_prob - 1 of 15 bins were removed
2019-04-24 08:32:54,103 - INFO - rndforest/evaluate_default_prob - Fit succeded | R2: 0.989
2019-04-24 08:32:54,106 - INFO - bondapp/<module> - ############ 982 ##############
2019-04-24 08:32:54,108 - DEBUG - api/get_investments - Requested for user: Oliver
2019-04-24 08:32:56,714 - DEBUG - api/get_investments - Status Code: 200 - Success
2019-04-24 08:32:56,715 - INFO - api/save_investments - Received Page 1 of 1
2019-04-24 08:32:59,666 - INFO - api/save_investments - Investments saved
2019-04-24 08:32:59,717 - DEBUG - dataprep/clean_data - Number of remaining NaN: 0
2019-04-24 08:32:59,718 - INFO - dataprep/clean_data - Finished Data Cleansing
2019-04-24 08:32:59,832 - DEBUG - api/get_secondarymarket - Requested for user: Oliver
2019-04-24 08:32:59,832 - DEBUG - api/get_secondarymarket - Show Items: True
2019-04-24 08:33:01,842 - DEBUG - api/get_secondarymarket - Status Code: 200 - Success
2019-04-24 08:33:01,842 - INFO - api/get_secondarymarket - Received Page 1 of 1
2019-04-24 08:33:01,855 - DEBUG - api/post_cancelitem - Requested for user: Oliver
2019-04-24 08:33:03,208 - DEBUG - api/post_cancelitem - Status Code: 202 - Success
2019-04-24 08:33:03,208 - INFO - api/post_cancelitem - Canceled 20 credits
2019-04-24 08:33:03,217 - DEBUG - api/post_sellitems - Requested for user: Oliver
2019-04-24 08:33:05,143 - WARNING - api/post_sellitems - Status Code: 409 - Failed
2019-04-24 08:33:05,144 - INFO - bondapp/<module> - ############ 983 ##############
2019-04-24 08:33:05,146 - DEBUG - api/get_investments - Requested for user: Richard
2019-04-24 08:33:07,719 - DEBUG - api/get_investments - Status Code: 200 - Success
2019-04-24 08:33:07,721 - INFO - api/save_investments - Received Page 1 of 1
2019-04-24 08:33:10,776 - INFO - api/save_investments - Investments saved
2019-04-24 08:33:10,831 - DEBUG - dataprep/clean_data - Number of remaining NaN: 0
2019-04-24 08:33:10,832 - INFO - dataprep/clean_data - Finished Data Cleansing
2019-04-24 08:33:10,944 - DEBUG - api/get_secondarymarket - Requested for user: Richard
2019-04-24 08:33:10,945 - DEBUG - api/get_secondarymarket - Show Items: True
2019-04-24 08:33:12,791 - DEBUG - api/get_secondarymarket - Status Code: 200 - Success
2019-04-24 08:33:12,791 - INFO - api/get_secondarymarket - Received Page 1 of 1
2019-04-24 08:33:12,803 - DEBUG - api/post_cancelitem - Requested for user: Richard
2019-04-24 08:33:14,323 - DEBUG - api/post_cancelitem - Status Code: 202 - Success
2019-04-24 08:33:14,323 - INFO - api/post_cancelitem - Canceled 20 credits
2019-04-24 08:33:14,332 - DEBUG - api/post_sellitems - Requested for user: Richard
2019-04-24 08:33:15,748 - WARNING - api/post_sellitems - Status Code: 409 - Failed
2019-04-24 08:33:15,749 - INFO - bondapp/<module> - ############ 984 ##############
2019-04-24 08:33:15,750 - DEBUG - api/get_investments - Requested for user: Niklas
2019-04-24 08:33:21,254 - DEBUG - api/get_investments - Status Code: 200 - Success
2019-04-24 08:33:21,259 - INFO - api/save_investments - Received Page 1 of 1
2019-04-24 08:33:24,340 - INFO - api/save_investments - Investments saved
2019-04-24 08:33:24,394 - DEBUG - dataprep/clean_data - Number of remaining NaN: 0
2019-04-24 08:33:24,394 - INFO - dataprep/clean_data - Finished Data Cleansing
2019-04-24 08:33:24,512 - DEBUG - api/get_secondarymarket - Requested for user: Niklas
2019-04-24 08:33:24,512 - DEBUG - api/get_secondarymarket - Show Items: True
2019-04-24 08:33:27,119 - DEBUG - api/get_secondarymarket - Status Code: 200 - Success
2019-04-24 08:33:27,119 - INFO - api/get_secondarymarket - Received Page 1 of 1
2019-04-24 08:33:27,240 - DEBUG - api/post_cancelitem - Requested for user: Niklas
2019-04-24 08:33:28,865 - DEBUG - api/post_cancelitem - Status Code: 202 - Success
2019-04-24 08:33:28,865 - INFO - api/post_cancelitem - Canceled 100 credits
2019-04-24 08:33:28,866 - DEBUG - api/post_cancelitem - Requested for user: Niklas
2019-04-24 08:33:30,461 - DEBUG - api/post_cancelitem - Status Code: 202 - Success
2019-04-24 08:33:30,461 - INFO - api/post_cancelitem - Canceled 100 credits
2019-04-24 08:33:30,463 - DEBUG - api/post_cancelitem - Requested for user: Niklas
2019-04-24 08:33:31,724 - DEBUG - api/post_cancelitem - Status Code: 202 - Success
2019-04-24 08:33:31,724 - INFO - api/post_cancelitem - Canceled 100 credits
2019-04-24 08:33:31,726 - DEBUG - api/post_cancelitem - Requested for user: Niklas
2019-04-24 08:33:33,083 - DEBUG - api/post_cancelitem - Status Code: 202 - Success
2019-04-24 08:33:33,083 - INFO - api/post_cancelitem - Canceled 100 credits
2019-04-24 08:33:33,085 - DEBUG - api/post_cancelitem - Requested for user: Niklas
2019-04-24 08:33:34,292 - DEBUG - api/post_cancelitem - Status Code: 202 - Success
2019-04-24 08:33:34,292 - INFO - api/post_cancelitem - Canceled 97 credits
2019-04-24 08:33:34,301 - DEBUG - api/post_sellitems - Requested for user: Niklas
2019-04-24 08:33:36,519 - DEBUG - api/post_sellitems - Status Code: 202 - Success
2019-04-24 08:33:36,519 - INFO - api/post_sellitems - Sold 100 credits
2019-04-24 08:33:36,522 - DEBUG - api/post_sellitems - Requested for user: Niklas
2019-04-24 08:33:39,119 - DEBUG - api/post_sellitems - Status Code: 202 - Success
2019-04-24 08:33:39,119 - INFO - api/post_sellitems - Sold 100 credits
2019-04-24 08:33:39,122 - DEBUG - api/post_sellitems - Requested for user: Niklas
2019-04-24 08:33:40,574 - WARNING - api/post_sellitems - Status Code: 409 - Failed
2019-04-24 08:33:40,578 - DEBUG - api/post_sellitems - Requested for user: Niklas
2019-04-24 08:33:41,844 - WARNING - api/post_sellitems - Status Code: 409 - Failed
2019-04-24 08:33:41,848 - DEBUG - api/post_sellitems - Requested for user: Niklas
2019-04-24 08:33:43,407 - WARNING - api/post_sellitems - Status Code: 409 - Failed
2019-04-24 08:33:43,410 - DEBUG - api/post_sellitems - Requested for user: Niklas
2019-04-24 08:33:44,999 - DEBUG - api/post_sellitems - Status Code: 202 - Success
2019-04-24 08:33:44,999 - INFO - api/post_sellitems - Sold 18 credits
2019-04-24 08:42:51,458 - INFO - api/save_publicdataset - Loandataset already exists for today
2019-04-24 08:42:54,110 - INFO - dataprep/load_data - Loaded Data: 86.1k credits
2019-04-24 08:42:54,362 - INFO - dataprep/clean_data - 10.96 % time filtered
2019-04-24 08:42:54,405 - INFO - dataprep/clean_data - 3.06 % NaN filtered
2019-04-24 08:42:54,475 - DEBUG - dataprep/clean_data - Number of remaining NaN: 0
2019-04-24 08:42:54,481 - INFO - dataprep/clean_data - 45.02 % of credits defaulted
2019-04-24 08:42:54,491 - INFO - dataprep/clean_data - Finished Data Cleansing
2019-04-24 08:42:54,515 - INFO - rndforest/train_forest - Train Random Forest with:
2019-04-24 08:42:54,517 - INFO - rndforest/train_forest - No of Trees: 122
2019-04-24 08:42:54,518 - INFO - rndforest/train_forest - Max Depth: 30
2019-04-24 08:42:54,519 - INFO - rndforest/train_forest - Min Leaf Size: 2500
2019-04-24 08:42:54,519 - INFO - rndforest/train_forest - Min Sample Split: 1000
2019-04-24 08:42:54,520 - INFO - rndforest/train_forest - Crit: gini
2019-04-24 08:42:56,370 - INFO - rndforest/train_forest - Shuffle: 1 of 10 | AUC: 0.730
2019-04-24 08:42:58,194 - INFO - rndforest/train_forest - Shuffle: 2 of 10 | AUC: 0.734
2019-04-24 08:43:00,017 - INFO - rndforest/train_forest - Shuffle: 3 of 10 | AUC: 0.735
2019-04-24 08:43:01,840 - INFO - rndforest/train_forest - Shuffle: 4 of 10 | AUC: 0.727
2019-04-24 08:43:03,663 - INFO - rndforest/train_forest - Shuffle: 5 of 10 | AUC: 0.735
2019-04-24 08:43:05,489 - INFO - rndforest/train_forest - Shuffle: 6 of 10 | AUC: 0.726
2019-04-24 08:43:07,318 - INFO - rndforest/train_forest - Shuffle: 7 of 10 | AUC: 0.741
2019-04-24 08:43:09,146 - INFO - rndforest/train_forest - Shuffle: 8 of 10 | AUC: 0.732
2019-04-24 08:43:10,974 - INFO - rndforest/train_forest - Shuffle: 9 of 10 | AUC: 0.734
2019-04-24 08:43:12,797 - INFO - rndforest/train_forest - Shuffle: 10 of 10 | AUC: 0.729
2019-04-24 08:43:12,799 - INFO - rndforest/train_forest - Finished | Mean AUC: 0.73 | Stdev: 0.0045
2019-04-24 08:43:13,148 - INFO - rndforest/evaluate_default_prob - 1 of 15 bins were removed
2019-04-24 08:43:13,197 - INFO - rndforest/evaluate_default_prob - Fit succeded | R2: 0.991
2019-04-24 08:43:13,200 - INFO - bondapp/<module> - ############ 982 ##############
2019-04-24 08:43:13,201 - DEBUG - api/get_investments - Requested for user: Oliver
2019-04-24 08:43:15,690 - DEBUG - api/get_investments - Status Code: 200 - Success
2019-04-24 08:43:15,691 - INFO - api/save_investments - Received Page 1 of 1
2019-04-24 08:43:18,485 - INFO - api/save_investments - Investments saved
2019-04-24 08:43:18,534 - DEBUG - dataprep/clean_data - Number of remaining NaN: 0
2019-04-24 08:43:18,534 - INFO - dataprep/clean_data - Finished Data Cleansing
2019-04-24 08:43:18,647 - DEBUG - api/get_secondarymarket - Requested for user: Oliver
2019-04-24 08:43:18,647 - DEBUG - api/get_secondarymarket - Show Items: True
2019-04-24 08:43:20,186 - DEBUG - api/get_secondarymarket - Status Code: 200 - Success
2019-04-24 08:43:20,186 - INFO - api/get_secondarymarket - No items on secondary market
2019-04-24 08:43:20,187 - INFO - salesmgr/cancel_items - No items to cancel
2019-04-24 08:43:20,194 - DEBUG - api/post_sellitems - Requested for user: Oliver
2019-04-24 08:43:21,560 - DEBUG - api/post_sellitems - Status Code: 202 - Success
2019-04-24 08:43:21,560 - INFO - api/post_sellitems - Sold 20 credits
2019-04-24 08:43:21,561 - INFO - bondapp/<module> - ############ 983 ##############
2019-04-24 08:43:21,563 - DEBUG - api/get_investments - Requested for user: Richard
2019-04-24 08:43:24,050 - DEBUG - api/get_investments - Status Code: 200 - Success
2019-04-24 08:43:24,051 - INFO - api/save_investments - Received Page 1 of 1
2019-04-24 08:43:26,882 - INFO - api/save_investments - Investments saved
2019-04-24 08:43:26,930 - DEBUG - dataprep/clean_data - Number of remaining NaN: 0
2019-04-24 08:43:26,931 - INFO - dataprep/clean_data - Finished Data Cleansing
2019-04-24 08:43:27,046 - DEBUG - api/get_secondarymarket - Requested for user: Richard
2019-04-24 08:43:27,046 - DEBUG - api/get_secondarymarket - Show Items: True
2019-04-24 08:43:28,412 - DEBUG - api/get_secondarymarket - Status Code: 200 - Success
2019-04-24 08:43:28,412 - INFO - api/get_secondarymarket - No items on secondary market
2019-04-24 08:43:28,413 - INFO - salesmgr/cancel_items - No items to cancel
2019-04-24 08:43:28,421 - DEBUG - api/post_sellitems - Requested for user: Richard
2019-04-24 08:43:30,467 - DEBUG - api/post_sellitems - Status Code: 202 - Success
2019-04-24 08:43:30,467 - INFO - api/post_sellitems - Sold 20 credits
2019-04-24 08:43:30,468 - INFO - bondapp/<module> - ############ 984 ##############
2019-04-24 08:43:30,469 - DEBUG - api/get_investments - Requested for user: Niklas
2019-04-24 08:43:35,601 - DEBUG - api/get_investments - Status Code: 200 - Success
2019-04-24 08:43:35,606 - INFO - api/save_investments - Received Page 1 of 1
2019-04-24 08:43:38,630 - INFO - api/save_investments - Investments saved
2019-04-24 08:43:38,683 - DEBUG - dataprep/clean_data - Number of remaining NaN: 0
2019-04-24 08:43:38,684 - INFO - dataprep/clean_data - Finished Data Cleansing
2019-04-24 08:43:38,803 - DEBUG - api/get_secondarymarket - Requested for user: Niklas
2019-04-24 08:43:38,804 - DEBUG - api/get_secondarymarket - Show Items: True
2019-04-24 08:43:42,301 - DEBUG - api/get_secondarymarket - Status Code: 200 - Success
2019-04-24 08:43:42,302 - INFO - api/get_secondarymarket - Received Page 1 of 1
2019-04-24 08:43:42,347 - INFO - salesmgr/cancel_items - No items to cancel
2019-04-24 08:43:42,356 - DEBUG - api/post_sellitems - Requested for user: Niklas
2019-04-24 08:43:45,485 - DEBUG - api/post_sellitems - Status Code: 202 - Success
2019-04-24 08:43:45,486 - INFO - api/post_sellitems - Sold 100 credits
2019-04-24 08:43:45,488 - DEBUG - api/post_sellitems - Requested for user: Niklas
2019-04-24 08:43:48,260 - DEBUG - api/post_sellitems - Status Code: 202 - Success
2019-04-24 08:43:48,260 - INFO - api/post_sellitems - Sold 100 credits
2019-04-24 08:43:48,263 - DEBUG - api/post_sellitems - Requested for user: Niklas
2019-04-24 08:43:50,934 - DEBUG - api/post_sellitems - Status Code: 202 - Success
2019-04-24 08:43:50,934 - INFO - api/post_sellitems - Sold 63 credits
