2019-04-23 08:08:06,495 - DEBUG - log/custom_logger - Logging started on: 2019-04-23 08:08:06
2019-04-23 08:08:06,495 - DEBUG - log/custom_logger - ################################
2019-04-23 08:08:06,496 - INFO - api/save_publicdataset - Loandataset already exists for today
2019-04-23 08:08:09,033 - INFO - dataprep/load_data - Loaded Data: 86.0k credits
2019-04-23 08:08:09,367 - INFO - dataprep/clean_data - 10.93 % time filtered
2019-04-23 08:08:09,428 - INFO - dataprep/clean_data - 3.07 % NaN filtered
2019-04-23 08:08:09,496 - DEBUG - dataprep/clean_data - Number of remaining NaN: 0
2019-04-23 08:08:09,503 - INFO - dataprep/clean_data - 45.08 % of credits defaulted
2019-04-23 08:08:09,513 - INFO - dataprep/clean_data - Finished Data Cleansing
2019-04-23 08:08:09,540 - INFO - rndforest/train_forest - Train Random Forest with:
2019-04-23 08:08:09,541 - INFO - rndforest/train_forest - No of Trees: 122
2019-04-23 08:08:09,542 - INFO - rndforest/train_forest - Max Depth: 30
2019-04-23 08:08:09,543 - INFO - rndforest/train_forest - Min Leaf Size: 2500
2019-04-23 08:08:09,544 - INFO - rndforest/train_forest - Min Sample Split: 1000
2019-04-23 08:08:09,544 - INFO - rndforest/train_forest - Crit: gini
2019-04-23 08:08:11,594 - INFO - rndforest/train_forest - Shuffle: 1 of 10 | AUC: 0.738
2019-04-23 08:08:13,520 - INFO - rndforest/train_forest - Shuffle: 2 of 10 | AUC: 0.731
2019-04-23 08:08:15,345 - INFO - rndforest/train_forest - Shuffle: 3 of 10 | AUC: 0.732
2019-04-23 08:08:17,169 - INFO - rndforest/train_forest - Shuffle: 4 of 10 | AUC: 0.736
2019-04-23 08:08:18,992 - INFO - rndforest/train_forest - Shuffle: 5 of 10 | AUC: 0.729
2019-04-23 08:08:20,814 - INFO - rndforest/train_forest - Shuffle: 6 of 10 | AUC: 0.736
2019-04-23 08:08:22,637 - INFO - rndforest/train_forest - Shuffle: 7 of 10 | AUC: 0.735
2019-04-23 08:08:24,460 - INFO - rndforest/train_forest - Shuffle: 8 of 10 | AUC: 0.744
2019-04-23 08:08:26,282 - INFO - rndforest/train_forest - Shuffle: 9 of 10 | AUC: 0.743
2019-04-23 08:08:28,106 - INFO - rndforest/train_forest - Shuffle: 10 of 10 | AUC: 0.733
2019-04-23 08:08:28,108 - INFO - rndforest/train_forest - Finished | Mean AUC: 0.74 | Stdev: 0.0049
2019-04-23 08:08:28,465 - INFO - rndforest/evaluate_default_prob - 2 of 15 bins were removed
2019-04-23 08:08:28,513 - INFO - rndforest/evaluate_default_prob - Fit succeded | R2: 0.992
2019-04-23 08:08:28,516 - INFO - bondapp/<module> - ############ 982 ##############
2019-04-23 08:08:28,518 - DEBUG - api/get_investments - Requested for user: Oliver
2019-04-23 08:08:30,482 - DEBUG - api/get_investments - Status Code: 200 - Success
2019-04-23 08:08:30,483 - INFO - api/save_investments - Received Page 1 of 1
2019-04-23 08:08:33,124 - INFO - api/save_investments - Investments saved
2019-04-23 08:08:33,173 - DEBUG - dataprep/clean_data - Number of remaining NaN: 0
2019-04-23 08:08:33,173 - INFO - dataprep/clean_data - Finished Data Cleansing
2019-04-23 08:08:33,287 - DEBUG - api/get_secondarymarket - Requested for user: Oliver
2019-04-23 08:08:33,287 - DEBUG - api/get_secondarymarket - Show Items: True
2019-04-23 08:08:36,159 - DEBUG - api/get_secondarymarket - Status Code: 200 - Success
2019-04-23 08:08:36,160 - INFO - api/get_secondarymarket - Received Page 1 of 1
2019-04-23 08:08:36,218 - DEBUG - api/post_cancelitem - Requested for user: Oliver
2019-04-23 08:09:33,605 - DEBUG - api/post_cancelitem - Requested for user: Oliver
2019-04-23 08:09:34,122 - WARNING - api/post_cancelitem - Status Code: 409 - Failed
2019-04-23 08:10:28,566 - DEBUG - api/post_cancelitem - Requested for user: Oliver
2019-04-23 08:10:28,814 - WARNING - api/post_cancelitem - Status Code: 409 - Failed
2019-04-23 08:13:51,837 - DEBUG - api/get_secondarymarket - Requested for user: Oliver
2019-04-23 08:13:51,837 - DEBUG - api/get_secondarymarket - Show Items: True
2019-04-23 08:13:52,692 - DEBUG - api/get_secondarymarket - Status Code: 200 - Success
2019-04-23 08:13:52,692 - INFO - api/get_secondarymarket - Received Page 1 of 1
2019-04-23 08:16:05,450 - DEBUG - api/get_secondarymarket - Requested for user: Oliver
2019-04-23 08:16:05,450 - DEBUG - api/get_secondarymarket - Show Items: True
2019-04-23 08:16:07,001 - DEBUG - api/get_secondarymarket - Status Code: 200 - Success
2019-04-23 08:16:07,001 - INFO - api/get_secondarymarket - Received Page 1 of 1
2019-04-23 08:16:19,563 - INFO - salesmgr/cancel_items - No items to cancel
