2019-04-25 18:14:30,485 - DEBUG - log/custom_logger - Logging started on: 2019-04-25 18:14:30
2019-04-25 18:14:30,485 - DEBUG - log/custom_logger - ################################
2019-04-25 18:14:30,485 - INFO - api/save_publicdataset - Loandataset already exists for today
2019-04-25 18:14:33,248 - INFO - dataprep/load_data - Loaded Data: 86.3k credits
2019-04-25 18:14:33,619 - INFO - dataprep/clean_data - 10.92 % time filtered
2019-04-25 18:14:33,685 - INFO - dataprep/clean_data - 3.06 % NaN filtered
2019-04-25 18:14:33,776 - DEBUG - dataprep/clean_data - Number of remaining NaN: 0
2019-04-25 18:14:33,790 - INFO - dataprep/clean_data - 32.80 % of credits defaulted
2019-04-25 18:14:33,800 - INFO - dataprep/clean_data - Finished Data Cleansing
2019-04-25 18:14:33,835 - DEBUG - rndforest/train_forest - Train Random Forest with:
2019-04-25 18:14:33,835 - DEBUG - rndforest/train_forest - No of Trees: 122
2019-04-25 18:14:33,835 - DEBUG - rndforest/train_forest - Max Depth: 30
2019-04-25 18:14:33,835 - DEBUG - rndforest/train_forest - Min Leaf Size: 2500
2019-04-25 18:14:33,835 - DEBUG - rndforest/train_forest - Min Sample Split: 1000
2019-04-25 18:14:33,835 - DEBUG - rndforest/train_forest - Crit: gini
2019-04-25 18:14:36,105 - INFO - rndforest/train_forest - Shuffle: 1 of 10 | AUC: 0.779
2019-04-25 18:14:38,326 - INFO - rndforest/train_forest - Shuffle: 2 of 10 | AUC: 0.783
2019-04-25 18:14:40,486 - INFO - rndforest/train_forest - Shuffle: 3 of 10 | AUC: 0.768
2019-04-25 18:14:42,725 - INFO - rndforest/train_forest - Shuffle: 4 of 10 | AUC: 0.784
2019-04-25 18:14:44,926 - INFO - rndforest/train_forest - Shuffle: 5 of 10 | AUC: 0.781
2019-04-25 18:14:47,095 - INFO - rndforest/train_forest - Shuffle: 6 of 10 | AUC: 0.778
2019-04-25 18:14:49,239 - INFO - rndforest/train_forest - Shuffle: 7 of 10 | AUC: 0.772
2019-04-25 18:14:51,475 - INFO - rndforest/train_forest - Shuffle: 8 of 10 | AUC: 0.775
2019-04-25 18:14:53,695 - INFO - rndforest/train_forest - Shuffle: 9 of 10 | AUC: 0.777
2019-04-25 18:14:55,845 - INFO - rndforest/train_forest - Shuffle: 10 of 10 | AUC: 0.777
2019-04-25 18:14:56,789 - INFO - rndforest/train_forest - Finished | Mean AUC: 0.78 | Stdev: 0.0049
2019-04-25 18:14:57,216 - INFO - rndforest/evaluate_default_prob - 3 of 16 bins were removed
2019-04-25 18:14:57,275 - INFO - rndforest/evaluate_default_prob - Fit succeded | R2: 0.989
2019-04-25 18:14:57,275 - INFO - bondapp/<module> - ############ 982 ##############
2019-04-25 18:14:57,275 - DEBUG - api/get_investments - Requested for user: Oliver
2019-04-25 18:15:00,599 - DEBUG - api/get_investments - Status Code: 200 - Success
2019-04-25 18:15:00,605 - INFO - api/save_investments - Received Page 1 of 1
2019-04-25 18:15:03,525 - INFO - api/save_investments - Investments saved
2019-04-25 18:15:03,585 - DEBUG - dataprep/clean_data - Number of remaining NaN: 0
2019-04-25 18:15:03,585 - INFO - dataprep/clean_data - Finished Data Cleansing
2019-04-25 18:15:03,705 - DEBUG - api/get_secondarymarket - Requested for user: Oliver
2019-04-25 18:15:03,705 - DEBUG - api/get_secondarymarket - Show Items: True
2019-04-25 18:15:07,035 - DEBUG - api/get_secondarymarket - Status Code: 200 - Success
2019-04-25 18:15:07,035 - INFO - api/get_secondarymarket - No items on secondary market
2019-04-25 18:15:07,035 - INFO - salesmgr/cancel_items - No items to cancel
2019-04-25 18:15:07,045 - DEBUG - api/post_sellitems - Requested for user: Oliver
2019-04-25 18:15:10,185 - DEBUG - api/post_sellitems - Status Code: 202 - Success
2019-04-25 18:15:10,185 - INFO - api/post_sellitems - Sold 13 credits
2019-04-25 18:15:10,185 - INFO - bondapp/<module> - ############ 983 ##############
2019-04-25 18:15:10,185 - DEBUG - api/get_investments - Requested for user: Richard
2019-04-25 18:15:14,694 - DEBUG - api/get_investments - Status Code: 200 - Success
2019-04-25 18:15:14,694 - INFO - api/save_investments - Received Page 1 of 1
2019-04-25 18:15:17,675 - INFO - api/save_investments - Investments saved
2019-04-25 18:15:17,725 - DEBUG - dataprep/clean_data - Number of remaining NaN: 0
2019-04-25 18:15:17,725 - INFO - dataprep/clean_data - Finished Data Cleansing
2019-04-25 18:15:17,865 - DEBUG - api/get_secondarymarket - Requested for user: Richard
2019-04-25 18:15:17,865 - DEBUG - api/get_secondarymarket - Show Items: True
2019-04-25 18:15:21,175 - DEBUG - api/get_secondarymarket - Status Code: 200 - Success
2019-04-25 18:15:21,175 - INFO - api/get_secondarymarket - No items on secondary market
2019-04-25 18:15:21,175 - INFO - salesmgr/cancel_items - No items to cancel
2019-04-25 18:15:21,185 - DEBUG - api/post_sellitems - Requested for user: Richard
2019-04-25 18:15:23,725 - DEBUG - api/post_sellitems - Status Code: 202 - Success
2019-04-25 18:15:23,725 - INFO - api/post_sellitems - Sold 14 credits
2019-04-25 18:15:23,725 - INFO - bondapp/<module> - ############ 984 ##############
2019-04-25 18:15:23,725 - DEBUG - api/get_investments - Requested for user: Niklas
2019-04-25 18:15:31,325 - DEBUG - api/get_investments - Status Code: 200 - Success
2019-04-25 18:15:31,325 - INFO - api/save_investments - Received Page 1 of 1
2019-04-25 18:15:34,605 - INFO - api/save_investments - Investments saved
2019-04-25 18:15:34,676 - DEBUG - dataprep/clean_data - Number of remaining NaN: 0
2019-04-25 18:15:34,676 - INFO - dataprep/clean_data - Finished Data Cleansing
2019-04-25 18:15:34,805 - DEBUG - api/get_secondarymarket - Requested for user: Niklas
2019-04-25 18:15:34,805 - DEBUG - api/get_secondarymarket - Show Items: True
2019-04-25 18:15:38,605 - DEBUG - api/get_secondarymarket - Status Code: 200 - Success
2019-04-25 18:15:38,605 - INFO - api/get_secondarymarket - No items on secondary market
2019-04-25 18:15:38,615 - INFO - salesmgr/cancel_items - No items to cancel
2019-04-25 18:15:38,625 - DEBUG - api/post_sellitems - Requested for user: Niklas
2019-04-25 18:15:42,697 - WARNING - api/post_sellitems - Status Code: 409 - Failed
2019-04-25 18:15:42,704 - WARNING - api/post_sellitems - {'Success': False, 'Errors': [{'Code': 4002, 'Message': 'Investment is not in repayment', 'Details': '46927526-ba8c-402f-a51d-aa350105fa48'}]}
2019-04-25 18:15:42,704 - DEBUG - api/post_sellitems - Requested for user: Niklas
2019-04-25 18:15:48,255 - DEBUG - api/post_sellitems - Status Code: 202 - Success
2019-04-25 18:15:48,255 - INFO - api/post_sellitems - Sold 100 credits
2019-04-25 18:15:48,255 - DEBUG - api/post_sellitems - Requested for user: Niklas
2019-04-25 18:15:52,195 - DEBUG - api/post_sellitems - Status Code: 202 - Success
2019-04-25 18:15:52,195 - INFO - api/post_sellitems - Sold 99 credits
2019-04-25 18:51:54,326 - DEBUG - <ipython-input-6-a043b56e3981>/<module> - Requested for user: Niklas
2019-04-25 18:52:51,748 - DEBUG - <ipython-input-9-f14717d67350>/<module> - Requested for user: Niklas
2019-04-25 18:53:11,494 - DEBUG - <ipython-input-10-07ef98bce548>/<module> - Requested for user: Niklas
2019-04-25 18:55:12,564 - DEBUG - <ipython-input-18-f14717d67350>/<module> - Requested for user: Niklas
2019-04-25 19:20:01,336 - INFO - api/save_publicdataset - Loandataset already exists for today
2019-04-25 19:20:03,811 - INFO - dataprep/load_data - Loaded Data: 86.3k credits
2019-04-25 19:20:04,172 - INFO - dataprep/clean_data - 10.91 % time filtered
2019-04-25 19:20:04,232 - INFO - dataprep/clean_data - 3.06 % NaN filtered
2019-04-25 19:20:04,333 - DEBUG - dataprep/clean_data - Number of remaining NaN: 0
2019-04-25 19:20:04,341 - INFO - dataprep/clean_data - 32.80 % of credits defaulted
2019-04-25 19:20:04,343 - INFO - dataprep/clean_data - Finished Data Cleansing
2019-04-25 19:20:04,373 - DEBUG - rndforest/train_forest - Train Random Forest with:
2019-04-25 19:20:04,373 - DEBUG - rndforest/train_forest - No of Trees: 122
2019-04-25 19:20:04,373 - DEBUG - rndforest/train_forest - Max Depth: 30
2019-04-25 19:20:04,373 - DEBUG - rndforest/train_forest - Min Leaf Size: 2500
2019-04-25 19:20:04,373 - DEBUG - rndforest/train_forest - Min Sample Split: 1000
2019-04-25 19:20:04,373 - DEBUG - rndforest/train_forest - Crit: gini
2019-04-25 19:20:06,245 - INFO - rndforest/train_forest - Shuffle: 1 of 10 | AUC: 0.771
2019-04-25 19:20:08,096 - INFO - rndforest/train_forest - Shuffle: 2 of 10 | AUC: 0.785
2019-04-25 19:20:09,900 - INFO - rndforest/train_forest - Shuffle: 3 of 10 | AUC: 0.769
2019-04-25 19:20:11,758 - INFO - rndforest/train_forest - Shuffle: 4 of 10 | AUC: 0.776
2019-04-25 19:20:13,563 - INFO - rndforest/train_forest - Shuffle: 5 of 10 | AUC: 0.780
2019-04-25 19:20:15,437 - INFO - rndforest/train_forest - Shuffle: 6 of 10 | AUC: 0.781
2019-04-25 19:20:17,325 - INFO - rndforest/train_forest - Shuffle: 7 of 10 | AUC: 0.772
2019-04-25 19:20:19,245 - INFO - rndforest/train_forest - Shuffle: 8 of 10 | AUC: 0.777
2019-04-25 19:20:21,104 - INFO - rndforest/train_forest - Shuffle: 9 of 10 | AUC: 0.780
2019-04-25 19:20:22,971 - INFO - rndforest/train_forest - Shuffle: 10 of 10 | AUC: 0.778
2019-04-25 19:20:23,859 - INFO - rndforest/train_forest - Finished | Mean AUC: 0.78 | Stdev: 0.0050
2019-04-25 19:20:24,222 - INFO - rndforest/evaluate_default_prob - 3 of 16 bins were removed
2019-04-25 19:20:24,269 - INFO - rndforest/evaluate_default_prob - Fit succeded | R2: 0.985
2019-04-25 19:20:24,269 - INFO - bondapp/<module> - ############ 982 ##############
2019-04-25 19:20:24,269 - DEBUG - api/get_investments - Requested for user: Oliver
2019-04-25 19:20:27,624 - DEBUG - api/get_investments - Status Code: 200 - Success
2019-04-25 19:20:27,624 - INFO - api/save_investments - Received Page 1 of 1
2019-04-25 19:20:30,249 - INFO - api/save_investments - Investments saved
2019-04-25 19:20:30,302 - DEBUG - dataprep/clean_data - Number of remaining NaN: 0
2019-04-25 19:20:30,302 - INFO - dataprep/clean_data - Finished Data Cleansing
2019-04-25 19:20:30,423 - DEBUG - api/get_secondarymarket - Requested for user: Oliver
2019-04-25 19:20:30,423 - DEBUG - api/get_secondarymarket - Show Items: True
2019-04-25 19:20:33,469 - DEBUG - api/get_secondarymarket - Status Code: 200 - Success
2019-04-25 19:20:33,469 - INFO - api/get_secondarymarket - Received Page 1 of 1
2019-04-25 19:20:33,485 - INFO - salesmgr/cancel_items - No items to cancel
2019-04-25 19:20:33,485 - INFO - salesmgr/sell_items - No items to sell
2019-04-25 19:20:33,485 - INFO - bondapp/<module> - ############ 983 ##############
2019-04-25 19:20:33,485 - DEBUG - api/get_investments - Requested for user: Richard
2019-04-25 19:20:38,523 - DEBUG - api/get_investments - Status Code: 200 - Success
2019-04-25 19:20:38,523 - INFO - api/save_investments - Received Page 1 of 1
2019-04-25 19:20:41,202 - INFO - api/save_investments - Investments saved
2019-04-25 19:20:41,251 - DEBUG - dataprep/clean_data - Number of remaining NaN: 0
2019-04-25 19:20:41,251 - INFO - dataprep/clean_data - Finished Data Cleansing
2019-04-25 19:20:41,366 - DEBUG - api/get_secondarymarket - Requested for user: Richard
2019-04-25 19:20:41,366 - DEBUG - api/get_secondarymarket - Show Items: True
2019-04-25 19:20:44,809 - DEBUG - api/get_secondarymarket - Status Code: 200 - Success
2019-04-25 19:20:44,809 - INFO - api/get_secondarymarket - Received Page 1 of 1
2019-04-25 19:20:44,809 - INFO - salesmgr/cancel_items - No items to cancel
2019-04-25 19:20:44,825 - INFO - salesmgr/sell_items - No items to sell
2019-04-25 19:20:44,825 - INFO - bondapp/<module> - ############ 984 ##############
2019-04-25 19:20:44,825 - DEBUG - api/get_investments - Requested for user: Niklas
2019-04-25 19:20:50,707 - DEBUG - api/get_investments - Status Code: 200 - Success
2019-04-25 19:20:50,717 - INFO - api/save_investments - Received Page 1 of 1
2019-04-25 19:20:53,596 - INFO - api/save_investments - Investments saved
2019-04-25 19:20:53,656 - DEBUG - dataprep/clean_data - Number of remaining NaN: 0
2019-04-25 19:20:53,656 - INFO - dataprep/clean_data - Finished Data Cleansing
2019-04-25 19:20:53,775 - DEBUG - api/get_secondarymarket - Requested for user: Niklas
2019-04-25 19:20:53,775 - DEBUG - api/get_secondarymarket - Show Items: True
2019-04-25 19:20:57,272 - DEBUG - api/get_secondarymarket - Status Code: 200 - Success
2019-04-25 19:20:57,272 - INFO - api/get_secondarymarket - Received Page 1 of 1
2019-04-25 19:20:57,341 - INFO - salesmgr/cancel_items - No items to cancel
2019-04-25 19:20:57,341 - DEBUG - api/post_sellitems - Requested for user: Niklas
2019-04-25 19:21:05,964 - INFO - api/post_sellitems - 2 credits could not be sold
2019-04-25 19:21:05,964 - DEBUG - api/post_sellitems - Status Code: 202 - Success
2019-04-25 19:21:05,964 - INFO - api/post_sellitems - Sold 87 credits
