2019-04-22 09:37:14,550 - DEBUG - log/custom_logger - Logging started on: 2019-04-22 09:37:14
2019-04-22 09:37:14,550 - DEBUG - log/custom_logger - ################################
2019-04-22 09:37:14,550 - INFO - api/save_publicdataset - Loandataset already exists for today
2019-04-22 09:37:17,026 - INFO - dataprep/load_data - Loaded Data: 85.8k credits
2019-04-22 09:37:17,274 - INFO - dataprep/clean_data - 10.91 % time filtered
2019-04-22 09:37:17,318 - INFO - dataprep/clean_data - 3.08 % NaN filtered
2019-04-22 09:37:17,383 - DEBUG - dataprep/clean_data - Number of remaining NaN: 0
2019-04-22 09:37:17,424 - INFO - dataprep/clean_data - 45.13 % of credits defaulted
2019-04-22 09:37:17,434 - INFO - dataprep/clean_data - Finished Data Cleansing
2019-04-22 09:37:17,458 - INFO - rndforest/train_forest - Train Random Forest with:
2019-04-22 09:37:17,460 - INFO - rndforest/train_forest - No of Trees: 122
2019-04-22 09:37:17,461 - INFO - rndforest/train_forest - Max Depth: 30
2019-04-22 09:37:17,462 - INFO - rndforest/train_forest - Min Leaf Size: 2500
2019-04-22 09:37:17,463 - INFO - rndforest/train_forest - Min Sample Split: 1000
2019-04-22 09:37:17,464 - INFO - rndforest/train_forest - Crit: gini
2019-04-22 09:37:19,299 - INFO - rndforest/train_forest - Shuffle: 1 of 10 | AUC: 0.725
2019-04-22 09:37:21,122 - INFO - rndforest/train_forest - Shuffle: 2 of 10 | AUC: 0.731
2019-04-22 09:37:22,946 - INFO - rndforest/train_forest - Shuffle: 3 of 10 | AUC: 0.730
2019-04-22 09:37:24,879 - INFO - rndforest/train_forest - Shuffle: 4 of 10 | AUC: 0.722
2019-04-22 09:37:26,807 - INFO - rndforest/train_forest - Shuffle: 5 of 10 | AUC: 0.731
2019-04-22 09:37:28,629 - INFO - rndforest/train_forest - Shuffle: 6 of 10 | AUC: 0.738
2019-04-22 09:37:30,453 - INFO - rndforest/train_forest - Shuffle: 7 of 10 | AUC: 0.730
2019-04-22 09:37:32,376 - INFO - rndforest/train_forest - Shuffle: 8 of 10 | AUC: 0.738
2019-04-22 09:37:34,198 - INFO - rndforest/train_forest - Shuffle: 9 of 10 | AUC: 0.731
2019-04-22 09:37:36,020 - INFO - rndforest/train_forest - Shuffle: 10 of 10 | AUC: 0.736
2019-04-22 09:37:36,022 - INFO - rndforest/train_forest - Finished | Mean AUC: 0.73 | Stdev: 0.0051
2019-04-22 09:37:36,378 - INFO - rndforest/evaluate_default_prob - 1 of 15 bins were removed
2019-04-22 09:37:36,427 - INFO - rndforest/evaluate_default_prob - Fit succeded | R2: 0.993
2019-04-22 09:37:36,430 - INFO - api/save_investments - Loandataset already exists for today
2019-04-22 09:37:36,506 - INFO - dataprep/load_data - Loaded Data: 2.1k credits
2019-04-22 09:37:36,526 - DEBUG - dataprep/clean_data - Number of remaining NaN: 0
2019-04-22 09:37:36,527 - INFO - dataprep/clean_data - Finished Data Cleansing
2019-04-22 09:37:36,641 - DEBUG - api/get_secondarymarket - Requested for user: Niklas
2019-04-22 09:37:36,641 - DEBUG - api/get_secondarymarket - Show Items: True
2019-04-22 09:37:37,562 - DEBUG - api/get_secondarymarket - Status Code: 200 - Success
2019-04-22 09:37:37,562 - INFO - api/get_secondarymarket - Received Page 1 of 0
2019-04-22 09:37:37,563 - INFO - salesmgr/cancel_items - No items to cancel
2019-04-22 09:37:37,613 - DEBUG - api/post_sellitems - Requested for user: Niklas
2019-04-22 09:37:37,837 - WARNING - api/post_sellitems - Status Code: 409 - Failed
2019-04-22 09:47:03,513 - DEBUG - <ipython-input-12-9349c5fe0e44>/<module> - Requested for user: Niklas
2019-04-22 13:09:25,707 - DEBUG - <ipython-input-14-9349c5fe0e44>/<module> - Requested for user: Niklas
2019-04-22 13:14:43,916 - INFO - api/save_investments - Loandataset already exists for today
2019-04-22 13:14:43,997 - INFO - dataprep/load_data - Loaded Data: 2.1k credits
2019-04-22 13:14:44,018 - DEBUG - dataprep/clean_data - Number of remaining NaN: 0
2019-04-22 13:14:44,019 - INFO - dataprep/clean_data - Finished Data Cleansing
2019-04-22 17:26:46,414 - INFO - api/save_investments - Loandataset already exists for today
2019-04-22 17:26:46,495 - INFO - dataprep/load_data - Loaded Data: 2.1k credits
2019-04-22 17:26:46,516 - DEBUG - dataprep/clean_data - Number of remaining NaN: 0
2019-04-22 17:26:46,517 - INFO - dataprep/clean_data - Finished Data Cleansing
2019-04-22 17:28:01,997 - DEBUG - api/get_secondarymarket - Requested for user: Niklas
2019-04-22 17:28:01,998 - DEBUG - api/get_secondarymarket - Show Items: True
2019-04-22 17:28:02,724 - DEBUG - api/get_secondarymarket - Status Code: 200 - Success
2019-04-22 17:28:02,725 - INFO - api/get_secondarymarket - No items on secondary market
2019-04-22 17:28:15,195 - INFO - salesmgr/cancel_items - No items to cancel
2019-04-22 17:33:04,072 - DEBUG - api/get_investments - Requested for user: Niklas
2019-04-22 17:33:09,178 - DEBUG - api/get_investments - Status Code: 200 - Success
2019-04-22 17:33:09,185 - DEBUG - api/get_investments - Requested for user: Niklas
2019-04-22 17:33:09,401 - WARNING - api/get_investments - Status Code: 429 - Failed
2019-04-22 17:33:09,402 - DEBUG - api/get_investments - Requested for user: Niklas
2019-04-22 17:33:09,624 - WARNING - api/get_investments - Status Code: 429 - Failed
2019-04-22 17:33:09,625 - DEBUG - api/get_investments - Requested for user: Niklas
2019-04-22 17:33:09,910 - WARNING - api/get_investments - Status Code: 429 - Failed
2019-04-22 17:34:23,079 - DEBUG - api/get_investments - Requested for user: Niklas
2019-04-22 17:34:31,405 - DEBUG - api/get_investments - Status Code: 200 - Success
2019-04-22 17:35:07,868 - DEBUG - api/get_investments - Requested for user: Niklas
2019-04-22 17:35:08,622 - WARNING - api/get_investments - Status Code: 429 - Failed
2019-04-22 17:35:17,876 - DEBUG - api/get_investments - Requested for user: Niklas
2019-04-22 17:35:18,219 - WARNING - api/get_investments - Status Code: 429 - Failed
2019-04-22 17:36:03,187 - DEBUG - api/get_investments - Requested for user: Niklas
2019-04-22 17:36:04,207 - DEBUG - api/get_investments - Status Code: 200 - Success
2019-04-22 17:38:10,650 - DEBUG - api/get_investments - Requested for user: Niklas
2019-04-22 17:38:19,932 - DEBUG - api/get_investments - Status Code: 200 - Success
2019-04-22 17:43:52,675 - DEBUG - api/get_secondarymarket - Requested for user: Niklas
2019-04-22 17:43:52,676 - DEBUG - api/get_secondarymarket - Show Items: True
2019-04-22 17:43:53,596 - DEBUG - api/get_secondarymarket - Status Code: 200 - Success
2019-04-22 17:43:53,596 - INFO - api/get_secondarymarket - No items on secondary market
2019-04-22 17:43:53,597 - INFO - salesmgr/cancel_items - No items to cancel
2019-04-22 17:45:27,725 - DEBUG - api/post_sellitems - Requested for user: Niklas
2019-04-22 17:45:28,296 - WARNING - api/post_sellitems - Status Code: 409 - Failed
2019-04-22 17:47:23,892 - DEBUG - <ipython-input-52-19795c4b310d>/<module> - Requested for user: Niklas
2019-04-22 17:58:31,702 - INFO - api/save_publicdataset - Loandataset already exists for today
2019-04-22 17:58:34,202 - INFO - dataprep/load_data - Loaded Data: 85.8k credits
2019-04-22 17:58:34,505 - INFO - dataprep/clean_data - 10.80 % time filtered
2019-04-22 17:58:34,549 - INFO - dataprep/clean_data - 3.08 % NaN filtered
2019-04-22 17:58:34,612 - DEBUG - dataprep/clean_data - Number of remaining NaN: 0
2019-04-22 17:58:34,619 - INFO - dataprep/clean_data - 45.08 % of credits defaulted
2019-04-22 17:58:34,629 - INFO - dataprep/clean_data - Finished Data Cleansing
2019-04-22 17:58:34,660 - INFO - rndforest/train_forest - Train Random Forest with:
2019-04-22 17:58:34,662 - INFO - rndforest/train_forest - No of Trees: 122
2019-04-22 17:58:34,663 - INFO - rndforest/train_forest - Max Depth: 30
2019-04-22 17:58:34,664 - INFO - rndforest/train_forest - Min Leaf Size: 2500
2019-04-22 17:58:34,665 - INFO - rndforest/train_forest - Min Sample Split: 1000
2019-04-22 17:58:34,666 - INFO - rndforest/train_forest - Crit: gini
2019-04-22 17:58:36,500 - INFO - rndforest/train_forest - Shuffle: 1 of 10 | AUC: 0.728
2019-04-22 17:58:38,322 - INFO - rndforest/train_forest - Shuffle: 2 of 10 | AUC: 0.731
2019-04-22 17:58:40,143 - INFO - rndforest/train_forest - Shuffle: 3 of 10 | AUC: 0.743
2019-04-22 17:58:41,964 - INFO - rndforest/train_forest - Shuffle: 4 of 10 | AUC: 0.728
2019-04-22 17:58:43,787 - INFO - rndforest/train_forest - Shuffle: 5 of 10 | AUC: 0.734
2019-04-22 17:58:45,611 - INFO - rndforest/train_forest - Shuffle: 6 of 10 | AUC: 0.729
2019-04-22 17:58:47,432 - INFO - rndforest/train_forest - Shuffle: 7 of 10 | AUC: 0.727
2019-04-22 17:58:49,254 - INFO - rndforest/train_forest - Shuffle: 8 of 10 | AUC: 0.728
2019-04-22 17:58:51,076 - INFO - rndforest/train_forest - Shuffle: 9 of 10 | AUC: 0.729
2019-04-22 17:58:52,898 - INFO - rndforest/train_forest - Shuffle: 10 of 10 | AUC: 0.734
2019-04-22 17:58:52,900 - INFO - rndforest/train_forest - Finished | Mean AUC: 0.73 | Stdev: 0.0049
2019-04-22 17:58:53,248 - INFO - rndforest/evaluate_default_prob - 2 of 15 bins were removed
2019-04-22 17:58:53,299 - INFO - rndforest/evaluate_default_prob - Fit succeded | R2: 0.990
2019-04-22 17:58:53,302 - INFO - api/save_investments - Loandataset already exists for today
2019-04-22 17:58:53,379 - INFO - dataprep/load_data - Loaded Data: 2.1k credits
2019-04-22 17:58:53,400 - DEBUG - dataprep/clean_data - Number of remaining NaN: 0
2019-04-22 17:58:53,400 - INFO - dataprep/clean_data - Finished Data Cleansing
2019-04-22 17:58:53,515 - DEBUG - api/get_secondarymarket - Requested for user: Niklas
2019-04-22 17:58:53,515 - DEBUG - api/get_secondarymarket - Show Items: True
2019-04-22 17:58:54,059 - DEBUG - api/get_secondarymarket - Status Code: 200 - Success
2019-04-22 17:58:54,060 - INFO - api/get_secondarymarket - No items on secondary market
2019-04-22 17:58:54,061 - INFO - salesmgr/cancel_items - No items to cancel
