2019-04-22 18:46:19,538 - DEBUG - log/custom_logger - Logging started on: 2019-04-22 18:46:19
2019-04-22 18:46:19,538 - DEBUG - log/custom_logger - ################################
2019-04-22 18:46:19,538 - INFO - api/save_publicdataset - Loandataset already exists for today
2019-04-22 18:46:22,022 - INFO - dataprep/load_data - Loaded Data: 85.8k credits
2019-04-22 18:46:22,269 - INFO - dataprep/clean_data - 10.80 % time filtered
2019-04-22 18:46:22,316 - INFO - dataprep/clean_data - 3.08 % NaN filtered
2019-04-22 18:46:22,380 - DEBUG - dataprep/clean_data - Number of remaining NaN: 0
2019-04-22 18:46:22,387 - INFO - dataprep/clean_data - 45.08 % of credits defaulted
2019-04-22 18:46:22,400 - INFO - dataprep/clean_data - Finished Data Cleansing
2019-04-22 18:46:22,425 - INFO - rndforest/train_forest - Train Random Forest with:
2019-04-22 18:46:22,426 - INFO - rndforest/train_forest - No of Trees: 122
2019-04-22 18:46:22,428 - INFO - rndforest/train_forest - Max Depth: 30
2019-04-22 18:46:22,429 - INFO - rndforest/train_forest - Min Leaf Size: 2500
2019-04-22 18:46:22,429 - INFO - rndforest/train_forest - Min Sample Split: 1000
2019-04-22 18:46:22,430 - INFO - rndforest/train_forest - Crit: gini
2019-04-22 18:46:24,264 - INFO - rndforest/train_forest - Shuffle: 1 of 10 | AUC: 0.730
2019-04-22 18:46:26,090 - INFO - rndforest/train_forest - Shuffle: 2 of 10 | AUC: 0.724
2019-04-22 18:46:28,018 - INFO - rndforest/train_forest - Shuffle: 3 of 10 | AUC: 0.729
2019-04-22 18:46:29,841 - INFO - rndforest/train_forest - Shuffle: 4 of 10 | AUC: 0.731
2019-04-22 18:46:31,767 - INFO - rndforest/train_forest - Shuffle: 5 of 10 | AUC: 0.725
2019-04-22 18:46:33,693 - INFO - rndforest/train_forest - Shuffle: 6 of 10 | AUC: 0.740
2019-04-22 18:46:35,730 - INFO - rndforest/train_forest - Shuffle: 7 of 10 | AUC: 0.735
2019-04-22 18:46:37,989 - INFO - rndforest/train_forest - Shuffle: 8 of 10 | AUC: 0.742
2019-04-22 18:46:39,812 - INFO - rndforest/train_forest - Shuffle: 9 of 10 | AUC: 0.733
2019-04-22 18:46:41,636 - INFO - rndforest/train_forest - Shuffle: 10 of 10 | AUC: 0.727
2019-04-22 18:46:41,638 - INFO - rndforest/train_forest - Finished | Mean AUC: 0.73 | Stdev: 0.0060
2019-04-22 18:46:41,994 - INFO - rndforest/evaluate_default_prob - 1 of 15 bins were removed
2019-04-22 18:46:42,044 - INFO - rndforest/evaluate_default_prob - Fit succeded | R2: 0.992
2019-04-22 18:46:42,048 - DEBUG - api/get_investments - Requested for user: Niklas
2019-04-22 18:46:50,458 - DEBUG - api/get_investments - Status Code: 200 - Success
2019-04-22 18:46:50,464 - INFO - api/save_investments - Received Page 1 of 1
2019-04-22 18:46:53,353 - INFO - api/save_investments - Investments saved
2019-04-22 18:46:53,404 - DEBUG - dataprep/clean_data - Number of remaining NaN: 0
2019-04-22 18:46:53,405 - INFO - dataprep/clean_data - Finished Data Cleansing
2019-04-22 18:46:53,523 - DEBUG - api/get_secondarymarket - Requested for user: Niklas
2019-04-22 18:46:53,523 - DEBUG - api/get_secondarymarket - Show Items: True
2019-04-22 18:46:54,997 - DEBUG - api/get_secondarymarket - Status Code: 200 - Success
2019-04-22 18:46:54,997 - INFO - api/get_secondarymarket - Received Page 1 of 1
2019-04-22 18:46:55,082 - INFO - salesmgr/cancel_items - No items to cancel
