2019-04-21 20:25:13,322 - DEBUG - log/custom_logger - Logging started on: 2019-04-21 20:25:13
2019-04-21 20:25:13,322 - DEBUG - log/custom_logger - ################################
2019-04-21 20:25:13,322 - INFO - api/save_publicdataset - Loandataset already exists for today
2019-04-21 20:25:15,833 - INFO - dataprep/load_data - Loaded Data: 85.7k credits
2019-04-21 20:25:16,082 - INFO - dataprep/clean_data - 10.86 % time filtered
2019-04-21 20:25:16,125 - INFO - dataprep/clean_data - 3.08 % NaN filtered
2019-04-21 20:25:16,189 - DEBUG - dataprep/clean_data - Number of remaining NaN: 0
2019-04-21 20:25:16,196 - INFO - dataprep/clean_data - 45.14 % of credits defaulted
2019-04-21 20:25:16,206 - INFO - dataprep/clean_data - Finished Data Cleansing
2019-04-21 20:25:16,231 - INFO - rndforest/train_forest - Train Random Forest with:
2019-04-21 20:25:16,232 - INFO - rndforest/train_forest - No of Trees: 122
2019-04-21 20:25:16,233 - INFO - rndforest/train_forest - Max Depth: 30
2019-04-21 20:25:16,234 - INFO - rndforest/train_forest - Min Leaf Size: 2500
2019-04-21 20:25:16,235 - INFO - rndforest/train_forest - Min Sample Split: 1000
2019-04-21 20:25:16,236 - INFO - rndforest/train_forest - Crit: gini
2019-04-21 20:25:18,079 - INFO - rndforest/train_forest - Shuffle: 1 of 10 | AUC: 0.738
2019-04-21 20:25:19,903 - INFO - rndforest/train_forest - Shuffle: 2 of 10 | AUC: 0.726
2019-04-21 20:25:21,726 - INFO - rndforest/train_forest - Shuffle: 3 of 10 | AUC: 0.742
2019-04-21 20:25:23,549 - INFO - rndforest/train_forest - Shuffle: 4 of 10 | AUC: 0.738
2019-04-21 20:25:25,372 - INFO - rndforest/train_forest - Shuffle: 5 of 10 | AUC: 0.727
2019-04-21 20:25:27,197 - INFO - rndforest/train_forest - Shuffle: 6 of 10 | AUC: 0.732
2019-04-21 20:25:29,019 - INFO - rndforest/train_forest - Shuffle: 7 of 10 | AUC: 0.729
2019-04-21 20:25:30,841 - INFO - rndforest/train_forest - Shuffle: 8 of 10 | AUC: 0.728
2019-04-21 20:25:32,663 - INFO - rndforest/train_forest - Shuffle: 9 of 10 | AUC: 0.740
2019-04-21 20:25:34,486 - INFO - rndforest/train_forest - Shuffle: 10 of 10 | AUC: 0.746
2019-04-21 20:25:34,488 - INFO - rndforest/train_forest - Finished | Mean AUC: 0.73 | Stdev: 0.0071
2019-04-21 20:25:35,050 - INFO - rndforest/evaluate_default_prob - 2 of 15 bins were removed
2019-04-21 20:25:35,098 - INFO - rndforest/evaluate_default_prob - Fit succeded | R2: 0.992
2019-04-21 20:25:35,102 - INFO - api/save_investments - Loandataset already exists for today
2019-04-21 20:25:35,174 - INFO - dataprep/load_data - Loaded Data: 1.9k credits
2019-04-21 20:25:35,193 - DEBUG - dataprep/clean_data - Number of remaining NaN: 0
2019-04-21 20:25:35,194 - INFO - dataprep/clean_data - Finished Data Cleansing
