2019-04-23 07:58:21,351 - DEBUG - log/custom_logger - Logging started on: 2019-04-23 07:58:21
2019-04-23 07:58:21,352 - DEBUG - log/custom_logger - ################################
2019-04-23 07:58:21,360 - DEBUG - api/get_publicdataset - Requested for user: Oliver
2019-04-23 07:58:32,086 - DEBUG - api/get_publicdataset - Status Code: 200 - Success
2019-04-23 07:58:32,117 - INFO - api/save_publicdataset - Received Page 1 of 9
2019-04-23 07:58:32,122 - DEBUG - api/get_publicdataset - Requested for user: Oliver
2019-04-23 07:58:43,794 - DEBUG - api/get_publicdataset - Status Code: 200 - Success
2019-04-23 07:58:44,897 - INFO - api/save_publicdataset - Received Page 2 of 9
2019-04-23 07:58:44,898 - DEBUG - api/get_publicdataset - Requested for user: Oliver
2019-04-23 07:58:57,368 - DEBUG - api/get_publicdataset - Status Code: 200 - Success
2019-04-23 07:58:58,866 - INFO - api/save_publicdataset - Received Page 3 of 9
2019-04-23 07:58:58,866 - DEBUG - api/get_publicdataset - Requested for user: Oliver
2019-04-23 07:59:10,275 - DEBUG - api/get_publicdataset - Status Code: 200 - Success
2019-04-23 07:59:11,559 - INFO - api/save_publicdataset - Received Page 4 of 9
2019-04-23 07:59:11,560 - DEBUG - api/get_publicdataset - Requested for user: Oliver
2019-04-23 07:59:22,407 - DEBUG - api/get_publicdataset - Status Code: 200 - Success
2019-04-23 07:59:23,755 - INFO - api/save_publicdataset - Received Page 5 of 9
2019-04-23 07:59:23,756 - DEBUG - api/get_publicdataset - Requested for user: Oliver
2019-04-23 07:59:34,083 - DEBUG - api/get_publicdataset - Status Code: 200 - Success
2019-04-23 07:59:35,531 - INFO - api/save_publicdataset - Received Page 6 of 9
2019-04-23 07:59:35,532 - DEBUG - api/get_publicdataset - Requested for user: Oliver
2019-04-23 07:59:47,339 - DEBUG - api/get_publicdataset - Status Code: 200 - Success
2019-04-23 07:59:48,823 - INFO - api/save_publicdataset - Received Page 7 of 9
2019-04-23 07:59:48,824 - DEBUG - api/get_publicdataset - Requested for user: Oliver
2019-04-23 07:59:59,287 - DEBUG - api/get_publicdataset - Status Code: 200 - Success
2019-04-23 08:00:00,849 - INFO - api/save_publicdataset - Received Page 8 of 9
2019-04-23 08:00:00,849 - DEBUG - api/get_publicdataset - Requested for user: Oliver
2019-04-23 08:00:08,876 - DEBUG - api/get_publicdataset - Status Code: 200 - Success
2019-04-23 08:00:10,463 - INFO - api/save_publicdataset - Received Page 9 of 9
2019-04-23 08:00:18,245 - INFO - api/save_publicdataset - Public Data set saved
2019-04-23 08:00:18,835 - INFO - dataprep/clean_data - 10.93 % time filtered
2019-04-23 08:00:18,887 - INFO - dataprep/clean_data - 3.07 % NaN filtered
2019-04-23 08:00:18,955 - DEBUG - dataprep/clean_data - Number of remaining NaN: 0
2019-04-23 08:00:18,962 - INFO - dataprep/clean_data - 45.08 % of credits defaulted
2019-04-23 08:00:18,974 - INFO - dataprep/clean_data - Finished Data Cleansing
2019-04-23 08:00:19,000 - INFO - rndforest/train_forest - Train Random Forest with:
2019-04-23 08:00:19,002 - INFO - rndforest/train_forest - No of Trees: 122
2019-04-23 08:00:19,003 - INFO - rndforest/train_forest - Max Depth: 30
2019-04-23 08:00:19,004 - INFO - rndforest/train_forest - Min Leaf Size: 2500
2019-04-23 08:00:19,005 - INFO - rndforest/train_forest - Min Sample Split: 1000
2019-04-23 08:00:19,006 - INFO - rndforest/train_forest - Crit: gini
2019-04-23 08:00:21,214 - INFO - rndforest/train_forest - Shuffle: 1 of 10 | AUC: 0.723
2019-04-23 08:00:23,355 - INFO - rndforest/train_forest - Shuffle: 2 of 10 | AUC: 0.735
2019-04-23 08:00:25,387 - INFO - rndforest/train_forest - Shuffle: 3 of 10 | AUC: 0.742
2019-04-23 08:00:27,424 - INFO - rndforest/train_forest - Shuffle: 4 of 10 | AUC: 0.732
2019-04-23 08:00:29,356 - INFO - rndforest/train_forest - Shuffle: 5 of 10 | AUC: 0.727
2019-04-23 08:00:31,295 - INFO - rndforest/train_forest - Shuffle: 6 of 10 | AUC: 0.730
2019-04-23 08:00:33,232 - INFO - rndforest/train_forest - Shuffle: 7 of 10 | AUC: 0.729
2019-04-23 08:00:35,056 - INFO - rndforest/train_forest - Shuffle: 8 of 10 | AUC: 0.731
2019-04-23 08:00:36,983 - INFO - rndforest/train_forest - Shuffle: 9 of 10 | AUC: 0.739
2019-04-23 08:00:38,910 - INFO - rndforest/train_forest - Shuffle: 10 of 10 | AUC: 0.739
2019-04-23 08:00:38,913 - INFO - rndforest/train_forest - Finished | Mean AUC: 0.73 | Stdev: 0.0059
2019-04-23 08:00:39,702 - INFO - rndforest/evaluate_default_prob - 2 of 15 bins were removed
2019-04-23 08:00:40,583 - INFO - rndforest/evaluate_default_prob - Fit succeded | R2: 0.991
2019-04-23 08:00:40,587 - DEBUG - api/get_investments - Requested for user: Oliver
2019-04-23 08:00:43,952 - DEBUG - api/get_investments - Status Code: 200 - Success
2019-04-23 08:00:43,953 - INFO - api/save_investments - Received Page 1 of 1
2019-04-23 08:00:46,751 - INFO - api/save_investments - Investments saved
2019-04-23 08:00:46,802 - DEBUG - dataprep/clean_data - Number of remaining NaN: 0
2019-04-23 08:00:46,802 - INFO - dataprep/clean_data - Finished Data Cleansing
2019-04-23 08:00:46,917 - DEBUG - api/get_secondarymarket - Requested for user: Oliver
2019-04-23 08:00:46,917 - DEBUG - api/get_secondarymarket - Show Items: True
2019-04-23 08:00:49,177 - DEBUG - api/get_secondarymarket - Status Code: 200 - Success
2019-04-23 08:00:49,177 - INFO - api/get_secondarymarket - Received Page 1 of 1
2019-04-23 08:00:49,221 - INFO - salesmgr/cancel_items - No items to cancel
2019-04-23 08:00:49,228 - DEBUG - api/get_investments - Requested for user: Richard
2019-04-23 08:00:52,290 - DEBUG - api/get_investments - Status Code: 200 - Success
2019-04-23 08:00:52,291 - INFO - api/save_investments - Received Page 1 of 1
2019-04-23 08:00:55,058 - INFO - api/save_investments - Investments saved
2019-04-23 08:00:55,107 - DEBUG - dataprep/clean_data - Number of remaining NaN: 0
2019-04-23 08:00:55,108 - INFO - dataprep/clean_data - Finished Data Cleansing
2019-04-23 08:00:55,223 - DEBUG - api/get_secondarymarket - Requested for user: Richard
2019-04-23 08:00:55,223 - DEBUG - api/get_secondarymarket - Show Items: True
2019-04-23 08:00:56,939 - DEBUG - api/get_secondarymarket - Status Code: 200 - Success
2019-04-23 08:00:56,939 - INFO - api/get_secondarymarket - Received Page 1 of 1
2019-04-23 08:00:56,951 - INFO - salesmgr/cancel_items - No items to cancel
2019-04-23 08:00:56,960 - DEBUG - api/post_sellitems - Requested for user: Richard
2019-04-23 08:00:57,806 - DEBUG - api/post_sellitems - Status Code: 202 - Success
2019-04-23 08:00:57,806 - INFO - api/post_sellitems - Sold 2 credits
2019-04-23 08:00:57,807 - DEBUG - api/get_investments - Requested for user: Niklas
2019-04-23 08:01:02,996 - DEBUG - api/get_investments - Status Code: 200 - Success
2019-04-23 08:01:03,002 - INFO - api/save_investments - Received Page 1 of 1
2019-04-23 08:01:05,931 - INFO - api/save_investments - Investments saved
2019-04-23 08:01:05,984 - DEBUG - dataprep/clean_data - Number of remaining NaN: 0
2019-04-23 08:01:05,985 - INFO - dataprep/clean_data - Finished Data Cleansing
2019-04-23 08:01:06,102 - DEBUG - api/get_secondarymarket - Requested for user: Niklas
2019-04-23 08:01:06,102 - DEBUG - api/get_secondarymarket - Show Items: True
2019-04-23 08:01:08,162 - DEBUG - api/get_secondarymarket - Status Code: 200 - Success
2019-04-23 08:01:08,162 - INFO - api/get_secondarymarket - Received Page 1 of 1
2019-04-23 08:01:08,267 - INFO - salesmgr/cancel_items - No items to cancel
2019-04-23 08:01:08,276 - DEBUG - api/post_sellitems - Requested for user: Niklas
2019-04-23 08:01:09,461 - DEBUG - api/post_sellitems - Status Code: 202 - Success
2019-04-23 08:01:09,462 - INFO - api/post_sellitems - Sold 56 credits
