2019-04-26 17:39:54,839 - DEBUG - log/custom_logger - Logging started on: 2019-04-26 17:39:54
2019-04-26 17:39:54,839 - DEBUG - log/custom_logger - ################################
2019-04-26 17:39:54,839 - INFO - api/save_publicdataset - Loandataset already exists for today
2019-04-26 17:39:59,248 - INFO - dataprep/load_data - Loaded Data: 86.4k credits
2019-04-26 17:39:59,498 - INFO - dataprep/clean_data - 11.01 % time filtered
2019-04-26 17:39:59,560 - INFO - dataprep/clean_data - 3.05 % NaN filtered
2019-04-26 17:39:59,623 - DEBUG - dataprep/clean_data - Number of remaining NaN: 0
2019-04-26 17:39:59,638 - INFO - dataprep/clean_data - 32.88 % of credits defaulted
2019-04-26 17:39:59,654 - INFO - dataprep/clean_data - Finished Data Cleansing
2019-04-26 17:39:59,671 - DEBUG - rndforest/train_forest - Train Random Forest with:
2019-04-26 17:39:59,671 - DEBUG - rndforest/train_forest - No of Trees: 122
2019-04-26 17:39:59,671 - DEBUG - rndforest/train_forest - Max Depth: 30
2019-04-26 17:39:59,671 - DEBUG - rndforest/train_forest - Min Leaf Size: 2500
2019-04-26 17:39:59,671 - DEBUG - rndforest/train_forest - Min Sample Split: 1000
2019-04-26 17:39:59,671 - DEBUG - rndforest/train_forest - Crit: gini
2019-04-26 17:40:01,673 - INFO - rndforest/train_forest - Shuffle: 1 of 10 | AUC: 0.773
2019-04-26 17:40:03,518 - INFO - rndforest/train_forest - Shuffle: 2 of 10 | AUC: 0.777
2019-04-26 17:40:05,375 - INFO - rndforest/train_forest - Shuffle: 3 of 10 | AUC: 0.783
2019-04-26 17:40:07,221 - INFO - rndforest/train_forest - Shuffle: 4 of 10 | AUC: 0.778
2019-04-26 17:40:09,183 - INFO - rndforest/train_forest - Shuffle: 5 of 10 | AUC: 0.779
2019-04-26 17:40:11,032 - INFO - rndforest/train_forest - Shuffle: 6 of 10 | AUC: 0.773
2019-04-26 17:40:12,878 - INFO - rndforest/train_forest - Shuffle: 7 of 10 | AUC: 0.785
2019-04-26 17:40:14,729 - INFO - rndforest/train_forest - Shuffle: 8 of 10 | AUC: 0.773
2019-04-26 17:40:16,559 - INFO - rndforest/train_forest - Shuffle: 9 of 10 | AUC: 0.777
2019-04-26 17:40:18,413 - INFO - rndforest/train_forest - Shuffle: 10 of 10 | AUC: 0.775
2019-04-26 17:40:19,355 - INFO - rndforest/train_forest - Finished | Mean AUC: 0.78 | Stdev: 0.0043
2019-04-26 17:40:19,887 - INFO - rndforest/evaluate_default_prob - 3 of 16 bins were removed
2019-04-26 17:40:19,949 - INFO - rndforest/evaluate_default_prob - Fit succeded | R2: 0.987
2019-04-26 17:40:19,949 - INFO - bondapp/<module> - ############ 982 ##############
2019-04-26 17:40:19,949 - DEBUG - api/get_investments - Requested for user: Oliver
2019-04-26 17:40:25,596 - DEBUG - api/get_investments - Status Code: 200 - Success
2019-04-26 17:40:25,596 - INFO - api/save_investments - Received Page 1 of 1
2019-04-26 17:40:28,193 - INFO - api/save_investments - Investments saved
2019-04-26 17:40:28,240 - DEBUG - dataprep/clean_data - Number of remaining NaN: 0
2019-04-26 17:40:28,240 - INFO - dataprep/clean_data - Finished Data Cleansing
2019-04-26 17:40:28,365 - DEBUG - api/get_secondarymarket - Requested for user: Oliver
2019-04-26 17:40:28,365 - DEBUG - api/get_secondarymarket - Show Items: True
2019-04-26 17:40:33,187 - DEBUG - api/get_secondarymarket - Status Code: 200 - Success
2019-04-26 17:40:33,187 - INFO - api/get_secondarymarket - Received Page 1 of 1
2019-04-26 17:40:33,187 - INFO - salesmgr/cancel_items - No items to cancel
2019-04-26 17:40:33,203 - INFO - salesmgr/sell_items - No items to sell
2019-04-26 17:40:33,203 - INFO - bondapp/<module> - ############ 983 ##############
2019-04-26 17:40:33,203 - DEBUG - api/get_investments - Requested for user: Richard
2019-04-26 17:40:38,592 - DEBUG - api/get_investments - Status Code: 200 - Success
2019-04-26 17:40:38,592 - INFO - api/save_investments - Received Page 1 of 1
2019-04-26 17:40:41,229 - INFO - api/save_investments - Investments saved
2019-04-26 17:40:41,276 - DEBUG - dataprep/clean_data - Number of remaining NaN: 0
2019-04-26 17:40:41,276 - INFO - dataprep/clean_data - Finished Data Cleansing
2019-04-26 17:40:41,401 - DEBUG - api/get_secondarymarket - Requested for user: Richard
2019-04-26 17:40:41,401 - DEBUG - api/get_secondarymarket - Show Items: True
2019-04-26 17:40:45,074 - DEBUG - api/get_secondarymarket - Status Code: 200 - Success
2019-04-26 17:40:45,074 - INFO - api/get_secondarymarket - Received Page 1 of 1
2019-04-26 17:40:45,090 - INFO - salesmgr/cancel_items - No items to cancel
2019-04-26 17:40:45,090 - INFO - salesmgr/sell_items - No items to sell
2019-04-26 17:40:45,090 - INFO - bondapp/<module> - ############ 984 ##############
2019-04-26 17:40:45,090 - DEBUG - api/get_investments - Requested for user: Niklas
2019-04-26 17:40:51,109 - DEBUG - api/get_investments - Status Code: 200 - Success
2019-04-26 17:40:51,109 - INFO - api/save_investments - Received Page 1 of 1
2019-04-26 17:40:54,043 - INFO - api/save_investments - Investments saved
2019-04-26 17:40:54,090 - DEBUG - dataprep/clean_data - Number of remaining NaN: 0
2019-04-26 17:40:54,090 - INFO - dataprep/clean_data - Finished Data Cleansing
2019-04-26 17:40:54,215 - DEBUG - api/get_secondarymarket - Requested for user: Niklas
2019-04-26 17:40:54,215 - DEBUG - api/get_secondarymarket - Show Items: True
2019-04-26 17:40:57,548 - DEBUG - api/get_secondarymarket - Status Code: 200 - Success
2019-04-26 17:40:57,548 - INFO - api/get_secondarymarket - Received Page 1 of 1
2019-04-26 17:40:57,627 - INFO - salesmgr/cancel_items - No items to cancel
2019-04-26 17:40:57,642 - DEBUG - api/post_sellitems - Requested for user: Niklas
2019-04-26 17:41:00,592 - DEBUG - api/post_sellitems - Status Code: 202 - Success
2019-04-26 17:41:00,592 - INFO - api/post_sellitems - Sold 21 credits
