2019-04-22 09:02:45,327 - DEBUG - log/custom_logger - Logging started on: 2019-04-22 09:02:45
2019-04-22 09:02:45,328 - DEBUG - log/custom_logger - ################################
2019-04-22 09:02:45,328 - INFO - api/save_publicdataset - Loandataset already exists for today
2019-04-22 09:02:47,809 - INFO - dataprep/load_data - Loaded Data: 85.8k credits
2019-04-22 09:02:48,062 - INFO - dataprep/clean_data - 10.92 % time filtered
2019-04-22 09:02:48,105 - INFO - dataprep/clean_data - 3.08 % NaN filtered
2019-04-22 09:02:48,170 - DEBUG - dataprep/clean_data - Number of remaining NaN: 0
2019-04-22 09:02:48,177 - INFO - dataprep/clean_data - 45.13 % of credits defaulted
2019-04-22 09:02:48,187 - INFO - dataprep/clean_data - Finished Data Cleansing
2019-04-22 09:02:48,212 - INFO - rndforest/train_forest - Train Random Forest with:
2019-04-22 09:02:48,213 - INFO - rndforest/train_forest - No of Trees: 122
2019-04-22 09:02:48,214 - INFO - rndforest/train_forest - Max Depth: 30
2019-04-22 09:02:48,215 - INFO - rndforest/train_forest - Min Leaf Size: 2500
2019-04-22 09:02:48,216 - INFO - rndforest/train_forest - Min Sample Split: 1000
2019-04-22 09:02:48,217 - INFO - rndforest/train_forest - Crit: gini
2019-04-22 09:02:50,050 - INFO - rndforest/train_forest - Shuffle: 1 of 10 | AUC: 0.734
2019-04-22 09:02:51,874 - INFO - rndforest/train_forest - Shuffle: 2 of 10 | AUC: 0.730
2019-04-22 09:02:53,698 - INFO - rndforest/train_forest - Shuffle: 3 of 10 | AUC: 0.731
2019-04-22 09:02:55,521 - INFO - rndforest/train_forest - Shuffle: 4 of 10 | AUC: 0.736
2019-04-22 09:02:57,344 - INFO - rndforest/train_forest - Shuffle: 5 of 10 | AUC: 0.731
2019-04-22 09:02:59,167 - INFO - rndforest/train_forest - Shuffle: 6 of 10 | AUC: 0.732
2019-04-22 09:03:01,095 - INFO - rndforest/train_forest - Shuffle: 7 of 10 | AUC: 0.739
2019-04-22 09:03:02,917 - INFO - rndforest/train_forest - Shuffle: 8 of 10 | AUC: 0.722
2019-04-22 09:03:04,740 - INFO - rndforest/train_forest - Shuffle: 9 of 10 | AUC: 0.732
2019-04-22 09:03:06,561 - INFO - rndforest/train_forest - Shuffle: 10 of 10 | AUC: 0.731
2019-04-22 09:03:06,563 - INFO - rndforest/train_forest - Finished | Mean AUC: 0.73 | Stdev: 0.0046
2019-04-22 09:03:06,924 - INFO - rndforest/evaluate_default_prob - 2 of 15 bins were removed
2019-04-22 09:03:06,972 - INFO - rndforest/evaluate_default_prob - Fit succeded | R2: 0.993
2019-04-22 09:03:06,975 - INFO - api/save_investments - Loandataset already exists for today
2019-04-22 09:03:07,052 - INFO - dataprep/load_data - Loaded Data: 2.1k credits
2019-04-22 09:03:07,073 - DEBUG - dataprep/clean_data - Number of remaining NaN: 0
2019-04-22 09:03:07,074 - INFO - dataprep/clean_data - Finished Data Cleansing
2019-04-22 09:03:07,187 - DEBUG - api/get_secondarymarket - Requested for user: Niklas
2019-04-22 09:03:07,187 - DEBUG - api/get_secondarymarket - Show Items: True
2019-04-22 09:03:08,084 - DEBUG - api/get_secondarymarket - Status Code: 200 - Success
2019-04-22 09:03:08,085 - INFO - api/get_secondarymarket - Received Page 1 of 1
2019-04-22 09:03:08,125 - DEBUG - api/post_cancelitem - Requested for user: Niklas
2019-04-22 09:03:08,307 - WARNING - api/post_cancelitem - Status Code: 202 - Failed
2019-04-22 09:12:25,089 - DEBUG - api/get_secondarymarket - Requested for user: Niklas
2019-04-22 09:12:25,089 - DEBUG - api/get_secondarymarket - Show Items: True
2019-04-22 09:12:26,020 - DEBUG - api/get_secondarymarket - Status Code: 200 - Success
2019-04-22 09:12:26,020 - INFO - api/get_secondarymarket - Received Page 1 of 1
2019-04-22 09:12:26,028 - DEBUG - api/post_cancelitem - Requested for user: Niklas
2019-04-22 09:12:26,521 - WARNING - api/post_cancelitem - Status Code: 202 - Failed
2019-04-22 09:17:23,963 - DEBUG - api/post_sellitems - Requested for user: Niklas
2019-04-22 09:17:24,202 - WARNING - api/post_sellitems - Status Code: 400 - Failed
2019-04-22 09:19:27,533 - DEBUG - api/post_sellitems - Requested for user: Niklas
2019-04-22 09:19:28,032 - WARNING - api/post_sellitems - Status Code: 400 - Failed
2019-04-22 09:22:46,722 - DEBUG - <ipython-input-32-0ff2b1d0e9b7>/<module> - Requested for user: Niklas
2019-04-22 09:25:23,448 - DEBUG - api/get_secondarymarket - Requested for user: Niklas
2019-04-22 09:25:23,448 - DEBUG - api/get_secondarymarket - Show Items: True
2019-04-22 09:25:25,133 - DEBUG - api/get_secondarymarket - Status Code: 200 - Success
2019-04-22 09:25:25,133 - INFO - api/get_secondarymarket - Received Page 1 of 1
2019-04-22 09:25:25,141 - DEBUG - api/post_cancelitem - Requested for user: Niklas
2019-04-22 09:25:26,003 - WARNING - api/post_cancelitem - Status Code: 202 - Failed
2019-04-22 09:25:43,561 - DEBUG - api/post_sellitems - Requested for user: Niklas
2019-04-22 09:25:45,446 - WARNING - api/post_sellitems - Status Code: 409 - Failed
