2019-04-23 08:28:36,100 - DEBUG - log/custom_logger - Logging started on: 2019-04-23 08:28:36
2019-04-23 08:28:36,101 - DEBUG - log/custom_logger - ################################
2019-04-23 08:28:36,101 - INFO - api/save_publicdataset - Loandataset already exists for today
2019-04-23 08:28:38,629 - INFO - dataprep/load_data - Loaded Data: 86.0k credits
2019-04-23 08:28:38,879 - INFO - dataprep/clean_data - 10.92 % time filtered
2019-04-23 08:28:38,922 - INFO - dataprep/clean_data - 3.07 % NaN filtered
2019-04-23 08:28:38,987 - DEBUG - dataprep/clean_data - Number of remaining NaN: 0
2019-04-23 08:28:38,993 - INFO - dataprep/clean_data - 45.08 % of credits defaulted
2019-04-23 08:28:39,004 - INFO - dataprep/clean_data - Finished Data Cleansing
2019-04-23 08:28:39,031 - INFO - rndforest/train_forest - Train Random Forest with:
2019-04-23 08:28:39,033 - INFO - rndforest/train_forest - No of Trees: 122
2019-04-23 08:28:39,034 - INFO - rndforest/train_forest - Max Depth: 30
2019-04-23 08:28:39,035 - INFO - rndforest/train_forest - Min Leaf Size: 2500
2019-04-23 08:28:39,036 - INFO - rndforest/train_forest - Min Sample Split: 1000
2019-04-23 08:28:39,037 - INFO - rndforest/train_forest - Crit: gini
2019-04-23 08:28:40,871 - INFO - rndforest/train_forest - Shuffle: 1 of 10 | AUC: 0.723
2019-04-23 08:28:42,693 - INFO - rndforest/train_forest - Shuffle: 2 of 10 | AUC: 0.732
2019-04-23 08:28:44,514 - INFO - rndforest/train_forest - Shuffle: 3 of 10 | AUC: 0.737
2019-04-23 08:28:46,341 - INFO - rndforest/train_forest - Shuffle: 4 of 10 | AUC: 0.727
2019-04-23 08:28:48,163 - INFO - rndforest/train_forest - Shuffle: 5 of 10 | AUC: 0.732
2019-04-23 08:28:49,984 - INFO - rndforest/train_forest - Shuffle: 6 of 10 | AUC: 0.720
2019-04-23 08:28:51,807 - INFO - rndforest/train_forest - Shuffle: 7 of 10 | AUC: 0.733
2019-04-23 08:28:53,629 - INFO - rndforest/train_forest - Shuffle: 8 of 10 | AUC: 0.731
2019-04-23 08:28:55,450 - INFO - rndforest/train_forest - Shuffle: 9 of 10 | AUC: 0.728
2019-04-23 08:28:57,272 - INFO - rndforest/train_forest - Shuffle: 10 of 10 | AUC: 0.731
2019-04-23 08:28:57,274 - INFO - rndforest/train_forest - Finished | Mean AUC: 0.73 | Stdev: 0.0052
2019-04-23 08:28:57,630 - INFO - rndforest/evaluate_default_prob - 2 of 15 bins were removed
2019-04-23 08:28:57,678 - INFO - rndforest/evaluate_default_prob - Fit succeded | R2: 0.995
2019-04-23 08:28:57,681 - INFO - bondapp/<module> - ############ 982 ##############
2019-04-23 08:28:57,682 - INFO - api/save_investments - Loandataset already exists for today
2019-04-23 08:28:57,707 - INFO - dataprep/load_data - Loaded Data: 0.2k credits
2019-04-23 08:28:57,724 - DEBUG - dataprep/clean_data - Number of remaining NaN: 0
2019-04-23 08:28:57,725 - INFO - dataprep/clean_data - Finished Data Cleansing
2019-04-23 08:28:57,839 - DEBUG - api/get_secondarymarket - Requested for user: Oliver
2019-04-23 08:28:57,839 - DEBUG - api/get_secondarymarket - Show Items: True
2019-04-23 08:28:58,430 - DEBUG - api/get_secondarymarket - Status Code: 200 - Success
2019-04-23 08:28:58,430 - INFO - api/get_secondarymarket - No items on secondary market
2019-04-23 08:28:58,431 - INFO - salesmgr/cancel_items - No items to cancel
2019-04-23 08:28:58,436 - INFO - salesmgr/sell_items - No items to sell
2019-04-23 08:28:58,437 - INFO - bondapp/<module> - ############ 983 ##############
2019-04-23 08:28:58,438 - INFO - api/save_investments - Loandataset already exists for today
2019-04-23 08:28:58,471 - INFO - dataprep/load_data - Loaded Data: 0.6k credits
2019-04-23 08:28:58,489 - DEBUG - dataprep/clean_data - Number of remaining NaN: 0
2019-04-23 08:28:58,490 - INFO - dataprep/clean_data - Finished Data Cleansing
2019-04-23 08:28:58,604 - DEBUG - api/get_secondarymarket - Requested for user: Richard
2019-04-23 08:28:58,604 - DEBUG - api/get_secondarymarket - Show Items: True
2019-04-23 08:28:59,413 - DEBUG - api/get_secondarymarket - Status Code: 200 - Success
2019-04-23 08:28:59,413 - INFO - api/get_secondarymarket - No items on secondary market
2019-04-23 08:28:59,414 - INFO - salesmgr/cancel_items - No items to cancel
2019-04-23 08:28:59,419 - INFO - salesmgr/sell_items - No items to sell
2019-04-23 08:28:59,420 - INFO - bondapp/<module> - ############ 984 ##############
2019-04-23 08:28:59,421 - DEBUG - api/get_investments - Requested for user: Niklas
2019-04-23 08:29:04,068 - DEBUG - api/get_investments - Status Code: 200 - Success
2019-04-23 08:29:04,074 - INFO - api/save_investments - Received Page 1 of 1
2019-04-23 08:29:06,958 - INFO - api/save_investments - Investments saved
2019-04-23 08:29:07,009 - DEBUG - dataprep/clean_data - Number of remaining NaN: 0
2019-04-23 08:29:07,010 - INFO - dataprep/clean_data - Finished Data Cleansing
2019-04-23 08:29:07,129 - DEBUG - api/get_secondarymarket - Requested for user: Niklas
2019-04-23 08:29:07,129 - DEBUG - api/get_secondarymarket - Show Items: True
2019-04-23 08:29:08,319 - DEBUG - api/get_secondarymarket - Status Code: 200 - Success
2019-04-23 08:29:08,319 - INFO - api/get_secondarymarket - Received Page 1 of 1
2019-04-23 08:29:08,434 - DEBUG - api/post_cancelitem - Requested for user: Niklas
2019-04-23 08:29:08,764 - WARNING - api/post_cancelitem - Status Code: 400 - Failed
2019-04-23 08:29:08,765 - WARNING - api/post_cancelitem - {'Success': False, 'Errors': [{'Code': 400, 'Message': 'Too many items. Max items 100', 'Details': None}]}
2019-04-23 08:29:08,775 - DEBUG - api/post_sellitems - Requested for user: Niklas
2019-04-23 08:29:08,950 - WARNING - api/post_sellitems - Status Code: 409 - Failed
2019-04-23 08:29:08,953 - DEBUG - api/post_sellitems - Requested for user: Niklas
2019-04-23 08:29:09,421 - WARNING - api/post_sellitems - Status Code: 429 - Failed
2019-04-23 08:29:09,424 - DEBUG - api/post_sellitems - Requested for user: Niklas
2019-04-23 08:29:09,610 - WARNING - api/post_sellitems - Status Code: 429 - Failed
2019-04-23 08:29:09,613 - DEBUG - api/post_sellitems - Requested for user: Niklas
2019-04-23 08:29:09,862 - WARNING - api/post_sellitems - Status Code: 429 - Failed
2019-04-23 08:29:09,865 - DEBUG - api/post_sellitems - Requested for user: Niklas
2019-04-23 08:29:10,184 - WARNING - api/post_sellitems - Status Code: 409 - Failed
