2019-04-22 08:56:01,935 - DEBUG - log/custom_logger - Logging started on: 2019-04-22 08:56:01
2019-04-22 08:56:01,936 - DEBUG - log/custom_logger - ################################
2019-04-22 08:56:01,936 - INFO - api/save_publicdataset - Loandataset already exists for today
2019-04-22 08:56:04,422 - INFO - dataprep/load_data - Loaded Data: 85.8k credits
2019-04-22 08:56:04,673 - INFO - dataprep/clean_data - 10.92 % time filtered
2019-04-22 08:56:04,717 - INFO - dataprep/clean_data - 3.08 % NaN filtered
2019-04-22 08:56:04,784 - DEBUG - dataprep/clean_data - Number of remaining NaN: 0
2019-04-22 08:56:04,791 - INFO - dataprep/clean_data - 45.13 % of credits defaulted
2019-04-22 08:56:04,801 - INFO - dataprep/clean_data - Finished Data Cleansing
2019-04-22 08:56:04,826 - INFO - rndforest/train_forest - Train Random Forest with:
2019-04-22 08:56:04,828 - INFO - rndforest/train_forest - No of Trees: 122
2019-04-22 08:56:04,829 - INFO - rndforest/train_forest - Max Depth: 30
2019-04-22 08:56:04,830 - INFO - rndforest/train_forest - Min Leaf Size: 2500
2019-04-22 08:56:04,831 - INFO - rndforest/train_forest - Min Sample Split: 1000
2019-04-22 08:56:04,832 - INFO - rndforest/train_forest - Crit: gini
2019-04-22 08:56:06,668 - INFO - rndforest/train_forest - Shuffle: 1 of 10 | AUC: 0.731
2019-04-22 08:56:08,492 - INFO - rndforest/train_forest - Shuffle: 2 of 10 | AUC: 0.728
2019-04-22 08:56:10,316 - INFO - rndforest/train_forest - Shuffle: 3 of 10 | AUC: 0.722
2019-04-22 08:56:12,138 - INFO - rndforest/train_forest - Shuffle: 4 of 10 | AUC: 0.729
2019-04-22 08:56:13,967 - INFO - rndforest/train_forest - Shuffle: 5 of 10 | AUC: 0.728
2019-04-22 08:56:15,796 - INFO - rndforest/train_forest - Shuffle: 6 of 10 | AUC: 0.729
2019-04-22 08:56:17,620 - INFO - rndforest/train_forest - Shuffle: 7 of 10 | AUC: 0.740
2019-04-22 08:56:19,443 - INFO - rndforest/train_forest - Shuffle: 8 of 10 | AUC: 0.730
2019-04-22 08:56:21,266 - INFO - rndforest/train_forest - Shuffle: 9 of 10 | AUC: 0.732
2019-04-22 08:56:23,088 - INFO - rndforest/train_forest - Shuffle: 10 of 10 | AUC: 0.734
2019-04-22 08:56:23,090 - INFO - rndforest/train_forest - Finished | Mean AUC: 0.73 | Stdev: 0.0047
2019-04-22 08:56:23,447 - INFO - rndforest/evaluate_default_prob - 1 of 15 bins were removed
2019-04-22 08:56:23,496 - INFO - rndforest/evaluate_default_prob - Fit succeded | R2: 0.993
2019-04-22 08:56:23,499 - INFO - api/save_investments - Loandataset already exists for today
2019-04-22 08:56:23,574 - INFO - dataprep/load_data - Loaded Data: 2.1k credits
2019-04-22 08:56:23,594 - DEBUG - dataprep/clean_data - Number of remaining NaN: 0
2019-04-22 08:56:23,595 - INFO - dataprep/clean_data - Finished Data Cleansing
2019-04-22 09:01:23,342 - DEBUG - api/get_secondarymarket - Requested for user: Niklas
2019-04-22 09:01:23,342 - DEBUG - api/get_secondarymarket - Show Items: True
2019-04-22 09:01:24,261 - DEBUG - api/get_secondarymarket - Status Code: 200 - Success
2019-04-22 09:01:24,261 - INFO - api/get_secondarymarket - Received Page 1 of 1
