2019-04-24 16:36:53,049 - DEBUG - log/custom_logger - Logging started on: 2019-04-24 16:36:53
2019-04-24 16:36:53,049 - DEBUG - log/custom_logger - ################################
2019-04-24 16:36:53,049 - INFO - api/save_publicdataset - Loandataset already exists for today
2019-04-24 16:36:55,529 - INFO - dataprep/load_data - Loaded Data: 86.1k credits
2019-04-24 16:36:55,779 - INFO - dataprep/clean_data - 10.89 % time filtered
2019-04-24 16:36:55,826 - INFO - dataprep/clean_data - 3.06 % NaN filtered
2019-04-24 16:36:56,045 - DEBUG - dataprep/clean_data - Number of remaining NaN: 0
2019-04-24 16:36:56,045 - INFO - dataprep/clean_data - 44.99 % of credits defaulted
2019-04-24 16:36:56,061 - INFO - dataprep/clean_data - Finished Data Cleansing
2019-04-24 16:36:56,092 - INFO - rndforest/train_forest - Train Random Forest with:
2019-04-24 16:36:56,092 - INFO - rndforest/train_forest - No of Trees: 122
2019-04-24 16:36:56,092 - INFO - rndforest/train_forest - Max Depth: 30
2019-04-24 16:36:56,092 - INFO - rndforest/train_forest - Min Leaf Size: 2500
2019-04-24 16:36:56,092 - INFO - rndforest/train_forest - Min Sample Split: 1000
2019-04-24 16:36:56,092 - INFO - rndforest/train_forest - Crit: gini
2019-04-24 16:36:58,016 - INFO - rndforest/train_forest - Shuffle: 1 of 10 | AUC: 0.735
2019-04-24 16:36:59,936 - INFO - rndforest/train_forest - Shuffle: 2 of 10 | AUC: 0.743
2019-04-24 16:37:01,722 - INFO - rndforest/train_forest - Shuffle: 3 of 10 | AUC: 0.733
2019-04-24 16:37:03,518 - INFO - rndforest/train_forest - Shuffle: 4 of 10 | AUC: 0.731
2019-04-24 16:37:05,438 - INFO - rndforest/train_forest - Shuffle: 5 of 10 | AUC: 0.731
2019-04-24 16:37:07,111 - INFO - rndforest/train_forest - Shuffle: 6 of 10 | AUC: 0.738
2019-04-24 16:37:08,800 - INFO - rndforest/train_forest - Shuffle: 7 of 10 | AUC: 0.727
2019-04-24 16:37:10,474 - INFO - rndforest/train_forest - Shuffle: 8 of 10 | AUC: 0.735
2019-04-24 16:37:12,257 - INFO - rndforest/train_forest - Shuffle: 9 of 10 | AUC: 0.720
2019-04-24 16:37:13,924 - INFO - rndforest/train_forest - Shuffle: 10 of 10 | AUC: 0.736
2019-04-24 16:37:13,924 - INFO - rndforest/train_forest - Finished | Mean AUC: 0.73 | Stdev: 0.0064
2019-04-24 16:37:14,252 - INFO - rndforest/evaluate_default_prob - 1 of 14 bins were removed
2019-04-24 16:37:14,299 - INFO - rndforest/evaluate_default_prob - Fit succeded | R2: 0.996
2019-04-24 16:37:54,439 - INFO - api/save_publicdataset - Loandataset already exists for today
2019-04-24 16:37:56,879 - INFO - dataprep/load_data - Loaded Data: 86.1k credits
2019-04-24 16:37:57,129 - INFO - dataprep/clean_data - 10.89 % time filtered
2019-04-24 16:37:57,176 - INFO - dataprep/clean_data - 3.06 % NaN filtered
2019-04-24 16:37:57,332 - DEBUG - dataprep/clean_data - Number of remaining NaN: 0
2019-04-24 16:37:57,348 - INFO - dataprep/clean_data - 32.80 % of credits defaulted
2019-04-24 16:37:57,363 - INFO - dataprep/clean_data - Finished Data Cleansing
2019-04-24 16:37:57,395 - INFO - rndforest/train_forest - Train Random Forest with:
2019-04-24 16:37:57,396 - INFO - rndforest/train_forest - No of Trees: 122
2019-04-24 16:37:57,396 - INFO - rndforest/train_forest - Max Depth: 30
2019-04-24 16:37:57,396 - INFO - rndforest/train_forest - Min Leaf Size: 2500
2019-04-24 16:37:57,396 - INFO - rndforest/train_forest - Min Sample Split: 1000
2019-04-24 16:37:57,396 - INFO - rndforest/train_forest - Crit: gini
2019-04-24 16:37:59,269 - INFO - rndforest/train_forest - Shuffle: 1 of 10 | AUC: 0.774
2019-04-24 16:38:01,198 - INFO - rndforest/train_forest - Shuffle: 2 of 10 | AUC: 0.778
2019-04-24 16:38:03,122 - INFO - rndforest/train_forest - Shuffle: 3 of 10 | AUC: 0.779
2019-04-24 16:38:05,037 - INFO - rndforest/train_forest - Shuffle: 4 of 10 | AUC: 0.782
2019-04-24 16:38:06,841 - INFO - rndforest/train_forest - Shuffle: 5 of 10 | AUC: 0.774
2019-04-24 16:38:08,754 - INFO - rndforest/train_forest - Shuffle: 6 of 10 | AUC: 0.779
2019-04-24 16:38:10,685 - INFO - rndforest/train_forest - Shuffle: 7 of 10 | AUC: 0.776
2019-04-24 16:38:12,594 - INFO - rndforest/train_forest - Shuffle: 8 of 10 | AUC: 0.776
2019-04-24 16:38:14,519 - INFO - rndforest/train_forest - Shuffle: 9 of 10 | AUC: 0.777
2019-04-24 16:38:16,425 - INFO - rndforest/train_forest - Shuffle: 10 of 10 | AUC: 0.786
2019-04-24 16:38:16,425 - INFO - rndforest/train_forest - Finished | Mean AUC: 0.78 | Stdev: 0.0036
2019-04-24 16:38:16,878 - INFO - rndforest/evaluate_default_prob - 2 of 16 bins were removed
2019-04-24 16:38:16,941 - INFO - rndforest/evaluate_default_prob - Fit succeded | R2: 0.991
2019-04-24 16:55:52,624 - INFO - api/save_publicdataset - Loandataset already exists for today
2019-04-24 16:55:55,098 - INFO - dataprep/load_data - Loaded Data: 86.1k credits
2019-04-24 16:55:55,396 - INFO - dataprep/clean_data - 10.89 % time filtered
2019-04-24 16:55:55,443 - INFO - dataprep/clean_data - 3.06 % NaN filtered
2019-04-24 16:55:55,631 - DEBUG - dataprep/clean_data - Number of remaining NaN: 0
2019-04-24 16:55:55,646 - INFO - dataprep/clean_data - 32.80 % of credits defaulted
2019-04-24 16:55:55,678 - INFO - dataprep/clean_data - Finished Data Cleansing
2019-04-24 16:55:55,709 - INFO - rndforest/train_forest - Train Random Forest with:
2019-04-24 16:55:55,709 - INFO - rndforest/train_forest - No of Trees: 122
2019-04-24 16:55:55,709 - INFO - rndforest/train_forest - Max Depth: 30
2019-04-24 16:55:55,709 - INFO - rndforest/train_forest - Min Leaf Size: 2500
2019-04-24 16:55:55,709 - INFO - rndforest/train_forest - Min Sample Split: 1000
2019-04-24 16:55:55,709 - INFO - rndforest/train_forest - Crit: gini
2019-04-24 16:55:57,594 - INFO - rndforest/train_forest - Shuffle: 1 of 10 | AUC: 0.776
2019-04-24 16:55:59,489 - INFO - rndforest/train_forest - Shuffle: 2 of 10 | AUC: 0.791
2019-04-24 16:56:01,397 - INFO - rndforest/train_forest - Shuffle: 3 of 10 | AUC: 0.770
2019-04-24 16:56:03,314 - INFO - rndforest/train_forest - Shuffle: 4 of 10 | AUC: 0.778
2019-04-24 16:56:05,249 - INFO - rndforest/train_forest - Shuffle: 5 of 10 | AUC: 0.784
2019-04-24 16:56:07,157 - INFO - rndforest/train_forest - Shuffle: 6 of 10 | AUC: 0.768
2019-04-24 16:56:09,051 - INFO - rndforest/train_forest - Shuffle: 7 of 10 | AUC: 0.783
2019-04-24 16:56:10,959 - INFO - rndforest/train_forest - Shuffle: 8 of 10 | AUC: 0.775
2019-04-24 16:56:12,868 - INFO - rndforest/train_forest - Shuffle: 9 of 10 | AUC: 0.785
2019-04-24 16:56:14,756 - INFO - rndforest/train_forest - Shuffle: 10 of 10 | AUC: 0.778
2019-04-24 16:56:15,710 - INFO - rndforest/train_forest - Finished | Mean AUC: 0.78 | Stdev: 0.0070
2019-04-24 16:56:16,132 - INFO - rndforest/evaluate_default_prob - 1 of 15 bins were removed
2019-04-24 16:56:16,179 - INFO - rndforest/evaluate_default_prob - Fit succeded | R2: 0.992
2019-04-24 16:58:57,782 - INFO - api/save_publicdataset - Loandataset already exists for today
2019-04-24 16:59:00,296 - INFO - dataprep/load_data - Loaded Data: 86.1k credits
2019-04-24 16:59:00,625 - INFO - dataprep/clean_data - 10.89 % time filtered
2019-04-24 16:59:00,688 - INFO - dataprep/clean_data - 3.06 % NaN filtered
2019-04-24 16:59:00,906 - DEBUG - dataprep/clean_data - Number of remaining NaN: 0
2019-04-24 16:59:00,922 - INFO - dataprep/clean_data - 32.80 % of credits defaulted
2019-04-24 16:59:00,938 - INFO - dataprep/clean_data - Finished Data Cleansing
2019-04-24 16:59:00,969 - INFO - rndforest/train_forest - Train Random Forest with:
2019-04-24 16:59:00,969 - INFO - rndforest/train_forest - No of Trees: 122
2019-04-24 16:59:00,969 - INFO - rndforest/train_forest - Max Depth: 30
2019-04-24 16:59:00,969 - INFO - rndforest/train_forest - Min Leaf Size: 2500
2019-04-24 16:59:00,969 - INFO - rndforest/train_forest - Min Sample Split: 1000
2019-04-24 16:59:00,969 - INFO - rndforest/train_forest - Crit: gini
2019-04-24 16:59:03,112 - INFO - rndforest/train_forest - Shuffle: 1 of 10 | AUC: 0.779
2019-04-24 16:59:05,281 - INFO - rndforest/train_forest - Shuffle: 2 of 10 | AUC: 0.776
2019-04-24 16:59:07,430 - INFO - rndforest/train_forest - Shuffle: 3 of 10 | AUC: 0.777
2019-04-24 16:59:09,566 - INFO - rndforest/train_forest - Shuffle: 4 of 10 | AUC: 0.777
2019-04-24 16:59:11,709 - INFO - rndforest/train_forest - Shuffle: 5 of 10 | AUC: 0.775
2019-04-24 16:59:13,863 - INFO - rndforest/train_forest - Shuffle: 6 of 10 | AUC: 0.789
2019-04-24 16:59:16,022 - INFO - rndforest/train_forest - Shuffle: 7 of 10 | AUC: 0.783
2019-04-24 16:59:18,165 - INFO - rndforest/train_forest - Shuffle: 8 of 10 | AUC: 0.779
2019-04-24 16:59:20,315 - INFO - rndforest/train_forest - Shuffle: 9 of 10 | AUC: 0.783
2019-04-24 16:59:22,478 - INFO - rndforest/train_forest - Shuffle: 10 of 10 | AUC: 0.781
2019-04-24 17:06:04,847 - INFO - api/save_publicdataset - Loandataset already exists for today
2019-04-24 17:06:07,330 - INFO - dataprep/load_data - Loaded Data: 86.1k credits
2019-04-24 17:06:07,581 - INFO - dataprep/clean_data - 10.89 % time filtered
2019-04-24 17:06:07,670 - INFO - dataprep/clean_data - 3.06 % NaN filtered
2019-04-24 17:06:07,873 - DEBUG - dataprep/clean_data - Number of remaining NaN: 0
2019-04-24 17:06:07,889 - INFO - dataprep/clean_data - 32.80 % of credits defaulted
2019-04-24 17:06:07,889 - INFO - dataprep/clean_data - Finished Data Cleansing
2019-04-24 17:06:07,920 - INFO - rndforest/train_forest - Train Random Forest with:
2019-04-24 17:06:07,936 - INFO - rndforest/train_forest - No of Trees: 122
2019-04-24 17:06:07,936 - INFO - rndforest/train_forest - Max Depth: 30
2019-04-24 17:06:07,936 - INFO - rndforest/train_forest - Min Leaf Size: 2500
2019-04-24 17:06:07,936 - INFO - rndforest/train_forest - Min Sample Split: 1000
2019-04-24 17:06:07,936 - INFO - rndforest/train_forest - Crit: gini
2019-04-24 17:06:09,817 - INFO - rndforest/train_forest - Shuffle: 1 of 10 | AUC: 0.775
2019-04-24 17:06:11,728 - INFO - rndforest/train_forest - Shuffle: 2 of 10 | AUC: 0.780
2019-04-24 17:06:13,785 - INFO - rndforest/train_forest - Shuffle: 3 of 10 | AUC: 0.783
2019-04-24 17:06:15,586 - INFO - rndforest/train_forest - Shuffle: 4 of 10 | AUC: 0.769
2019-04-24 17:06:17,280 - INFO - rndforest/train_forest - Shuffle: 5 of 10 | AUC: 0.776
2019-04-24 17:06:19,190 - INFO - rndforest/train_forest - Shuffle: 6 of 10 | AUC: 0.781
2019-04-24 17:06:21,102 - INFO - rndforest/train_forest - Shuffle: 7 of 10 | AUC: 0.779
2019-04-24 17:06:23,016 - INFO - rndforest/train_forest - Shuffle: 8 of 10 | AUC: 0.777
2019-04-24 17:06:24,930 - INFO - rndforest/train_forest - Shuffle: 9 of 10 | AUC: 0.776
2019-04-24 17:06:26,840 - INFO - rndforest/train_forest - Shuffle: 10 of 10 | AUC: 0.775
2019-04-24 17:06:27,466 - INFO - rndforest/train_forest - Finished | Mean AUC: 0.78 | Stdev: 0.0039
2019-04-24 17:06:27,747 - INFO - rndforest/evaluate_default_prob - 2 of 16 bins were removed
2019-04-24 17:06:27,794 - INFO - rndforest/evaluate_default_prob - Fit succeded | R2: 0.991
2019-04-24 17:08:27,258 - INFO - api/save_publicdataset - Loandataset already exists for today
2019-04-24 17:08:29,706 - INFO - dataprep/load_data - Loaded Data: 86.1k credits
2019-04-24 17:08:30,003 - INFO - dataprep/clean_data - 10.89 % time filtered
2019-04-24 17:08:30,050 - INFO - dataprep/clean_data - 3.06 % NaN filtered
2019-04-24 17:08:30,253 - DEBUG - dataprep/clean_data - Number of remaining NaN: 0
2019-04-24 17:08:30,284 - INFO - dataprep/clean_data - 44.99 % of credits defaulted
2019-04-24 17:08:30,300 - INFO - dataprep/clean_data - Finished Data Cleansing
2019-04-24 17:08:30,331 - DEBUG - rndforest/train_forest - Train Random Forest with:
2019-04-24 17:08:30,331 - DEBUG - rndforest/train_forest - No of Trees: 122
2019-04-24 17:08:30,331 - DEBUG - rndforest/train_forest - Max Depth: 30
2019-04-24 17:08:30,331 - DEBUG - rndforest/train_forest - Min Leaf Size: 2500
2019-04-24 17:08:30,331 - DEBUG - rndforest/train_forest - Min Sample Split: 1000
2019-04-24 17:08:30,331 - DEBUG - rndforest/train_forest - Crit: gini
2019-04-24 17:08:32,040 - INFO - rndforest/train_forest - Shuffle: 1 of 10 | AUC: 0.734
2019-04-24 17:08:33,698 - INFO - rndforest/train_forest - Shuffle: 2 of 10 | AUC: 0.737
2019-04-24 17:08:35,371 - INFO - rndforest/train_forest - Shuffle: 3 of 10 | AUC: 0.739
2019-04-24 17:08:37,045 - INFO - rndforest/train_forest - Shuffle: 4 of 10 | AUC: 0.722
2019-04-24 17:08:38,707 - INFO - rndforest/train_forest - Shuffle: 5 of 10 | AUC: 0.725
2019-04-24 17:08:40,507 - INFO - rndforest/train_forest - Shuffle: 6 of 10 | AUC: 0.741
2019-04-24 17:08:42,173 - INFO - rndforest/train_forest - Shuffle: 7 of 10 | AUC: 0.733
2019-04-24 17:08:43,846 - INFO - rndforest/train_forest - Shuffle: 8 of 10 | AUC: 0.730
2019-04-24 17:08:45,538 - INFO - rndforest/train_forest - Shuffle: 9 of 10 | AUC: 0.736
2019-04-24 17:08:47,212 - INFO - rndforest/train_forest - Shuffle: 10 of 10 | AUC: 0.727
2019-04-24 17:08:47,995 - INFO - rndforest/train_forest - Finished | Mean AUC: 0.73 | Stdev: 0.0061
2019-04-24 17:08:48,393 - INFO - rndforest/evaluate_default_prob - 1 of 14 bins were removed
2019-04-24 17:08:48,471 - INFO - rndforest/evaluate_default_prob - Fit succeded | R2: 0.993
2019-04-24 17:09:58,269 - INFO - api/save_publicdataset - Loandataset already exists for today
2019-04-24 17:10:00,725 - INFO - dataprep/load_data - Loaded Data: 86.1k credits
2019-04-24 17:10:00,975 - INFO - dataprep/clean_data - 10.89 % time filtered
2019-04-24 17:10:01,037 - INFO - dataprep/clean_data - 3.06 % NaN filtered
2019-04-24 17:10:01,209 - DEBUG - dataprep/clean_data - Number of remaining NaN: 0
2019-04-24 17:10:01,209 - INFO - dataprep/clean_data - 35.23 % of credits defaulted
2019-04-24 17:10:01,225 - INFO - dataprep/clean_data - Finished Data Cleansing
2019-04-24 17:10:01,256 - DEBUG - rndforest/train_forest - Train Random Forest with:
2019-04-24 17:10:01,256 - DEBUG - rndforest/train_forest - No of Trees: 122
2019-04-24 17:10:01,256 - DEBUG - rndforest/train_forest - Max Depth: 30
2019-04-24 17:10:01,256 - DEBUG - rndforest/train_forest - Min Leaf Size: 2500
2019-04-24 17:10:01,256 - DEBUG - rndforest/train_forest - Min Sample Split: 1000
2019-04-24 17:10:01,256 - DEBUG - rndforest/train_forest - Crit: gini
2019-04-24 17:10:03,169 - INFO - rndforest/train_forest - Shuffle: 1 of 10 | AUC: 0.757
2019-04-24 17:10:05,084 - INFO - rndforest/train_forest - Shuffle: 2 of 10 | AUC: 0.766
2019-04-24 17:10:07,008 - INFO - rndforest/train_forest - Shuffle: 3 of 10 | AUC: 0.758
2019-04-24 17:10:08,910 - INFO - rndforest/train_forest - Shuffle: 4 of 10 | AUC: 0.771
2019-04-24 17:10:10,820 - INFO - rndforest/train_forest - Shuffle: 5 of 10 | AUC: 0.777
2019-04-24 17:10:12,715 - INFO - rndforest/train_forest - Shuffle: 6 of 10 | AUC: 0.756
2019-04-24 17:10:14,615 - INFO - rndforest/train_forest - Shuffle: 7 of 10 | AUC: 0.767
2019-04-24 17:10:16,525 - INFO - rndforest/train_forest - Shuffle: 8 of 10 | AUC: 0.760
2019-04-24 17:10:18,200 - INFO - rndforest/train_forest - Shuffle: 9 of 10 | AUC: 0.754
2019-04-24 17:10:20,007 - INFO - rndforest/train_forest - Shuffle: 10 of 10 | AUC: 0.762
2019-04-24 17:10:20,758 - INFO - rndforest/train_forest - Finished | Mean AUC: 0.76 | Stdev: 0.0072
2019-04-24 17:10:21,165 - INFO - rndforest/evaluate_default_prob - 2 of 15 bins were removed
2019-04-24 17:10:21,227 - INFO - rndforest/evaluate_default_prob - Fit succeded | R2: 0.993
2019-04-24 17:18:24,065 - INFO - api/save_publicdataset - Loandataset already exists for today
2019-04-24 17:18:26,523 - INFO - dataprep/load_data - Loaded Data: 86.1k credits
2019-04-24 17:18:26,757 - INFO - dataprep/clean_data - 10.88 % time filtered
2019-04-24 17:18:26,804 - INFO - dataprep/clean_data - 54.54 % NaN filtered
2019-04-24 17:18:26,914 - DEBUG - dataprep/clean_data - Number of remaining NaN: 0
2019-04-24 17:18:26,929 - INFO - dataprep/clean_data - 100.00 % of credits defaulted
2019-04-24 17:18:26,929 - INFO - dataprep/clean_data - Finished Data Cleansing
2019-04-24 17:18:26,945 - DEBUG - rndforest/train_forest - Train Random Forest with:
2019-04-24 17:18:26,945 - DEBUG - rndforest/train_forest - No of Trees: 122
2019-04-24 17:18:26,945 - DEBUG - rndforest/train_forest - Max Depth: 30
2019-04-24 17:18:26,945 - DEBUG - rndforest/train_forest - Min Leaf Size: 2500
2019-04-24 17:18:26,945 - DEBUG - rndforest/train_forest - Min Sample Split: 1000
2019-04-24 17:18:26,945 - DEBUG - rndforest/train_forest - Crit: gini
2019-04-24 17:19:35,797 - INFO - api/save_publicdataset - Loandataset already exists for today
2019-04-24 17:19:38,226 - INFO - dataprep/load_data - Loaded Data: 86.1k credits
2019-04-24 17:19:38,567 - INFO - dataprep/clean_data - 10.88 % time filtered
2019-04-24 17:19:38,629 - INFO - dataprep/clean_data - 54.54 % NaN filtered
2019-04-24 17:19:38,723 - DEBUG - dataprep/clean_data - Number of remaining NaN: 0
2019-04-24 17:19:38,723 - INFO - dataprep/clean_data - 100.00 % of credits defaulted
2019-04-24 17:19:38,739 - INFO - dataprep/clean_data - Finished Data Cleansing
2019-04-24 17:19:38,739 - DEBUG - rndforest/train_forest - Train Random Forest with:
2019-04-24 17:19:38,739 - DEBUG - rndforest/train_forest - No of Trees: 122
2019-04-24 17:19:38,739 - DEBUG - rndforest/train_forest - Max Depth: 30
2019-04-24 17:19:38,754 - DEBUG - rndforest/train_forest - Min Leaf Size: 2500
2019-04-24 17:19:38,754 - DEBUG - rndforest/train_forest - Min Sample Split: 1000
2019-04-24 17:19:38,754 - DEBUG - rndforest/train_forest - Crit: gini
2019-04-24 17:22:30,593 - INFO - api/save_publicdataset - Loandataset already exists for today
2019-04-24 17:22:33,111 - INFO - dataprep/load_data - Loaded Data: 86.1k credits
2019-04-24 17:22:33,559 - INFO - dataprep/clean_data - 10.88 % time filtered
2019-04-24 17:22:33,606 - INFO - dataprep/clean_data - 54.54 % NaN filtered
2019-04-24 17:22:33,716 - DEBUG - dataprep/clean_data - Number of remaining NaN: 0
2019-04-24 17:22:33,716 - INFO - dataprep/clean_data - 100.00 % of credits defaulted
2019-04-24 17:22:33,731 - INFO - dataprep/clean_data - Finished Data Cleansing
2019-04-24 17:23:36,104 - INFO - api/save_publicdataset - Loandataset already exists for today
2019-04-24 17:23:38,581 - INFO - dataprep/load_data - Loaded Data: 86.1k credits
2019-04-24 17:23:38,799 - INFO - dataprep/clean_data - 10.88 % time filtered
2019-04-24 17:23:38,846 - INFO - dataprep/clean_data - 3.06 % NaN filtered
2019-04-24 17:23:39,003 - DEBUG - dataprep/clean_data - Number of remaining NaN: 0
2019-04-24 17:23:39,018 - INFO - dataprep/clean_data - 40.19 % of credits defaulted
2019-04-24 17:23:39,018 - INFO - dataprep/clean_data - Finished Data Cleansing
2019-04-24 17:23:39,049 - DEBUG - rndforest/train_forest - Train Random Forest with:
2019-04-24 17:23:39,049 - DEBUG - rndforest/train_forest - No of Trees: 122
2019-04-24 17:23:39,049 - DEBUG - rndforest/train_forest - Max Depth: 30
2019-04-24 17:23:39,049 - DEBUG - rndforest/train_forest - Min Leaf Size: 2500
2019-04-24 17:23:39,049 - DEBUG - rndforest/train_forest - Min Sample Split: 1000
2019-04-24 17:23:39,049 - DEBUG - rndforest/train_forest - Crit: gini
2019-04-24 17:23:40,746 - INFO - rndforest/train_forest - Shuffle: 1 of 10 | AUC: 0.703
2019-04-24 17:23:42,420 - INFO - rndforest/train_forest - Shuffle: 2 of 10 | AUC: 0.696
2019-04-24 17:23:44,098 - INFO - rndforest/train_forest - Shuffle: 3 of 10 | AUC: 0.710
2019-04-24 17:23:45,904 - INFO - rndforest/train_forest - Shuffle: 4 of 10 | AUC: 0.703
2019-04-24 17:23:47,578 - INFO - rndforest/train_forest - Shuffle: 5 of 10 | AUC: 0.711
2019-04-24 17:23:49,238 - INFO - rndforest/train_forest - Shuffle: 6 of 10 | AUC: 0.701
2019-04-24 17:23:51,034 - INFO - rndforest/train_forest - Shuffle: 7 of 10 | AUC: 0.710
2019-04-24 17:23:52,850 - INFO - rndforest/train_forest - Shuffle: 8 of 10 | AUC: 0.703
2019-04-24 17:23:54,536 - INFO - rndforest/train_forest - Shuffle: 9 of 10 | AUC: 0.710
2019-04-24 17:23:56,206 - INFO - rndforest/train_forest - Shuffle: 10 of 10 | AUC: 0.703
2019-04-24 17:23:57,082 - INFO - rndforest/train_forest - Finished | Mean AUC: 0.71 | Stdev: 0.0051
2019-04-24 17:23:57,364 - INFO - rndforest/evaluate_default_prob - 1 of 12 bins were removed
2019-04-24 17:23:57,412 - INFO - rndforest/evaluate_default_prob - Fit succeded | R2: 0.986
2019-04-24 17:27:13,138 - INFO - api/save_publicdataset - Loandataset already exists for today
2019-04-24 17:27:15,633 - INFO - dataprep/load_data - Loaded Data: 86.1k credits
2019-04-24 17:27:15,874 - INFO - dataprep/clean_data - 10.88 % time filtered
2019-04-24 17:27:15,921 - INFO - dataprep/clean_data - 3.06 % NaN filtered
2019-04-24 17:27:16,109 - DEBUG - dataprep/clean_data - Number of remaining NaN: 0
2019-04-24 17:27:16,124 - INFO - dataprep/clean_data - 31.49 % of credits defaulted
2019-04-24 17:27:16,140 - INFO - dataprep/clean_data - Finished Data Cleansing
2019-04-24 17:27:16,171 - DEBUG - rndforest/train_forest - Train Random Forest with:
2019-04-24 17:27:16,171 - DEBUG - rndforest/train_forest - No of Trees: 122
2019-04-24 17:27:16,171 - DEBUG - rndforest/train_forest - Max Depth: 30
2019-04-24 17:27:16,171 - DEBUG - rndforest/train_forest - Min Leaf Size: 2500
2019-04-24 17:27:16,171 - DEBUG - rndforest/train_forest - Min Sample Split: 1000
2019-04-24 17:27:16,171 - DEBUG - rndforest/train_forest - Crit: gini
2019-04-24 17:27:17,948 - INFO - rndforest/train_forest - Shuffle: 1 of 10 | AUC: 0.751
2019-04-24 17:27:19,867 - INFO - rndforest/train_forest - Shuffle: 2 of 10 | AUC: 0.751
2019-04-24 17:27:21,776 - INFO - rndforest/train_forest - Shuffle: 3 of 10 | AUC: 0.746
2019-04-24 17:27:23,690 - INFO - rndforest/train_forest - Shuffle: 4 of 10 | AUC: 0.764
2019-04-24 17:27:25,604 - INFO - rndforest/train_forest - Shuffle: 5 of 10 | AUC: 0.753
2019-04-24 17:27:27,513 - INFO - rndforest/train_forest - Shuffle: 6 of 10 | AUC: 0.749
2019-04-24 17:27:29,431 - INFO - rndforest/train_forest - Shuffle: 7 of 10 | AUC: 0.746
2019-04-24 17:27:31,339 - INFO - rndforest/train_forest - Shuffle: 8 of 10 | AUC: 0.768
2019-04-24 17:27:33,263 - INFO - rndforest/train_forest - Shuffle: 9 of 10 | AUC: 0.731
2019-04-24 17:27:35,182 - INFO - rndforest/train_forest - Shuffle: 10 of 10 | AUC: 0.754
2019-04-24 17:27:35,823 - INFO - rndforest/train_forest - Finished | Mean AUC: 0.75 | Stdev: 0.0102
2019-04-24 17:27:36,230 - INFO - rndforest/evaluate_default_prob - 3 of 13 bins were removed
2019-04-24 17:27:36,292 - INFO - rndforest/evaluate_default_prob - Fit succeded | R2: 0.995
2019-04-24 17:27:50,338 - INFO - api/save_publicdataset - Loandataset already exists for today
2019-04-24 17:27:52,803 - INFO - dataprep/load_data - Loaded Data: 86.1k credits
2019-04-24 17:27:53,084 - INFO - dataprep/clean_data - 10.88 % time filtered
2019-04-24 17:27:53,131 - INFO - dataprep/clean_data - 3.06 % NaN filtered
2019-04-24 17:27:53,303 - DEBUG - dataprep/clean_data - Number of remaining NaN: 0
2019-04-24 17:27:53,303 - INFO - dataprep/clean_data - 29.35 % of credits defaulted
2019-04-24 17:27:53,319 - INFO - dataprep/clean_data - Finished Data Cleansing
2019-04-24 17:27:53,350 - DEBUG - rndforest/train_forest - Train Random Forest with:
2019-04-24 17:27:53,350 - DEBUG - rndforest/train_forest - No of Trees: 122
2019-04-24 17:27:53,350 - DEBUG - rndforest/train_forest - Max Depth: 30
2019-04-24 17:27:53,350 - DEBUG - rndforest/train_forest - Min Leaf Size: 2500
2019-04-24 17:27:53,350 - DEBUG - rndforest/train_forest - Min Sample Split: 1000
2019-04-24 17:27:53,350 - DEBUG - rndforest/train_forest - Crit: gini
2019-04-24 17:27:55,178 - INFO - rndforest/train_forest - Shuffle: 1 of 10 | AUC: 0.769
2019-04-24 17:27:57,107 - INFO - rndforest/train_forest - Shuffle: 2 of 10 | AUC: 0.766
2019-04-24 17:27:59,022 - INFO - rndforest/train_forest - Shuffle: 3 of 10 | AUC: 0.765
2019-04-24 17:28:00,930 - INFO - rndforest/train_forest - Shuffle: 4 of 10 | AUC: 0.768
2019-04-24 17:28:02,840 - INFO - rndforest/train_forest - Shuffle: 5 of 10 | AUC: 0.763
2019-04-24 17:28:04,742 - INFO - rndforest/train_forest - Shuffle: 6 of 10 | AUC: 0.773
2019-04-24 17:28:06,651 - INFO - rndforest/train_forest - Shuffle: 7 of 10 | AUC: 0.753
2019-04-24 17:28:08,440 - INFO - rndforest/train_forest - Shuffle: 8 of 10 | AUC: 0.771
2019-04-24 17:28:10,368 - INFO - rndforest/train_forest - Shuffle: 9 of 10 | AUC: 0.766
2019-04-24 17:28:12,277 - INFO - rndforest/train_forest - Shuffle: 10 of 10 | AUC: 0.768
2019-04-24 17:28:13,169 - INFO - rndforest/train_forest - Finished | Mean AUC: 0.77 | Stdev: 0.0054
2019-04-24 17:28:13,472 - INFO - rndforest/evaluate_default_prob - 2 of 14 bins were removed
2019-04-24 17:28:13,519 - INFO - rndforest/evaluate_default_prob - Fit succeded | R2: 0.993
2019-04-24 17:54:51,941 - INFO - api/save_publicdataset - Loandataset already exists for today
2019-04-24 17:54:54,485 - INFO - dataprep/load_data - Loaded Data: 86.1k credits
2019-04-24 17:54:54,740 - INFO - dataprep/clean_data - 10.88 % time filtered
2019-04-24 17:54:54,786 - INFO - dataprep/clean_data - 3.06 % NaN filtered
2019-04-24 17:54:54,985 - DEBUG - dataprep/clean_data - Number of remaining NaN: 0
2019-04-24 17:54:54,992 - INFO - dataprep/clean_data - 32.80 % of credits defaulted
2019-04-24 17:54:55,002 - INFO - dataprep/clean_data - Finished Data Cleansing
2019-04-24 17:54:55,032 - DEBUG - rndforest/train_forest - Train Random Forest with:
2019-04-24 17:54:55,032 - DEBUG - rndforest/train_forest - No of Trees: 122
2019-04-24 17:54:55,032 - DEBUG - rndforest/train_forest - Max Depth: 30
2019-04-24 17:54:55,032 - DEBUG - rndforest/train_forest - Min Leaf Size: 2500
2019-04-24 17:54:55,032 - DEBUG - rndforest/train_forest - Min Sample Split: 1000
2019-04-24 17:54:55,032 - DEBUG - rndforest/train_forest - Crit: gini
2019-04-24 17:54:56,773 - INFO - rndforest/train_forest - Shuffle: 1 of 10 | AUC: 0.778
2019-04-24 17:54:58,609 - INFO - rndforest/train_forest - Shuffle: 2 of 10 | AUC: 0.782
2019-04-24 17:55:00,453 - INFO - rndforest/train_forest - Shuffle: 3 of 10 | AUC: 0.780
2019-04-24 17:55:02,183 - INFO - rndforest/train_forest - Shuffle: 4 of 10 | AUC: 0.772
2019-04-24 17:55:03,912 - INFO - rndforest/train_forest - Shuffle: 5 of 10 | AUC: 0.777
2019-04-24 17:55:05,646 - INFO - rndforest/train_forest - Shuffle: 6 of 10 | AUC: 0.777
2019-04-24 17:55:07,485 - INFO - rndforest/train_forest - Shuffle: 7 of 10 | AUC: 0.775
2019-04-24 17:55:09,214 - INFO - rndforest/train_forest - Shuffle: 8 of 10 | AUC: 0.783
2019-04-24 17:55:10,944 - INFO - rndforest/train_forest - Shuffle: 9 of 10 | AUC: 0.774
2019-04-24 17:55:12,675 - INFO - rndforest/train_forest - Shuffle: 10 of 10 | AUC: 0.781
2019-04-24 17:55:13,234 - INFO - rndforest/train_forest - Finished | Mean AUC: 0.78 | Stdev: 0.0037
2019-04-24 17:55:13,589 - INFO - rndforest/evaluate_default_prob - 1 of 15 bins were removed
2019-04-24 17:55:13,638 - INFO - rndforest/evaluate_default_prob - Fit succeded | R2: 0.991
2019-04-24 17:59:29,831 - INFO - <ipython-input-26-281e7e40dd9a>/<module> - 10.87 % time filtered
2019-04-24 17:59:29,881 - INFO - <ipython-input-26-281e7e40dd9a>/<module> - 3.06 % NaN filtered
2019-04-24 18:17:27,168 - INFO - api/save_publicdataset - Loandataset already exists for today
2019-04-24 18:17:29,645 - INFO - dataprep/load_data - Loaded Data: 86.1k credits
2019-04-24 18:17:29,957 - INFO - dataprep/clean_data - 10.87 % time filtered
2019-04-24 18:17:29,989 - INFO - dataprep/clean_data - 3.06 % NaN filtered
2019-04-24 18:17:30,192 - DEBUG - dataprep/clean_data - Number of remaining NaN: 0
2019-04-24 18:17:30,192 - INFO - dataprep/clean_data - 32.80 % of credits defaulted
2019-04-24 18:17:30,207 - INFO - dataprep/clean_data - Finished Data Cleansing
2019-04-24 18:17:30,239 - DEBUG - rndforest/train_forest - Train Random Forest with:
2019-04-24 18:17:30,239 - DEBUG - rndforest/train_forest - No of Trees: 122
2019-04-24 18:17:30,239 - DEBUG - rndforest/train_forest - Max Depth: 30
2019-04-24 18:17:30,239 - DEBUG - rndforest/train_forest - Min Leaf Size: 2500
2019-04-24 18:17:30,239 - DEBUG - rndforest/train_forest - Min Sample Split: 1000
2019-04-24 18:17:30,239 - DEBUG - rndforest/train_forest - Crit: gini
2019-04-24 18:17:32,122 - INFO - rndforest/train_forest - Shuffle: 1 of 10 | AUC: 0.777
2019-04-24 18:17:34,035 - INFO - rndforest/train_forest - Shuffle: 2 of 10 | AUC: 0.780
2019-04-24 18:17:35,943 - INFO - rndforest/train_forest - Shuffle: 3 of 10 | AUC: 0.778
2019-04-24 18:17:37,751 - INFO - rndforest/train_forest - Shuffle: 4 of 10 | AUC: 0.779
2019-04-24 18:17:39,661 - INFO - rndforest/train_forest - Shuffle: 5 of 10 | AUC: 0.782
2019-04-24 18:17:41,586 - INFO - rndforest/train_forest - Shuffle: 6 of 10 | AUC: 0.780
2019-04-24 18:17:43,486 - INFO - rndforest/train_forest - Shuffle: 7 of 10 | AUC: 0.781
2019-04-24 18:17:45,395 - INFO - rndforest/train_forest - Shuffle: 8 of 10 | AUC: 0.776
2019-04-24 18:17:47,287 - INFO - rndforest/train_forest - Shuffle: 9 of 10 | AUC: 0.774
2019-04-24 18:17:49,205 - INFO - rndforest/train_forest - Shuffle: 10 of 10 | AUC: 0.779
2019-04-24 18:17:49,957 - INFO - rndforest/train_forest - Finished | Mean AUC: 0.78 | Stdev: 0.0024
2019-04-24 18:17:50,364 - INFO - rndforest/evaluate_default_prob - 2 of 16 bins were removed
2019-04-24 18:17:50,427 - INFO - rndforest/evaluate_default_prob - Fit succeded | R2: 0.992
2019-04-24 18:20:27,847 - INFO - api/save_publicdataset - Loandataset already exists for today
2019-04-24 18:20:30,331 - INFO - dataprep/load_data - Loaded Data: 86.1k credits
2019-04-24 18:20:30,598 - INFO - dataprep/clean_data - 10.87 % time filtered
2019-04-24 18:20:30,661 - INFO - dataprep/clean_data - 3.06 % NaN filtered
2019-04-24 18:20:51,212 - INFO - api/save_publicdataset - Loandataset already exists for today
2019-04-24 18:20:53,693 - INFO - dataprep/load_data - Loaded Data: 86.1k credits
2019-04-24 18:20:53,959 - INFO - dataprep/clean_data - 10.87 % time filtered
2019-04-24 18:20:54,006 - INFO - dataprep/clean_data - 3.06 % NaN filtered
2019-04-24 18:20:54,303 - DEBUG - dataprep/clean_data - Number of remaining NaN: 0
2019-04-24 18:20:54,303 - INFO - dataprep/clean_data - 32.80 % of credits defaulted
2019-04-24 18:20:54,318 - INFO - dataprep/clean_data - Finished Data Cleansing
2019-04-24 18:20:54,349 - DEBUG - rndforest/train_forest - Train Random Forest with:
2019-04-24 18:20:54,349 - DEBUG - rndforest/train_forest - No of Trees: 122
2019-04-24 18:20:54,349 - DEBUG - rndforest/train_forest - Max Depth: 30
2019-04-24 18:20:54,349 - DEBUG - rndforest/train_forest - Min Leaf Size: 2500
2019-04-24 18:20:54,349 - DEBUG - rndforest/train_forest - Min Sample Split: 1000
2019-04-24 18:20:54,349 - DEBUG - rndforest/train_forest - Crit: gini
2019-04-24 18:20:56,180 - INFO - rndforest/train_forest - Shuffle: 1 of 10 | AUC: 0.783
2019-04-24 18:20:57,999 - INFO - rndforest/train_forest - Shuffle: 2 of 10 | AUC: 0.773
2019-04-24 18:20:59,805 - INFO - rndforest/train_forest - Shuffle: 3 of 10 | AUC: 0.775
2019-04-24 18:21:01,604 - INFO - rndforest/train_forest - Shuffle: 4 of 10 | AUC: 0.779
2019-04-24 18:21:03,393 - INFO - rndforest/train_forest - Shuffle: 5 of 10 | AUC: 0.775
2019-04-24 18:21:05,207 - INFO - rndforest/train_forest - Shuffle: 6 of 10 | AUC: 0.770
2019-04-24 18:21:07,021 - INFO - rndforest/train_forest - Shuffle: 7 of 10 | AUC: 0.785
2019-04-24 18:21:08,830 - INFO - rndforest/train_forest - Shuffle: 8 of 10 | AUC: 0.779
2019-04-24 18:21:10,536 - INFO - rndforest/train_forest - Shuffle: 9 of 10 | AUC: 0.773
2019-04-24 18:21:12,365 - INFO - rndforest/train_forest - Shuffle: 10 of 10 | AUC: 0.782
2019-04-24 18:21:13,148 - INFO - rndforest/train_forest - Finished | Mean AUC: 0.78 | Stdev: 0.0050
2019-04-24 18:21:13,424 - INFO - rndforest/evaluate_default_prob - 2 of 15 bins were removed
2019-04-24 18:21:13,471 - INFO - rndforest/evaluate_default_prob - Fit succeded | R2: 0.992
2019-04-24 18:31:05,446 - INFO - api/save_publicdataset - Loandataset already exists for today
2019-04-24 18:31:07,953 - INFO - dataprep/load_data - Loaded Data: 86.1k credits
2019-04-24 18:31:08,409 - INFO - dataprep/clean_data - 10.87 % time filtered
2019-04-24 18:31:08,471 - INFO - dataprep/clean_data - 3.06 % NaN filtered
2019-04-24 18:31:08,753 - DEBUG - dataprep/clean_data - Number of remaining NaN: 0
2019-04-24 18:31:08,768 - INFO - dataprep/clean_data - 32.80 % of credits defaulted
2019-04-24 18:31:08,784 - INFO - dataprep/clean_data - Finished Data Cleansing
2019-04-24 18:31:08,815 - DEBUG - rndforest/train_forest - Train Random Forest with:
2019-04-24 18:31:08,815 - DEBUG - rndforest/train_forest - No of Trees: 122
2019-04-24 18:31:08,815 - DEBUG - rndforest/train_forest - Max Depth: 30
2019-04-24 18:31:08,815 - DEBUG - rndforest/train_forest - Min Leaf Size: 2500
2019-04-24 18:31:08,815 - DEBUG - rndforest/train_forest - Min Sample Split: 1000
2019-04-24 18:31:08,815 - DEBUG - rndforest/train_forest - Crit: gini
2019-04-24 18:31:10,899 - INFO - rndforest/train_forest - Shuffle: 1 of 10 | AUC: 0.769
2019-04-24 18:31:12,953 - INFO - rndforest/train_forest - Shuffle: 2 of 10 | AUC: 0.774
2019-04-24 18:31:15,024 - INFO - rndforest/train_forest - Shuffle: 3 of 10 | AUC: 0.773
2019-04-24 18:31:16,964 - INFO - rndforest/train_forest - Shuffle: 4 of 10 | AUC: 0.770
2019-04-24 18:31:19,007 - INFO - rndforest/train_forest - Shuffle: 5 of 10 | AUC: 0.770
2019-04-24 18:31:21,124 - INFO - rndforest/train_forest - Shuffle: 6 of 10 | AUC: 0.775
2019-04-24 18:31:23,051 - INFO - rndforest/train_forest - Shuffle: 7 of 10 | AUC: 0.779
2019-04-24 18:31:25,097 - INFO - rndforest/train_forest - Shuffle: 8 of 10 | AUC: 0.773
2019-04-24 18:31:27,162 - INFO - rndforest/train_forest - Shuffle: 9 of 10 | AUC: 0.772
2019-04-24 18:31:29,207 - INFO - rndforest/train_forest - Shuffle: 10 of 10 | AUC: 0.780
2019-04-24 18:31:29,958 - INFO - rndforest/train_forest - Finished | Mean AUC: 0.77 | Stdev: 0.0038
2019-04-24 18:31:30,396 - INFO - rndforest/evaluate_default_prob - 1 of 14 bins were removed
2019-04-24 18:31:30,459 - INFO - rndforest/evaluate_default_prob - Fit succeded | R2: 0.991
2019-04-24 18:33:08,385 - INFO - api/save_publicdataset - Loandataset already exists for today
2019-04-24 18:33:10,868 - INFO - dataprep/load_data - Loaded Data: 86.1k credits
2019-04-24 18:33:11,243 - INFO - dataprep/clean_data - 10.87 % time filtered
2019-04-24 18:33:11,305 - INFO - dataprep/clean_data - 3.06 % NaN filtered
2019-04-24 18:33:11,572 - DEBUG - dataprep/clean_data - Number of remaining NaN: 0
2019-04-24 18:33:11,588 - INFO - dataprep/clean_data - 32.80 % of credits defaulted
2019-04-24 18:33:11,588 - INFO - dataprep/clean_data - Finished Data Cleansing
2019-04-24 18:33:11,635 - DEBUG - rndforest/train_forest - Train Random Forest with:
2019-04-24 18:33:11,635 - DEBUG - rndforest/train_forest - No of Trees: 122
2019-04-24 18:33:11,635 - DEBUG - rndforest/train_forest - Max Depth: 30
2019-04-24 18:33:11,635 - DEBUG - rndforest/train_forest - Min Leaf Size: 2500
2019-04-24 18:33:11,635 - DEBUG - rndforest/train_forest - Min Sample Split: 1000
2019-04-24 18:33:11,635 - DEBUG - rndforest/train_forest - Crit: gini
2019-04-24 18:33:13,721 - INFO - rndforest/train_forest - Shuffle: 1 of 10 | AUC: 0.780
2019-04-24 18:33:15,786 - INFO - rndforest/train_forest - Shuffle: 2 of 10 | AUC: 0.781
2019-04-24 18:33:17,835 - INFO - rndforest/train_forest - Shuffle: 3 of 10 | AUC: 0.778
2019-04-24 18:33:19,911 - INFO - rndforest/train_forest - Shuffle: 4 of 10 | AUC: 0.780
2019-04-24 18:33:21,930 - INFO - rndforest/train_forest - Shuffle: 5 of 10 | AUC: 0.773
2019-04-24 18:33:23,850 - INFO - rndforest/train_forest - Shuffle: 6 of 10 | AUC: 0.778
2019-04-24 18:33:25,883 - INFO - rndforest/train_forest - Shuffle: 7 of 10 | AUC: 0.773
2019-04-24 18:33:27,808 - INFO - rndforest/train_forest - Shuffle: 8 of 10 | AUC: 0.775
2019-04-24 18:33:29,867 - INFO - rndforest/train_forest - Shuffle: 9 of 10 | AUC: 0.780
2019-04-24 18:33:31,932 - INFO - rndforest/train_forest - Shuffle: 10 of 10 | AUC: 0.779
2019-04-24 18:36:22,042 - INFO - api/save_publicdataset - Loandataset already exists for today
2019-04-24 18:36:24,487 - INFO - dataprep/load_data - Loaded Data: 86.1k credits
2019-04-24 18:36:24,784 - INFO - dataprep/clean_data - 10.87 % time filtered
2019-04-24 18:36:24,847 - INFO - dataprep/clean_data - 3.06 % NaN filtered
2019-04-24 18:36:25,112 - DEBUG - dataprep/clean_data - Number of remaining NaN: 0
2019-04-24 18:36:25,112 - INFO - dataprep/clean_data - 32.80 % of credits defaulted
2019-04-24 18:36:25,128 - INFO - dataprep/clean_data - Finished Data Cleansing
2019-04-24 18:36:25,143 - DEBUG - rndforest/train_forest - Train Random Forest with:
2019-04-24 18:36:25,159 - DEBUG - rndforest/train_forest - No of Trees: 122
2019-04-24 18:36:25,159 - DEBUG - rndforest/train_forest - Max Depth: 30
2019-04-24 18:36:25,159 - DEBUG - rndforest/train_forest - Min Leaf Size: 2500
2019-04-24 18:36:25,159 - DEBUG - rndforest/train_forest - Min Sample Split: 1000
2019-04-24 18:36:25,159 - DEBUG - rndforest/train_forest - Crit: gini
2019-04-24 18:36:26,849 - INFO - rndforest/train_forest - Shuffle: 1 of 10 | AUC: 0.775
2019-04-24 18:36:28,669 - INFO - rndforest/train_forest - Shuffle: 2 of 10 | AUC: 0.773
2019-04-24 18:36:30,469 - INFO - rndforest/train_forest - Shuffle: 3 of 10 | AUC: 0.776
2019-04-24 18:36:32,267 - INFO - rndforest/train_forest - Shuffle: 4 of 10 | AUC: 0.766
2019-04-24 18:36:34,076 - INFO - rndforest/train_forest - Shuffle: 5 of 10 | AUC: 0.783
2019-04-24 18:36:35,876 - INFO - rndforest/train_forest - Shuffle: 6 of 10 | AUC: 0.777
2019-04-24 18:36:37,563 - INFO - rndforest/train_forest - Shuffle: 7 of 10 | AUC: 0.786
2019-04-24 18:36:39,379 - INFO - rndforest/train_forest - Shuffle: 8 of 10 | AUC: 0.777
2019-04-24 18:36:41,179 - INFO - rndforest/train_forest - Shuffle: 9 of 10 | AUC: 0.785
2019-04-24 18:36:42,993 - INFO - rndforest/train_forest - Shuffle: 10 of 10 | AUC: 0.772
2019-04-24 18:36:44,030 - INFO - rndforest/train_forest - Finished | Mean AUC: 0.78 | Stdev: 0.0062
2019-04-24 18:36:44,311 - INFO - rndforest/evaluate_default_prob - 1 of 14 bins were removed
2019-04-24 18:36:44,358 - INFO - rndforest/evaluate_default_prob - Fit succeded | R2: 0.990
2019-04-24 18:40:37,073 - INFO - api/save_publicdataset - Loandataset already exists for today
2019-04-24 18:40:39,556 - INFO - dataprep/load_data - Loaded Data: 86.1k credits
2019-04-24 18:40:39,806 - INFO - dataprep/clean_data - 10.87 % time filtered
2019-04-24 18:40:39,853 - INFO - dataprep/clean_data - 3.06 % NaN filtered
2019-04-24 18:40:40,088 - DEBUG - dataprep/clean_data - Number of remaining NaN: 0
2019-04-24 18:40:40,103 - INFO - dataprep/clean_data - 32.80 % of credits defaulted
2019-04-24 18:40:40,103 - INFO - dataprep/clean_data - Finished Data Cleansing
2019-04-24 18:40:40,134 - DEBUG - rndforest/train_forest - Train Random Forest with:
2019-04-24 18:40:40,134 - DEBUG - rndforest/train_forest - No of Trees: 122
2019-04-24 18:40:40,134 - DEBUG - rndforest/train_forest - Max Depth: 30
2019-04-24 18:40:40,134 - DEBUG - rndforest/train_forest - Min Leaf Size: 2500
2019-04-24 18:40:40,134 - DEBUG - rndforest/train_forest - Min Sample Split: 1000
2019-04-24 18:40:40,134 - DEBUG - rndforest/train_forest - Crit: gini
2019-04-24 18:40:42,091 - INFO - rndforest/train_forest - Shuffle: 1 of 10 | AUC: 0.793
2019-04-24 18:40:43,884 - INFO - rndforest/train_forest - Shuffle: 2 of 10 | AUC: 0.779
2019-04-24 18:40:45,685 - INFO - rndforest/train_forest - Shuffle: 3 of 10 | AUC: 0.771
2019-04-24 18:40:47,468 - INFO - rndforest/train_forest - Shuffle: 4 of 10 | AUC: 0.775
2019-04-24 18:40:49,276 - INFO - rndforest/train_forest - Shuffle: 5 of 10 | AUC: 0.781
2019-04-24 18:40:51,077 - INFO - rndforest/train_forest - Shuffle: 6 of 10 | AUC: 0.776
2019-04-24 18:40:52,888 - INFO - rndforest/train_forest - Shuffle: 7 of 10 | AUC: 0.781
2019-04-24 18:40:54,701 - INFO - rndforest/train_forest - Shuffle: 8 of 10 | AUC: 0.775
2019-04-24 18:40:56,500 - INFO - rndforest/train_forest - Shuffle: 9 of 10 | AUC: 0.771
2019-04-24 18:40:58,313 - INFO - rndforest/train_forest - Shuffle: 10 of 10 | AUC: 0.778
2019-04-24 18:40:59,497 - INFO - rndforest/train_forest - Finished | Mean AUC: 0.78 | Stdev: 0.0065
2019-04-24 18:40:59,778 - INFO - rndforest/evaluate_default_prob - 2 of 15 bins were removed
2019-04-24 18:40:59,825 - INFO - rndforest/evaluate_default_prob - Fit succeded | R2: 0.990
2019-04-24 18:54:21,742 - INFO - api/save_publicdataset - Loandataset already exists for today
2019-04-24 18:54:24,196 - INFO - dataprep/load_data - Loaded Data: 86.1k credits
2019-04-24 18:54:24,494 - INFO - dataprep/clean_data - 10.86 % time filtered
2019-04-24 18:54:24,572 - INFO - dataprep/clean_data - 3.06 % NaN filtered
2019-04-24 18:54:24,807 - DEBUG - dataprep/clean_data - Number of remaining NaN: 0
2019-04-24 18:54:24,807 - INFO - dataprep/clean_data - 32.79 % of credits defaulted
2019-04-24 18:54:24,822 - INFO - dataprep/clean_data - Finished Data Cleansing
2019-04-24 18:54:24,853 - DEBUG - rndforest/train_forest - Train Random Forest with:
2019-04-24 18:54:24,853 - DEBUG - rndforest/train_forest - No of Trees: 122
2019-04-24 18:54:24,853 - DEBUG - rndforest/train_forest - Max Depth: 30
2019-04-24 18:54:24,853 - DEBUG - rndforest/train_forest - Min Leaf Size: 2500
2019-04-24 18:54:24,853 - DEBUG - rndforest/train_forest - Min Sample Split: 1000
2019-04-24 18:54:24,853 - DEBUG - rndforest/train_forest - Crit: gini
2019-04-24 18:54:26,528 - INFO - rndforest/train_forest - Shuffle: 1 of 10 | AUC: 0.774
2019-04-24 18:54:28,342 - INFO - rndforest/train_forest - Shuffle: 2 of 10 | AUC: 0.772
2019-04-24 18:54:30,136 - INFO - rndforest/train_forest - Shuffle: 3 of 10 | AUC: 0.772
2019-04-24 18:54:31,936 - INFO - rndforest/train_forest - Shuffle: 4 of 10 | AUC: 0.785
2019-04-24 18:54:33,754 - INFO - rndforest/train_forest - Shuffle: 5 of 10 | AUC: 0.780
2019-04-24 18:54:35,577 - INFO - rndforest/train_forest - Shuffle: 6 of 10 | AUC: 0.786
2019-04-24 18:54:37,281 - INFO - rndforest/train_forest - Shuffle: 7 of 10 | AUC: 0.772
2019-04-24 18:54:38,925 - INFO - rndforest/train_forest - Shuffle: 8 of 10 | AUC: 0.780
2019-04-24 18:54:40,748 - INFO - rndforest/train_forest - Shuffle: 9 of 10 | AUC: 0.772
2019-04-24 18:54:42,579 - INFO - rndforest/train_forest - Shuffle: 10 of 10 | AUC: 0.785
2019-04-24 18:54:43,566 - INFO - rndforest/train_forest - Finished | Mean AUC: 0.78 | Stdev: 0.0060
2019-04-24 18:54:43,972 - INFO - rndforest/evaluate_default_prob - 2 of 15 bins were removed
2019-04-24 18:54:44,050 - INFO - rndforest/evaluate_default_prob - Fit succeded | R2: 0.991
2019-04-24 18:59:32,022 - INFO - api/save_publicdataset - Loandataset already exists for today
2019-04-24 18:59:34,493 - INFO - dataprep/load_data - Loaded Data: 86.1k credits
2019-04-24 18:59:34,743 - INFO - dataprep/clean_data - 10.86 % time filtered
2019-04-24 18:59:34,789 - INFO - dataprep/clean_data - 3.06 % NaN filtered
2019-04-24 18:59:35,024 - DEBUG - dataprep/clean_data - Number of remaining NaN: 0
2019-04-24 18:59:35,039 - INFO - dataprep/clean_data - 32.79 % of credits defaulted
2019-04-24 18:59:35,055 - INFO - dataprep/clean_data - Finished Data Cleansing
2019-04-24 18:59:35,086 - DEBUG - rndforest/train_forest - Train Random Forest with:
2019-04-24 18:59:35,086 - DEBUG - rndforest/train_forest - No of Trees: 122
2019-04-24 18:59:35,086 - DEBUG - rndforest/train_forest - Max Depth: 30
2019-04-24 18:59:35,086 - DEBUG - rndforest/train_forest - Min Leaf Size: 2500
2019-04-24 18:59:35,086 - DEBUG - rndforest/train_forest - Min Sample Split: 1000
2019-04-24 18:59:35,086 - DEBUG - rndforest/train_forest - Crit: gini
2019-04-24 18:59:36,901 - INFO - rndforest/train_forest - Shuffle: 1 of 10 | AUC: 0.766
2019-04-24 18:59:38,769 - INFO - rndforest/train_forest - Shuffle: 2 of 10 | AUC: 0.778
2019-04-24 18:59:40,591 - INFO - rndforest/train_forest - Shuffle: 3 of 10 | AUC: 0.788
2019-04-24 18:59:42,373 - INFO - rndforest/train_forest - Shuffle: 4 of 10 | AUC: 0.769
2019-04-24 18:59:44,192 - INFO - rndforest/train_forest - Shuffle: 5 of 10 | AUC: 0.780
2019-04-24 18:59:45,998 - INFO - rndforest/train_forest - Shuffle: 6 of 10 | AUC: 0.772
2019-04-24 18:59:47,798 - INFO - rndforest/train_forest - Shuffle: 7 of 10 | AUC: 0.786
2019-04-24 18:59:49,604 - INFO - rndforest/train_forest - Shuffle: 8 of 10 | AUC: 0.790
2019-04-24 18:59:51,406 - INFO - rndforest/train_forest - Shuffle: 9 of 10 | AUC: 0.776
2019-04-24 18:59:53,189 - INFO - rndforest/train_forest - Shuffle: 10 of 10 | AUC: 0.772
2019-04-24 18:59:54,144 - INFO - rndforest/train_forest - Finished | Mean AUC: 0.78 | Stdev: 0.0082
2019-04-24 18:59:54,557 - INFO - rndforest/evaluate_default_prob - 2 of 15 bins were removed
2019-04-24 18:59:54,604 - INFO - rndforest/evaluate_default_prob - Fit succeded | R2: 0.990
2019-04-24 19:00:39,351 - INFO - api/save_publicdataset - Loandataset already exists for today
2019-04-24 19:00:41,839 - INFO - dataprep/load_data - Loaded Data: 86.1k credits
2019-04-24 19:00:42,089 - INFO - dataprep/clean_data - 10.86 % time filtered
2019-04-24 19:00:42,261 - INFO - dataprep/clean_data - 3.06 % NaN filtered
2019-04-24 19:00:42,559 - DEBUG - dataprep/clean_data - Number of remaining NaN: 0
2019-04-24 19:00:42,574 - INFO - dataprep/clean_data - 32.79 % of credits defaulted
2019-04-24 19:00:42,590 - INFO - dataprep/clean_data - Finished Data Cleansing
2019-04-24 19:00:42,621 - DEBUG - rndforest/train_forest - Train Random Forest with:
2019-04-24 19:00:42,621 - DEBUG - rndforest/train_forest - No of Trees: 122
2019-04-24 19:00:42,621 - DEBUG - rndforest/train_forest - Max Depth: 30
2019-04-24 19:00:42,621 - DEBUG - rndforest/train_forest - Min Leaf Size: 2500
2019-04-24 19:00:42,621 - DEBUG - rndforest/train_forest - Min Sample Split: 1000
2019-04-24 19:00:42,621 - DEBUG - rndforest/train_forest - Crit: gini
2019-04-24 19:00:44,682 - INFO - rndforest/train_forest - Shuffle: 1 of 10 | AUC: 0.779
2019-04-24 19:00:46,587 - INFO - rndforest/train_forest - Shuffle: 2 of 10 | AUC: 0.782
2019-04-24 19:00:48,487 - INFO - rndforest/train_forest - Shuffle: 3 of 10 | AUC: 0.786
2019-04-24 19:00:50,511 - INFO - rndforest/train_forest - Shuffle: 4 of 10 | AUC: 0.780
2019-04-24 19:00:52,420 - INFO - rndforest/train_forest - Shuffle: 5 of 10 | AUC: 0.789
2019-04-24 19:00:54,337 - INFO - rndforest/train_forest - Shuffle: 6 of 10 | AUC: 0.778
2019-04-24 19:00:56,248 - INFO - rndforest/train_forest - Shuffle: 7 of 10 | AUC: 0.791
2019-04-24 19:00:58,172 - INFO - rndforest/train_forest - Shuffle: 8 of 10 | AUC: 0.782
2019-04-24 19:01:00,058 - INFO - rndforest/train_forest - Shuffle: 9 of 10 | AUC: 0.782
2019-04-24 19:01:02,083 - INFO - rndforest/train_forest - Shuffle: 10 of 10 | AUC: 0.784
2019-04-24 19:01:03,068 - INFO - rndforest/train_forest - Finished | Mean AUC: 0.78 | Stdev: 0.0042
2019-04-24 19:01:03,349 - INFO - rndforest/evaluate_default_prob - 3 of 16 bins were removed
2019-04-24 19:01:03,410 - INFO - rndforest/evaluate_default_prob - Fit succeded | R2: 0.991
2019-04-24 19:04:12,416 - INFO - api/save_publicdataset - Loandataset already exists for today
2019-04-24 19:04:14,863 - INFO - dataprep/load_data - Loaded Data: 86.1k credits
2019-04-24 19:04:15,223 - INFO - dataprep/clean_data - 10.86 % time filtered
2019-04-24 19:04:15,411 - INFO - dataprep/clean_data - 3.06 % NaN filtered
2019-04-24 19:04:15,771 - DEBUG - dataprep/clean_data - Number of remaining NaN: 0
2019-04-24 19:04:15,786 - INFO - dataprep/clean_data - 32.79 % of credits defaulted
2019-04-24 19:04:15,786 - INFO - dataprep/clean_data - Finished Data Cleansing
2019-04-24 19:04:15,849 - DEBUG - rndforest/train_forest - Train Random Forest with:
2019-04-24 19:04:15,849 - DEBUG - rndforest/train_forest - No of Trees: 122
2019-04-24 19:04:15,849 - DEBUG - rndforest/train_forest - Max Depth: 30
2019-04-24 19:04:15,849 - DEBUG - rndforest/train_forest - Min Leaf Size: 2500
2019-04-24 19:04:15,849 - DEBUG - rndforest/train_forest - Min Sample Split: 1000
2019-04-24 19:04:15,849 - DEBUG - rndforest/train_forest - Crit: gini
2019-04-24 19:04:17,775 - INFO - rndforest/train_forest - Shuffle: 1 of 10 | AUC: 0.781
2019-04-24 19:04:19,723 - INFO - rndforest/train_forest - Shuffle: 2 of 10 | AUC: 0.780
2019-04-24 19:04:21,679 - INFO - rndforest/train_forest - Shuffle: 3 of 10 | AUC: 0.783
2019-04-24 19:04:23,644 - INFO - rndforest/train_forest - Shuffle: 4 of 10 | AUC: 0.777
2019-04-24 19:04:25,740 - INFO - rndforest/train_forest - Shuffle: 5 of 10 | AUC: 0.779
2019-04-24 19:04:27,810 - INFO - rndforest/train_forest - Shuffle: 6 of 10 | AUC: 0.773
2019-04-24 19:04:29,912 - INFO - rndforest/train_forest - Shuffle: 7 of 10 | AUC: 0.780
2019-04-24 19:04:32,000 - INFO - rndforest/train_forest - Shuffle: 8 of 10 | AUC: 0.778
2019-04-24 19:04:33,940 - INFO - rndforest/train_forest - Shuffle: 9 of 10 | AUC: 0.788
2019-04-24 19:04:35,918 - INFO - rndforest/train_forest - Shuffle: 10 of 10 | AUC: 0.783
2019-04-24 19:04:37,060 - INFO - rndforest/train_forest - Finished | Mean AUC: 0.78 | Stdev: 0.0040
2019-04-24 19:04:37,357 - INFO - rndforest/evaluate_default_prob - 2 of 13 bins were removed
2019-04-24 19:04:37,405 - INFO - rndforest/evaluate_default_prob - Fit succeded | R2: 0.981
