2019-04-25 16:26:49,134 - DEBUG - log/custom_logger - Logging started on: 2019-04-25 16:26:49
2019-04-25 16:26:49,134 - DEBUG - log/custom_logger - ################################
2019-04-25 16:26:49,147 - DEBUG - api/get_publicdataset - Requested for user: Oliver
2019-04-25 16:27:00,157 - DEBUG - api/get_publicdataset - Status Code: 200 - Success
2019-04-25 16:27:00,188 - INFO - api/save_publicdataset - Received Page 1 of 9
2019-04-25 16:27:00,193 - DEBUG - api/get_publicdataset - Requested for user: Oliver
2019-04-25 16:27:11,784 - DEBUG - api/get_publicdataset - Status Code: 200 - Success
2019-04-25 16:27:12,888 - INFO - api/save_publicdataset - Received Page 2 of 9
2019-04-25 16:27:12,889 - DEBUG - api/get_publicdataset - Requested for user: Oliver
2019-04-25 16:27:24,447 - DEBUG - api/get_publicdataset - Status Code: 200 - Success
2019-04-25 16:27:25,860 - INFO - api/save_publicdataset - Received Page 3 of 9
2019-04-25 16:27:25,862 - DEBUG - api/get_publicdataset - Requested for user: Oliver
2019-04-25 16:27:37,985 - DEBUG - api/get_publicdataset - Status Code: 200 - Success
2019-04-25 16:27:39,337 - INFO - api/save_publicdataset - Received Page 4 of 9
2019-04-25 16:27:39,338 - DEBUG - api/get_publicdataset - Requested for user: Oliver
2019-04-25 16:27:50,571 - DEBUG - api/get_publicdataset - Status Code: 200 - Success
2019-04-25 16:27:51,962 - INFO - api/save_publicdataset - Received Page 5 of 9
2019-04-25 16:27:51,963 - DEBUG - api/get_publicdataset - Requested for user: Oliver
2019-04-25 16:28:03,806 - DEBUG - api/get_publicdataset - Status Code: 200 - Success
2019-04-25 16:28:05,211 - INFO - api/save_publicdataset - Received Page 6 of 9
2019-04-25 16:28:05,211 - DEBUG - api/get_publicdataset - Requested for user: Oliver
2019-04-25 16:28:17,276 - DEBUG - api/get_publicdataset - Status Code: 200 - Success
2019-04-25 16:28:18,782 - INFO - api/save_publicdataset - Received Page 7 of 9
2019-04-25 16:28:18,782 - DEBUG - api/get_publicdataset - Requested for user: Oliver
2019-04-25 16:28:30,690 - DEBUG - api/get_publicdataset - Status Code: 200 - Success
2019-04-25 16:28:32,283 - INFO - api/save_publicdataset - Received Page 8 of 9
2019-04-25 16:28:32,284 - DEBUG - api/get_publicdataset - Requested for user: Oliver
2019-04-25 16:28:39,805 - DEBUG - api/get_publicdataset - Status Code: 200 - Success
2019-04-25 16:28:41,394 - INFO - api/save_publicdataset - Received Page 9 of 9
2019-04-25 16:28:49,028 - INFO - api/save_publicdataset - Public Data set saved
2019-04-25 16:28:49,694 - INFO - dataprep/clean_data - 10.93 % time filtered
2019-04-25 16:29:32,194 - INFO - dataprep/clean_data - 10.93 % time filtered
2019-04-25 16:30:58,691 - INFO - <ipython-input-8-e8d2cb8dc75b>/<module> - 10.93 % time filtered
2019-04-25 16:39:25,798 - INFO - <ipython-input-20-f2cd83db7e7a>/<module> - 10.93 % time filtered
2019-04-25 16:40:06,637 - INFO - <ipython-input-22-388eb2be4638>/<module> - 10.93 % time filtered
2019-04-25 16:40:18,259 - INFO - <ipython-input-23-a8bb6064318c>/<module> - 10.93 % time filtered
2019-04-25 16:40:39,756 - INFO - api/save_publicdataset - Loandataset already exists for today
2019-04-25 16:40:42,250 - INFO - dataprep/load_data - Loaded Data: 86.3k credits
2019-04-25 16:42:11,341 - INFO - <ipython-input-36-e8d2cb8dc75b>/<module> - 10.93 % time filtered
2019-04-25 16:43:51,881 - INFO - <ipython-input-39-48b7302c83aa>/<module> - 10.93 % time filtered
2019-04-25 16:55:21,795 - INFO - <ipython-input-44-9c712ed3d110>/<module> - 10.93 % time filtered
2019-04-25 16:57:14,426 - INFO - <ipython-input-47-606decb0112c>/<module> - 10.93 % time filtered
2019-04-25 16:57:50,396 - INFO - api/save_publicdataset - Loandataset already exists for today
2019-04-25 16:57:52,856 - INFO - dataprep/load_data - Loaded Data: 86.3k credits
2019-04-25 16:57:53,138 - INFO - dataprep/clean_data - 10.93 % time filtered
2019-04-25 16:57:53,216 - INFO - dataprep/clean_data - 3.06 % NaN filtered
2019-04-25 16:57:53,580 - DEBUG - dataprep/clean_data - Number of remaining NaN: 0
2019-04-25 16:57:53,580 - INFO - dataprep/clean_data - 32.80 % of credits defaulted
2019-04-25 16:57:53,596 - INFO - dataprep/clean_data - Finished Data Cleansing
2019-04-25 16:57:53,643 - DEBUG - rndforest/train_forest - Train Random Forest with:
2019-04-25 16:57:53,643 - DEBUG - rndforest/train_forest - No of Trees: 122
2019-04-25 16:57:53,643 - DEBUG - rndforest/train_forest - Max Depth: 30
2019-04-25 16:57:53,643 - DEBUG - rndforest/train_forest - Min Leaf Size: 2500
2019-04-25 16:57:53,643 - DEBUG - rndforest/train_forest - Min Sample Split: 1000
2019-04-25 16:57:53,643 - DEBUG - rndforest/train_forest - Crit: gini
2019-04-25 16:57:55,739 - INFO - rndforest/train_forest - Shuffle: 1 of 10 | AUC: 0.774
2019-04-25 16:57:57,763 - INFO - rndforest/train_forest - Shuffle: 2 of 10 | AUC: 0.772
2019-04-25 16:57:59,676 - INFO - rndforest/train_forest - Shuffle: 3 of 10 | AUC: 0.771
2019-04-25 16:58:01,588 - INFO - rndforest/train_forest - Shuffle: 4 of 10 | AUC: 0.790
2019-04-25 16:58:03,503 - INFO - rndforest/train_forest - Shuffle: 5 of 10 | AUC: 0.775
2019-04-25 16:58:05,412 - INFO - rndforest/train_forest - Shuffle: 6 of 10 | AUC: 0.773
2019-04-25 16:58:07,310 - INFO - rndforest/train_forest - Shuffle: 7 of 10 | AUC: 0.774
2019-04-25 16:58:09,332 - INFO - rndforest/train_forest - Shuffle: 8 of 10 | AUC: 0.771
2019-04-25 16:58:11,237 - INFO - rndforest/train_forest - Shuffle: 9 of 10 | AUC: 0.774
2019-04-25 16:58:13,140 - INFO - rndforest/train_forest - Shuffle: 10 of 10 | AUC: 0.779
2019-04-25 16:58:14,124 - INFO - rndforest/train_forest - Finished | Mean AUC: 0.78 | Stdev: 0.0057
2019-04-25 16:58:14,438 - INFO - rndforest/evaluate_default_prob - 2 of 13 bins were removed
2019-04-25 16:58:14,485 - INFO - rndforest/evaluate_default_prob - Fit succeded | R2: 0.982
2019-04-25 16:58:32,858 - INFO - <ipython-input-52-5342ace03dd8>/<module> - ############ 984 ##############
2019-04-25 16:58:32,858 - DEBUG - api/get_investments - Requested for user: Niklas
2019-04-25 16:58:43,565 - DEBUG - api/get_investments - Status Code: 200 - Success
2019-04-25 16:58:43,565 - INFO - api/save_investments - Received Page 1 of 1
2019-04-25 16:58:46,428 - INFO - api/save_investments - Investments saved
2019-04-25 16:58:46,506 - DEBUG - dataprep/clean_data - Number of remaining NaN: 0
2019-04-25 16:58:46,506 - INFO - dataprep/clean_data - Finished Data Cleansing
2019-04-25 16:59:57,907 - INFO - api/save_publicdataset - Loandataset already exists for today
2019-04-25 17:00:00,380 - INFO - dataprep/load_data - Loaded Data: 86.3k credits
2019-04-25 17:00:00,740 - INFO - dataprep/clean_data - 10.93 % time filtered
2019-04-25 17:00:00,803 - INFO - dataprep/clean_data - 3.06 % NaN filtered
2019-04-25 17:00:01,100 - DEBUG - dataprep/clean_data - Number of remaining NaN: 0
2019-04-25 17:00:01,115 - INFO - dataprep/clean_data - 32.80 % of credits defaulted
2019-04-25 17:00:01,131 - INFO - dataprep/clean_data - Finished Data Cleansing
2019-04-25 17:00:01,178 - DEBUG - rndforest/train_forest - Train Random Forest with:
2019-04-25 17:00:01,178 - DEBUG - rndforest/train_forest - No of Trees: 122
2019-04-25 17:00:01,178 - DEBUG - rndforest/train_forest - Max Depth: 30
2019-04-25 17:00:01,178 - DEBUG - rndforest/train_forest - Min Leaf Size: 2500
2019-04-25 17:00:01,178 - DEBUG - rndforest/train_forest - Min Sample Split: 1000
2019-04-25 17:00:01,178 - DEBUG - rndforest/train_forest - Crit: gini
2019-04-25 17:00:02,993 - INFO - rndforest/train_forest - Shuffle: 1 of 10 | AUC: 0.764
2019-04-25 17:00:04,771 - INFO - rndforest/train_forest - Shuffle: 2 of 10 | AUC: 0.768
2019-04-25 17:00:06,553 - INFO - rndforest/train_forest - Shuffle: 3 of 10 | AUC: 0.769
2019-04-25 17:00:08,337 - INFO - rndforest/train_forest - Shuffle: 4 of 10 | AUC: 0.775
2019-04-25 17:00:10,130 - INFO - rndforest/train_forest - Shuffle: 5 of 10 | AUC: 0.766
2019-04-25 17:00:11,914 - INFO - rndforest/train_forest - Shuffle: 6 of 10 | AUC: 0.775
2019-04-25 17:00:13,682 - INFO - rndforest/train_forest - Shuffle: 7 of 10 | AUC: 0.770
2019-04-25 17:00:15,481 - INFO - rndforest/train_forest - Shuffle: 8 of 10 | AUC: 0.771
2019-04-25 17:00:17,279 - INFO - rndforest/train_forest - Shuffle: 9 of 10 | AUC: 0.779
2019-04-25 17:00:19,049 - INFO - rndforest/train_forest - Shuffle: 10 of 10 | AUC: 0.769
2019-04-25 17:00:19,953 - INFO - rndforest/train_forest - Finished | Mean AUC: 0.77 | Stdev: 0.0045
2019-04-25 17:00:20,360 - INFO - rndforest/evaluate_default_prob - 2 of 14 bins were removed
2019-04-25 17:00:20,408 - INFO - rndforest/evaluate_default_prob - Fit succeded | R2: 0.987
2019-04-25 17:00:28,091 - INFO - <ipython-input-54-8f1b642d492e>/<module> - ############ 984 ##############
2019-04-25 17:00:28,091 - DEBUG - api/get_investments - Requested for user: Niklas
2019-04-25 17:00:38,576 - DEBUG - api/get_investments - Status Code: 200 - Success
2019-04-25 17:00:38,584 - INFO - api/save_investments - Received Page 1 of 1
2019-04-25 17:00:41,633 - INFO - api/save_investments - Investments saved
2019-04-25 17:00:41,699 - DEBUG - dataprep/clean_data - Number of remaining NaN: 0
2019-04-25 17:00:41,700 - INFO - dataprep/clean_data - Finished Data Cleansing
2019-04-25 18:05:31,375 - INFO - api/save_publicdataset - Loandataset already exists for today
2019-04-25 18:05:33,846 - INFO - dataprep/load_data - Loaded Data: 86.3k credits
2019-04-25 18:05:34,221 - INFO - dataprep/clean_data - 10.92 % time filtered
2019-04-25 18:05:34,284 - INFO - dataprep/clean_data - 3.06 % NaN filtered
2019-04-25 18:05:34,566 - DEBUG - dataprep/clean_data - Number of remaining NaN: 0
2019-04-25 18:05:34,566 - INFO - dataprep/clean_data - 32.80 % of credits defaulted
2019-04-25 18:05:34,582 - INFO - dataprep/clean_data - Finished Data Cleansing
2019-04-25 18:05:34,624 - DEBUG - rndforest/train_forest - Train Random Forest with:
2019-04-25 18:05:34,624 - DEBUG - rndforest/train_forest - No of Trees: 122
2019-04-25 18:05:34,624 - DEBUG - rndforest/train_forest - Max Depth: 30
2019-04-25 18:05:34,624 - DEBUG - rndforest/train_forest - Min Leaf Size: 2500
2019-04-25 18:05:34,624 - DEBUG - rndforest/train_forest - Min Sample Split: 1000
2019-04-25 18:05:34,624 - DEBUG - rndforest/train_forest - Crit: gini
2019-04-25 18:05:36,443 - INFO - rndforest/train_forest - Shuffle: 1 of 10 | AUC: 0.774
2019-04-25 18:05:38,241 - INFO - rndforest/train_forest - Shuffle: 2 of 10 | AUC: 0.764
2019-04-25 18:05:40,109 - INFO - rndforest/train_forest - Shuffle: 3 of 10 | AUC: 0.764
2019-04-25 18:05:41,895 - INFO - rndforest/train_forest - Shuffle: 4 of 10 | AUC: 0.762
2019-04-25 18:05:43,694 - INFO - rndforest/train_forest - Shuffle: 5 of 10 | AUC: 0.761
2019-04-25 18:05:45,481 - INFO - rndforest/train_forest - Shuffle: 6 of 10 | AUC: 0.778
2019-04-25 18:05:47,264 - INFO - rndforest/train_forest - Shuffle: 7 of 10 | AUC: 0.768
