2019-04-23 09:53:21,130 - DEBUG - log/custom_logger - Logging started on: 2019-04-23 09:53:21
2019-04-23 09:53:21,131 - DEBUG - log/custom_logger - ################################
2019-04-23 09:53:21,131 - INFO - api/save_publicdataset - Loandataset already exists for today
2019-04-23 09:53:23,677 - INFO - dataprep/load_data - Loaded Data: 86.0k credits
2019-04-23 09:53:23,928 - INFO - dataprep/clean_data - 10.92 % time filtered
2019-04-23 09:53:23,972 - INFO - dataprep/clean_data - 3.07 % NaN filtered
2019-04-23 09:53:24,054 - DEBUG - dataprep/clean_data - Number of remaining NaN: 0
2019-04-23 09:53:24,061 - INFO - dataprep/clean_data - 45.08 % of credits defaulted
2019-04-23 09:53:24,086 - INFO - dataprep/clean_data - Finished Data Cleansing
2019-04-23 09:53:24,114 - INFO - rndforest/train_forest - Train Random Forest with:
2019-04-23 09:53:24,115 - INFO - rndforest/train_forest - No of Trees: 122
2019-04-23 09:53:24,116 - INFO - rndforest/train_forest - Max Depth: 30
2019-04-23 09:53:24,117 - INFO - rndforest/train_forest - Min Leaf Size: 2500
2019-04-23 09:53:24,118 - INFO - rndforest/train_forest - Min Sample Split: 1000
2019-04-23 09:53:24,118 - INFO - rndforest/train_forest - Crit: gini
2019-04-23 09:53:26,058 - INFO - rndforest/train_forest - Shuffle: 1 of 10 | AUC: 0.739
2019-04-23 09:53:27,881 - INFO - rndforest/train_forest - Shuffle: 2 of 10 | AUC: 0.729
2019-04-23 09:53:29,704 - INFO - rndforest/train_forest - Shuffle: 3 of 10 | AUC: 0.728
2019-04-23 09:53:31,528 - INFO - rndforest/train_forest - Shuffle: 4 of 10 | AUC: 0.726
2019-04-23 09:53:33,351 - INFO - rndforest/train_forest - Shuffle: 5 of 10 | AUC: 0.734
2019-04-23 09:53:35,175 - INFO - rndforest/train_forest - Shuffle: 6 of 10 | AUC: 0.726
2019-04-23 09:53:36,998 - INFO - rndforest/train_forest - Shuffle: 7 of 10 | AUC: 0.736
2019-04-23 09:53:38,822 - INFO - rndforest/train_forest - Shuffle: 8 of 10 | AUC: 0.729
2019-04-23 09:53:40,647 - INFO - rndforest/train_forest - Shuffle: 9 of 10 | AUC: 0.726
2019-04-23 09:53:42,473 - INFO - rndforest/train_forest - Shuffle: 10 of 10 | AUC: 0.732
2019-04-23 09:53:42,475 - INFO - rndforest/train_forest - Finished | Mean AUC: 0.73 | Stdev: 0.0046
2019-04-23 09:53:42,833 - INFO - rndforest/evaluate_default_prob - 2 of 15 bins were removed
2019-04-23 09:53:42,882 - INFO - rndforest/evaluate_default_prob - Fit succeded | R2: 0.994
2019-04-23 09:53:42,885 - INFO - bondapp/<module> - ############ 982 ##############
2019-04-23 09:53:42,886 - INFO - api/save_investments - Loandataset already exists for today
2019-04-23 09:53:42,910 - INFO - dataprep/load_data - Loaded Data: 0.2k credits
2019-04-23 09:53:42,926 - DEBUG - dataprep/clean_data - Number of remaining NaN: 0
2019-04-23 09:53:42,927 - INFO - dataprep/clean_data - Finished Data Cleansing
2019-04-23 09:53:43,040 - DEBUG - api/get_secondarymarket - Requested for user: Oliver
2019-04-23 09:53:43,040 - DEBUG - api/get_secondarymarket - Show Items: True
2019-04-23 09:53:43,758 - DEBUG - api/get_secondarymarket - Status Code: 200 - Success
2019-04-23 09:53:43,759 - INFO - api/get_secondarymarket - No items on secondary market
2019-04-23 09:53:43,759 - INFO - salesmgr/cancel_items - No items to cancel
2019-04-23 09:53:43,764 - INFO - salesmgr/sell_items - No items to sell
2019-04-23 09:53:43,765 - INFO - bondapp/<module> - ############ 983 ##############
2019-04-23 09:53:43,766 - INFO - api/save_investments - Loandataset already exists for today
2019-04-23 09:53:43,802 - INFO - dataprep/load_data - Loaded Data: 0.6k credits
2019-04-23 09:53:43,819 - DEBUG - dataprep/clean_data - Number of remaining NaN: 0
2019-04-23 09:53:43,820 - INFO - dataprep/clean_data - Finished Data Cleansing
2019-04-23 09:53:43,933 - DEBUG - api/get_secondarymarket - Requested for user: Richard
2019-04-23 09:53:43,934 - DEBUG - api/get_secondarymarket - Show Items: True
2019-04-23 09:53:44,580 - DEBUG - api/get_secondarymarket - Status Code: 200 - Success
2019-04-23 09:53:44,580 - INFO - api/get_secondarymarket - No items on secondary market
2019-04-23 09:53:44,581 - INFO - salesmgr/cancel_items - No items to cancel
2019-04-23 09:53:44,586 - INFO - salesmgr/sell_items - No items to sell
2019-04-23 09:53:44,587 - INFO - bondapp/<module> - ############ 984 ##############
2019-04-23 09:53:44,588 - INFO - api/save_investments - Loandataset already exists for today
2019-04-23 09:53:44,654 - INFO - dataprep/load_data - Loaded Data: 1.7k credits
2019-04-23 09:53:44,674 - DEBUG - dataprep/clean_data - Number of remaining NaN: 0
2019-04-23 09:53:44,674 - INFO - dataprep/clean_data - Finished Data Cleansing
2019-04-23 09:53:44,791 - DEBUG - api/get_secondarymarket - Requested for user: Niklas
2019-04-23 09:53:44,791 - DEBUG - api/get_secondarymarket - Show Items: True
2019-04-23 09:53:45,451 - DEBUG - api/get_secondarymarket - Status Code: 200 - Success
2019-04-23 09:53:45,451 - INFO - api/get_secondarymarket - Received Page 1 of 1
2019-04-23 09:53:45,550 - INFO - salesmgr/cancel_items - No items to cancel
2019-04-23 09:53:45,559 - DEBUG - api/post_sellitems - Requested for user: Niklas
2019-04-23 09:53:46,876 - WARNING - api/post_sellitems - Status Code: 409 - Failed
2019-04-23 09:54:40,838 - INFO - api/save_publicdataset - Loandataset already exists for today
2019-04-23 09:54:43,384 - INFO - dataprep/load_data - Loaded Data: 86.0k credits
2019-04-23 09:54:43,651 - INFO - dataprep/clean_data - 10.92 % time filtered
2019-04-23 09:54:43,697 - INFO - dataprep/clean_data - 3.07 % NaN filtered
2019-04-23 09:54:43,762 - DEBUG - dataprep/clean_data - Number of remaining NaN: 0
2019-04-23 09:54:43,768 - INFO - dataprep/clean_data - 45.08 % of credits defaulted
2019-04-23 09:54:43,778 - INFO - dataprep/clean_data - Finished Data Cleansing
2019-04-23 09:54:43,804 - INFO - rndforest/train_forest - Train Random Forest with:
2019-04-23 09:54:43,806 - INFO - rndforest/train_forest - No of Trees: 122
2019-04-23 09:54:43,807 - INFO - rndforest/train_forest - Max Depth: 30
2019-04-23 09:54:43,808 - INFO - rndforest/train_forest - Min Leaf Size: 2500
2019-04-23 09:54:43,809 - INFO - rndforest/train_forest - Min Sample Split: 1000
2019-04-23 09:54:43,809 - INFO - rndforest/train_forest - Crit: gini
2019-04-23 09:54:45,643 - INFO - rndforest/train_forest - Shuffle: 1 of 10 | AUC: 0.731
2019-04-23 09:54:47,466 - INFO - rndforest/train_forest - Shuffle: 2 of 10 | AUC: 0.735
2019-04-23 09:54:49,296 - INFO - rndforest/train_forest - Shuffle: 3 of 10 | AUC: 0.726
2019-04-23 09:54:51,128 - INFO - rndforest/train_forest - Shuffle: 4 of 10 | AUC: 0.731
2019-04-23 09:54:52,953 - INFO - rndforest/train_forest - Shuffle: 5 of 10 | AUC: 0.731
2019-04-23 09:54:54,780 - INFO - rndforest/train_forest - Shuffle: 6 of 10 | AUC: 0.729
2019-04-23 09:54:56,610 - INFO - rndforest/train_forest - Shuffle: 7 of 10 | AUC: 0.732
2019-04-23 09:54:58,436 - INFO - rndforest/train_forest - Shuffle: 8 of 10 | AUC: 0.727
2019-04-23 09:55:00,263 - INFO - rndforest/train_forest - Shuffle: 9 of 10 | AUC: 0.735
2019-04-23 09:55:02,086 - INFO - rndforest/train_forest - Shuffle: 10 of 10 | AUC: 0.733
2019-04-23 09:55:02,087 - INFO - rndforest/train_forest - Finished | Mean AUC: 0.73 | Stdev: 0.0029
2019-04-23 09:55:02,436 - INFO - rndforest/evaluate_default_prob - 1 of 15 bins were removed
2019-04-23 09:55:02,482 - INFO - rndforest/evaluate_default_prob - Fit succeded | R2: 0.993
2019-04-23 09:55:02,485 - INFO - bondapp/<module> - ############ 982 ##############
2019-04-23 09:55:02,486 - DEBUG - api/get_investments - Requested for user: Oliver
2019-04-23 09:55:03,591 - DEBUG - api/get_investments - Status Code: 200 - Success
2019-04-23 09:55:03,592 - INFO - api/save_investments - Received Page 1 of 1
2019-04-23 09:55:06,302 - INFO - api/save_investments - Investments saved
2019-04-23 09:55:06,351 - DEBUG - dataprep/clean_data - Number of remaining NaN: 0
2019-04-23 09:55:06,352 - INFO - dataprep/clean_data - Finished Data Cleansing
2019-04-23 09:55:06,464 - DEBUG - api/get_secondarymarket - Requested for user: Oliver
2019-04-23 09:55:06,464 - DEBUG - api/get_secondarymarket - Show Items: True
2019-04-23 09:55:07,079 - DEBUG - api/get_secondarymarket - Status Code: 200 - Success
2019-04-23 09:55:07,079 - INFO - api/get_secondarymarket - No items on secondary market
2019-04-23 09:55:07,080 - INFO - salesmgr/cancel_items - No items to cancel
2019-04-23 09:55:07,087 - DEBUG - api/post_sellitems - Requested for user: Oliver
2019-04-23 09:55:08,962 - DEBUG - api/post_sellitems - Status Code: 202 - Success
2019-04-23 09:55:08,962 - INFO - api/post_sellitems - Sold 20 credits
2019-04-23 09:55:08,963 - INFO - bondapp/<module> - ############ 983 ##############
2019-04-23 09:55:08,964 - DEBUG - api/get_investments - Requested for user: Richard
2019-04-23 09:55:10,661 - DEBUG - api/get_investments - Status Code: 200 - Success
2019-04-23 09:55:10,662 - INFO - api/save_investments - Received Page 1 of 1
2019-04-23 09:55:13,381 - INFO - api/save_investments - Investments saved
2019-04-23 09:55:13,430 - DEBUG - dataprep/clean_data - Number of remaining NaN: 0
2019-04-23 09:55:13,431 - INFO - dataprep/clean_data - Finished Data Cleansing
2019-04-23 09:55:13,545 - DEBUG - api/get_secondarymarket - Requested for user: Richard
2019-04-23 09:55:13,545 - DEBUG - api/get_secondarymarket - Show Items: True
2019-04-23 09:55:14,229 - DEBUG - api/get_secondarymarket - Status Code: 200 - Success
2019-04-23 09:55:14,229 - INFO - api/get_secondarymarket - No items on secondary market
2019-04-23 09:55:14,230 - INFO - salesmgr/cancel_items - No items to cancel
2019-04-23 09:55:14,237 - DEBUG - api/post_sellitems - Requested for user: Richard
2019-04-23 09:55:16,073 - DEBUG - api/post_sellitems - Status Code: 202 - Success
2019-04-23 09:55:16,073 - INFO - api/post_sellitems - Sold 20 credits
2019-04-23 09:55:16,074 - INFO - bondapp/<module> - ############ 984 ##############
2019-04-23 09:55:16,075 - DEBUG - api/get_investments - Requested for user: Niklas
2019-04-23 09:55:20,660 - DEBUG - api/get_investments - Status Code: 200 - Success
2019-04-23 09:55:20,667 - INFO - api/save_investments - Received Page 1 of 1
2019-04-23 09:55:23,586 - INFO - api/save_investments - Investments saved
2019-04-23 09:55:23,638 - DEBUG - dataprep/clean_data - Number of remaining NaN: 0
2019-04-23 09:55:23,639 - INFO - dataprep/clean_data - Finished Data Cleansing
2019-04-23 09:55:23,757 - DEBUG - api/get_secondarymarket - Requested for user: Niklas
2019-04-23 09:55:23,757 - DEBUG - api/get_secondarymarket - Show Items: True
2019-04-23 09:55:24,875 - DEBUG - api/get_secondarymarket - Status Code: 200 - Success
2019-04-23 09:55:24,875 - INFO - api/get_secondarymarket - Received Page 1 of 1
2019-04-23 09:55:24,974 - INFO - salesmgr/cancel_items - No items to cancel
2019-04-23 09:55:24,983 - DEBUG - api/post_sellitems - Requested for user: Niklas
2019-04-23 09:55:26,266 - DEBUG - api/post_sellitems - Status Code: 202 - Success
2019-04-23 09:55:26,266 - INFO - api/post_sellitems - Sold 1 credits
2019-04-23 09:59:29,553 - DEBUG - <ipython-input-9-cc05d4a289d8>/<module> - Requested for user: Oliver
2019-04-23 09:59:29,553 - DEBUG - <ipython-input-9-cc05d4a289d8>/<module> - Show Items: True
