2019-04-28 13:32:36,266 - DEBUG - log/custom_logger - Logging started on: 2019-04-28 13:32:36
2019-04-28 13:32:36,266 - DEBUG - log/custom_logger - ################################
2019-04-28 13:32:36,266 - INFO - api/save_publicdataset - Loandataset already exists for today
2019-04-28 13:32:38,737 - INFO - dataprep/load_data - Loaded Data: 86.7k credits
2019-04-28 13:32:39,019 - INFO - dataprep/clean_data - 11.12 % time filtered
2019-04-28 13:32:39,128 - INFO - dataprep/clean_data - 7.83 % NaN filtered
2019-04-28 13:32:39,551 - DEBUG - dataprep/clean_data - Number of remaining NaN: 0
2019-04-28 13:32:39,567 - INFO - dataprep/clean_data - 33.66 % of credits defaulted
2019-04-28 13:32:39,583 - INFO - dataprep/clean_data - Finished Data Cleansing
2019-04-28 13:32:39,723 - DEBUG - rndforest/train_forest - Train Random Forest with:
2019-04-28 13:32:39,723 - DEBUG - rndforest/train_forest - No of Trees: 166
2019-04-28 13:32:39,723 - DEBUG - rndforest/train_forest - Max Depth: 30
2019-04-28 13:32:39,723 - DEBUG - rndforest/train_forest - Min Leaf Size: 2500
2019-04-28 13:32:39,723 - DEBUG - rndforest/train_forest - Min Sample Split: 1000
2019-04-28 13:32:39,723 - DEBUG - rndforest/train_forest - Crit: gini
2019-04-28 13:32:42,664 - INFO - rndforest/train_forest - Shuffle: 1 of 10 | AUC: 0.793
2019-04-28 13:32:45,871 - INFO - rndforest/train_forest - Shuffle: 2 of 10 | AUC: 0.801
2019-04-28 13:32:49,345 - INFO - rndforest/train_forest - Shuffle: 3 of 10 | AUC: 0.793
2019-04-28 13:32:52,542 - INFO - rndforest/train_forest - Shuffle: 4 of 10 | AUC: 0.788
2019-04-28 13:32:55,482 - INFO - rndforest/train_forest - Shuffle: 5 of 10 | AUC: 0.789
2019-04-28 13:32:58,565 - INFO - rndforest/train_forest - Shuffle: 6 of 10 | AUC: 0.788
2019-04-28 13:33:01,800 - INFO - rndforest/train_forest - Shuffle: 7 of 10 | AUC: 0.791
2019-04-28 13:33:05,350 - INFO - rndforest/train_forest - Shuffle: 8 of 10 | AUC: 0.798
2019-04-28 13:33:08,590 - INFO - rndforest/train_forest - Shuffle: 9 of 10 | AUC: 0.799
2019-04-28 13:33:11,813 - INFO - rndforest/train_forest - Shuffle: 10 of 10 | AUC: 0.797
2019-04-28 13:33:13,519 - INFO - rndforest/train_forest - Finished | Mean AUC: 0.794 | Stdev: 0.0048
2019-04-28 13:33:14,350 - INFO - rndforest/evaluate_default_prob - 1 of 15 bins were removed
2019-04-28 13:33:14,410 - INFO - rndforest/evaluate_default_prob - Fit succeded | R2: 0.983
2019-04-28 13:33:14,440 - INFO - bondapp/<module> - ############ 982 ##############
2019-04-28 13:33:14,440 - DEBUG - api/get_investments - Requested for user: Oliver
2019-04-28 13:33:18,453 - DEBUG - api/get_investments - Status Code: 200 - Success
2019-04-28 13:33:18,453 - INFO - api/save_investments - Received Page 1 of 1
2019-04-28 13:33:21,432 - INFO - api/save_investments - Investments saved
2019-04-28 13:33:21,581 - DEBUG - dataprep/clean_data - Number of remaining NaN: 0
2019-04-28 13:33:21,581 - INFO - dataprep/clean_data - Finished Data Cleansing
2019-04-28 13:33:21,719 - DEBUG - api/get_secondarymarket - Requested for user: Oliver
2019-04-28 13:33:21,719 - DEBUG - api/get_secondarymarket - Show Items: True
2019-04-28 13:33:25,098 - DEBUG - api/get_secondarymarket - Status Code: 200 - Success
2019-04-28 13:33:25,098 - INFO - api/get_secondarymarket - Received Page 1 of 1
2019-04-28 13:33:25,109 - INFO - salesmgr/cancel_items - No items to cancel
2019-04-28 13:33:25,119 - INFO - salesmgr/sell_items - No items to sell
2019-04-28 13:33:25,119 - INFO - bondapp/<module> - ############ 983 ##############
2019-04-28 13:33:25,119 - DEBUG - api/get_investments - Requested for user: Richard
2019-04-28 13:33:29,449 - DEBUG - api/get_investments - Status Code: 200 - Success
2019-04-28 13:33:29,449 - INFO - api/save_investments - Received Page 1 of 1
2019-04-28 13:33:32,418 - INFO - api/save_investments - Investments saved
2019-04-28 13:33:32,569 - DEBUG - dataprep/clean_data - Number of remaining NaN: 0
2019-04-28 13:33:32,569 - INFO - dataprep/clean_data - Finished Data Cleansing
2019-04-28 13:33:32,679 - DEBUG - api/get_secondarymarket - Requested for user: Richard
2019-04-28 13:33:32,689 - DEBUG - api/get_secondarymarket - Show Items: True
2019-04-28 13:33:36,714 - DEBUG - api/get_secondarymarket - Status Code: 200 - Success
2019-04-28 13:33:36,714 - INFO - api/get_secondarymarket - Received Page 1 of 1
2019-04-28 13:33:36,720 - INFO - salesmgr/cancel_items - No items to cancel
2019-04-28 13:33:36,729 - INFO - salesmgr/sell_items - No items to sell
2019-04-28 13:33:36,734 - INFO - bondapp/<module> - ############ 984 ##############
2019-04-28 13:33:36,734 - DEBUG - api/get_investments - Requested for user: Niklas
2019-04-28 13:33:43,828 - DEBUG - api/get_investments - Status Code: 200 - Success
2019-04-28 13:33:43,831 - INFO - api/save_investments - Received Page 1 of 1
2019-04-28 13:33:47,050 - INFO - api/save_investments - Investments saved
2019-04-28 13:33:47,213 - DEBUG - dataprep/clean_data - Number of remaining NaN: 0
2019-04-28 13:33:47,213 - INFO - dataprep/clean_data - Finished Data Cleansing
2019-04-28 13:33:47,342 - DEBUG - api/get_secondarymarket - Requested for user: Niklas
2019-04-28 13:33:47,342 - DEBUG - api/get_secondarymarket - Show Items: True
2019-04-28 13:33:49,879 - DEBUG - api/get_secondarymarket - Status Code: 200 - Success
2019-04-28 13:33:49,879 - INFO - api/get_secondarymarket - Received Page 1 of 1
2019-04-28 13:33:49,903 - INFO - salesmgr/cancel_items - No items to cancel
2019-04-28 13:33:49,909 - DEBUG - api/post_sellitems - Requested for user: Niklas
2019-04-28 13:33:52,192 - DEBUG - api/post_sellitems - Status Code: 202 - Success
2019-04-28 13:33:52,192 - INFO - api/post_sellitems - Sold 17 credits
2019-04-28 13:33:52,192 - INFO - bondapp/<module> - Finished
