2019-04-27 19:24:30,233 - DEBUG - log/custom_logger - Logging started on: 2019-04-27 19:24:30
2019-04-27 19:24:30,233 - DEBUG - log/custom_logger - ################################
2019-04-27 19:24:30,233 - INFO - api/save_publicdataset - Loandataset already exists for today
2019-04-27 19:24:32,803 - INFO - dataprep/load_data - Loaded Data: 86.6k credits
2019-04-27 19:24:33,150 - INFO - dataprep/clean_data - 11.09 % time filtered
2019-04-27 19:24:33,233 - INFO - dataprep/clean_data - 3.05 % NaN filtered
2019-04-27 19:24:33,295 - DEBUG - dataprep/clean_data - Number of remaining NaN: 0
2019-04-27 19:24:33,353 - INFO - dataprep/clean_data - 32.85 % of credits defaulted
2019-04-27 19:24:33,366 - INFO - dataprep/clean_data - Finished Data Cleansing
2019-04-27 19:24:33,396 - DEBUG - rndforest/train_forest - Train Random Forest with:
2019-04-27 19:24:33,396 - DEBUG - rndforest/train_forest - No of Trees: 122
2019-04-27 19:24:33,396 - DEBUG - rndforest/train_forest - Max Depth: 30
2019-04-27 19:24:33,396 - DEBUG - rndforest/train_forest - Min Leaf Size: 2500
2019-04-27 19:24:33,396 - DEBUG - rndforest/train_forest - Min Sample Split: 1000
2019-04-27 19:24:33,396 - DEBUG - rndforest/train_forest - Crit: gini
2019-04-27 19:24:35,487 - INFO - rndforest/train_forest - Shuffle: 1 of 10 | AUC: 0.771
2019-04-27 19:24:37,463 - INFO - rndforest/train_forest - Shuffle: 2 of 10 | AUC: 0.779
2019-04-27 19:24:39,422 - INFO - rndforest/train_forest - Shuffle: 3 of 10 | AUC: 0.773
2019-04-27 19:24:41,443 - INFO - rndforest/train_forest - Shuffle: 4 of 10 | AUC: 0.772
2019-04-27 19:24:43,444 - INFO - rndforest/train_forest - Shuffle: 5 of 10 | AUC: 0.774
2019-04-27 19:24:45,443 - INFO - rndforest/train_forest - Shuffle: 6 of 10 | AUC: 0.781
2019-04-27 19:24:47,403 - INFO - rndforest/train_forest - Shuffle: 7 of 10 | AUC: 0.783
2019-04-27 19:24:49,353 - INFO - rndforest/train_forest - Shuffle: 8 of 10 | AUC: 0.782
2019-04-27 19:24:51,293 - INFO - rndforest/train_forest - Shuffle: 9 of 10 | AUC: 0.773
2019-04-27 19:24:53,153 - INFO - rndforest/train_forest - Shuffle: 10 of 10 | AUC: 0.778
2019-04-27 19:24:54,093 - INFO - rndforest/train_forest - Finished | Mean AUC: 0.78 | Stdev: 0.0044
2019-04-27 19:24:54,386 - INFO - rndforest/evaluate_default_prob - 2 of 16 bins were removed
2019-04-27 19:24:54,433 - INFO - rndforest/evaluate_default_prob - Fit succeded | R2: 0.989
2019-04-27 19:24:54,443 - INFO - bondapp/<module> - Finished
2019-04-27 19:29:15,174 - INFO - <ipython-input-6-7fa5cfda4dc1>/<module> - 11.08 % time filtered
2019-04-27 19:29:15,264 - INFO - <ipython-input-6-7fa5cfda4dc1>/<module> - 3.05 % NaN filtered
2019-04-27 19:37:09,341 - INFO - <ipython-input-18-249277e7de7b>/<module> - 11.08 % time filtered
2019-04-27 19:37:09,410 - INFO - <ipython-input-18-249277e7de7b>/<module> - 3.05 % NaN filtered
2019-04-27 19:42:19,586 - INFO - <ipython-input-23-8929e89be300>/<module> - 11.08 % time filtered
2019-04-27 19:42:19,676 - INFO - <ipython-input-23-8929e89be300>/<module> - 3.05 % NaN filtered
2019-04-27 19:43:12,575 - INFO - api/save_publicdataset - Loandataset already exists for today
2019-04-27 19:43:15,137 - INFO - dataprep/load_data - Loaded Data: 86.6k credits
2019-04-27 19:43:15,398 - INFO - dataprep/clean_data - 11.08 % time filtered
2019-04-27 19:43:15,477 - INFO - dataprep/clean_data - 3.05 % NaN filtered
2019-04-27 19:44:38,598 - INFO - <ipython-input-29-8929e89be300>/<module> - 11.08 % time filtered
2019-04-27 19:44:38,690 - INFO - <ipython-input-29-8929e89be300>/<module> - 3.05 % NaN filtered
2019-04-27 19:47:50,380 - INFO - <ipython-input-39-8929e89be300>/<module> - 11.08 % time filtered
2019-04-27 19:47:50,456 - INFO - <ipython-input-39-8929e89be300>/<module> - 3.05 % NaN filtered
2019-04-27 19:48:48,348 - INFO - <ipython-input-40-3b209a48e4ee>/<module> - 11.08 % time filtered
2019-04-27 19:48:48,428 - INFO - <ipython-input-40-3b209a48e4ee>/<module> - 3.05 % NaN filtered
2019-04-27 19:49:18,354 - INFO - <ipython-input-41-f584f7907ca0>/<module> - 11.08 % time filtered
2019-04-27 19:49:18,464 - INFO - <ipython-input-41-f584f7907ca0>/<module> - 3.05 % NaN filtered
2019-04-27 19:49:23,214 - INFO - api/save_publicdataset - Loandataset already exists for today
2019-04-27 19:49:25,787 - INFO - dataprep/load_data - Loaded Data: 86.6k credits
2019-04-27 19:49:26,104 - INFO - dataprep/clean_data - 11.08 % time filtered
2019-04-27 19:49:26,184 - INFO - dataprep/clean_data - 3.05 % NaN filtered
2019-04-27 19:49:26,404 - DEBUG - dataprep/clean_data - Number of remaining NaN: 0
2019-04-27 19:49:26,406 - INFO - dataprep/clean_data - 32.85 % of credits defaulted
2019-04-27 19:49:26,412 - INFO - dataprep/clean_data - Finished Data Cleansing
2019-04-27 19:49:26,454 - DEBUG - rndforest/train_forest - Train Random Forest with:
2019-04-27 19:49:26,454 - DEBUG - rndforest/train_forest - No of Trees: 122
2019-04-27 19:49:26,454 - DEBUG - rndforest/train_forest - Max Depth: 30
2019-04-27 19:49:26,454 - DEBUG - rndforest/train_forest - Min Leaf Size: 2500
2019-04-27 19:49:26,454 - DEBUG - rndforest/train_forest - Min Sample Split: 1000
2019-04-27 19:49:26,454 - DEBUG - rndforest/train_forest - Crit: gini
2019-04-27 19:49:28,304 - INFO - rndforest/train_forest - Shuffle: 1 of 10 | AUC: 0.780
2019-04-27 19:49:30,054 - INFO - rndforest/train_forest - Shuffle: 2 of 10 | AUC: 0.781
2019-04-27 19:49:31,795 - INFO - rndforest/train_forest - Shuffle: 3 of 10 | AUC: 0.782
2019-04-27 19:49:33,604 - INFO - rndforest/train_forest - Shuffle: 4 of 10 | AUC: 0.781
2019-04-27 19:49:35,424 - INFO - rndforest/train_forest - Shuffle: 5 of 10 | AUC: 0.782
2019-04-27 19:49:37,274 - INFO - rndforest/train_forest - Shuffle: 6 of 10 | AUC: 0.777
2019-04-27 19:49:39,053 - INFO - rndforest/train_forest - Shuffle: 7 of 10 | AUC: 0.773
2019-04-27 19:49:40,894 - INFO - rndforest/train_forest - Shuffle: 8 of 10 | AUC: 0.778
2019-04-27 19:49:42,654 - INFO - rndforest/train_forest - Shuffle: 9 of 10 | AUC: 0.773
2019-04-27 19:49:44,503 - INFO - rndforest/train_forest - Shuffle: 10 of 10 | AUC: 0.797
2019-04-27 19:49:45,437 - INFO - rndforest/train_forest - Finished | Mean AUC: 0.78 | Stdev: 0.0067
2019-04-27 19:49:45,703 - INFO - rndforest/evaluate_default_prob - 3 of 16 bins were removed
2019-04-27 19:49:45,763 - INFO - rndforest/evaluate_default_prob - Fit succeded | R2: 0.994
2019-04-27 19:49:45,763 - INFO - bondapp/<module> - Finished
2019-04-27 19:51:18,153 - INFO - api/save_publicdataset - Loandataset already exists for today
2019-04-27 19:51:20,723 - INFO - dataprep/load_data - Loaded Data: 86.6k credits
2019-04-27 19:51:21,087 - INFO - dataprep/clean_data - 11.08 % time filtered
2019-04-27 19:51:21,163 - INFO - dataprep/clean_data - 3.05 % NaN filtered
2019-04-27 19:51:41,612 - INFO - api/save_publicdataset - Loandataset already exists for today
2019-04-27 19:51:44,172 - INFO - dataprep/load_data - Loaded Data: 86.6k credits
2019-04-27 19:51:44,482 - INFO - dataprep/clean_data - 11.08 % time filtered
2019-04-27 19:51:44,572 - INFO - dataprep/clean_data - 3.05 % NaN filtered
2019-04-27 19:51:45,042 - DEBUG - dataprep/clean_data - Number of remaining NaN: 0
2019-04-27 19:51:45,045 - INFO - dataprep/clean_data - 32.85 % of credits defaulted
2019-04-27 19:51:45,062 - INFO - dataprep/clean_data - Finished Data Cleansing
2019-04-27 19:51:45,126 - DEBUG - rndforest/train_forest - Train Random Forest with:
2019-04-27 19:51:45,126 - DEBUG - rndforest/train_forest - No of Trees: 122
2019-04-27 19:51:45,126 - DEBUG - rndforest/train_forest - Max Depth: 30
2019-04-27 19:51:45,126 - DEBUG - rndforest/train_forest - Min Leaf Size: 2500
2019-04-27 19:51:45,126 - DEBUG - rndforest/train_forest - Min Sample Split: 1000
2019-04-27 19:51:45,126 - DEBUG - rndforest/train_forest - Crit: gini
2019-04-27 19:51:47,082 - INFO - rndforest/train_forest - Shuffle: 1 of 10 | AUC: 0.781
2019-04-27 19:51:49,092 - INFO - rndforest/train_forest - Shuffle: 2 of 10 | AUC: 0.782
2019-04-27 19:51:50,982 - INFO - rndforest/train_forest - Shuffle: 3 of 10 | AUC: 0.784
2019-04-27 19:51:52,962 - INFO - rndforest/train_forest - Shuffle: 4 of 10 | AUC: 0.771
2019-04-27 19:51:54,902 - INFO - rndforest/train_forest - Shuffle: 5 of 10 | AUC: 0.776
2019-04-27 19:51:56,831 - INFO - rndforest/train_forest - Shuffle: 6 of 10 | AUC: 0.784
2019-04-27 19:51:58,835 - INFO - rndforest/train_forest - Shuffle: 7 of 10 | AUC: 0.777
2019-04-27 19:52:00,702 - INFO - rndforest/train_forest - Shuffle: 8 of 10 | AUC: 0.780
2019-04-27 19:52:02,712 - INFO - rndforest/train_forest - Shuffle: 9 of 10 | AUC: 0.772
2019-04-27 19:52:04,742 - INFO - rndforest/train_forest - Shuffle: 10 of 10 | AUC: 0.768
2019-04-27 19:52:05,672 - INFO - rndforest/train_forest - Finished | Mean AUC: 0.78 | Stdev: 0.0056
2019-04-27 19:52:06,002 - INFO - rndforest/evaluate_default_prob - 2 of 13 bins were removed
2019-04-27 19:52:06,052 - INFO - rndforest/evaluate_default_prob - Fit succeded | R2: 0.981
2019-04-27 19:52:06,055 - INFO - bondapp/<module> - Finished
2019-04-27 19:53:00,435 - INFO - api/save_publicdataset - Loandataset already exists for today
2019-04-27 19:53:03,007 - INFO - dataprep/load_data - Loaded Data: 86.6k credits
2019-04-27 19:53:03,385 - INFO - dataprep/clean_data - 11.08 % time filtered
2019-04-27 19:53:03,485 - INFO - dataprep/clean_data - 3.05 % NaN filtered
2019-04-27 19:53:33,974 - INFO - api/save_publicdataset - Loandataset already exists for today
2019-04-27 19:53:36,546 - INFO - dataprep/load_data - Loaded Data: 86.6k credits
2019-04-27 19:53:36,876 - INFO - dataprep/clean_data - 11.08 % time filtered
2019-04-27 19:53:36,966 - INFO - dataprep/clean_data - 3.05 % NaN filtered
2019-04-27 19:53:51,004 - INFO - api/save_publicdataset - Loandataset already exists for today
2019-04-27 19:53:53,574 - INFO - dataprep/load_data - Loaded Data: 86.6k credits
2019-04-27 19:53:53,944 - INFO - dataprep/clean_data - 11.08 % time filtered
2019-04-27 19:53:54,035 - INFO - dataprep/clean_data - 3.05 % NaN filtered
2019-04-27 19:53:54,608 - DEBUG - dataprep/clean_data - Number of remaining NaN: 0
2019-04-27 19:53:54,614 - INFO - dataprep/clean_data - 32.85 % of credits defaulted
2019-04-27 19:53:54,634 - INFO - dataprep/clean_data - Finished Data Cleansing
2019-04-27 19:53:54,696 - DEBUG - rndforest/train_forest - Train Random Forest with:
2019-04-27 19:53:54,696 - DEBUG - rndforest/train_forest - No of Trees: 122
2019-04-27 19:53:54,696 - DEBUG - rndforest/train_forest - Max Depth: 30
2019-04-27 19:53:54,696 - DEBUG - rndforest/train_forest - Min Leaf Size: 2500
2019-04-27 19:53:54,696 - DEBUG - rndforest/train_forest - Min Sample Split: 1000
2019-04-27 19:53:54,696 - DEBUG - rndforest/train_forest - Crit: gini
2019-04-27 19:53:56,666 - INFO - rndforest/train_forest - Shuffle: 1 of 10 | AUC: 0.768
2019-04-27 19:53:58,584 - INFO - rndforest/train_forest - Shuffle: 2 of 10 | AUC: 0.772
2019-04-27 19:54:00,554 - INFO - rndforest/train_forest - Shuffle: 3 of 10 | AUC: 0.772
2019-04-27 19:54:02,567 - INFO - rndforest/train_forest - Shuffle: 4 of 10 | AUC: 0.772
2019-04-27 19:54:04,574 - INFO - rndforest/train_forest - Shuffle: 5 of 10 | AUC: 0.772
2019-04-27 19:54:06,574 - INFO - rndforest/train_forest - Shuffle: 6 of 10 | AUC: 0.770
2019-04-27 19:54:08,504 - INFO - rndforest/train_forest - Shuffle: 7 of 10 | AUC: 0.770
2019-04-27 19:54:10,434 - INFO - rndforest/train_forest - Shuffle: 8 of 10 | AUC: 0.773
2019-04-27 19:54:12,374 - INFO - rndforest/train_forest - Shuffle: 9 of 10 | AUC: 0.775
2019-04-27 19:54:14,373 - INFO - rndforest/train_forest - Shuffle: 10 of 10 | AUC: 0.784
2019-04-27 19:54:15,324 - INFO - rndforest/train_forest - Finished | Mean AUC: 0.77 | Stdev: 0.0044
2019-04-27 19:54:15,664 - INFO - rndforest/evaluate_default_prob - 2 of 13 bins were removed
2019-04-27 19:54:15,714 - INFO - rndforest/evaluate_default_prob - Fit succeded | R2: 0.985
2019-04-27 19:54:15,718 - INFO - bondapp/<module> - Finished
2019-04-27 19:54:56,824 - INFO - api/save_publicdataset - Loandataset already exists for today
2019-04-27 19:54:59,393 - INFO - dataprep/load_data - Loaded Data: 86.6k credits
2019-04-27 19:54:59,726 - INFO - dataprep/clean_data - 11.08 % time filtered
2019-04-27 19:54:59,825 - INFO - dataprep/clean_data - 3.05 % NaN filtered
2019-04-27 19:55:00,366 - DEBUG - dataprep/clean_data - Number of remaining NaN: 0
2019-04-27 19:55:00,374 - INFO - dataprep/clean_data - 32.85 % of credits defaulted
2019-04-27 19:55:00,386 - INFO - dataprep/clean_data - Finished Data Cleansing
2019-04-27 19:55:00,454 - DEBUG - rndforest/train_forest - Train Random Forest with:
2019-04-27 19:55:00,454 - DEBUG - rndforest/train_forest - No of Trees: 122
2019-04-27 19:55:00,454 - DEBUG - rndforest/train_forest - Max Depth: 30
2019-04-27 19:55:00,454 - DEBUG - rndforest/train_forest - Min Leaf Size: 2500
2019-04-27 19:55:00,454 - DEBUG - rndforest/train_forest - Min Sample Split: 1000
2019-04-27 19:55:00,454 - DEBUG - rndforest/train_forest - Crit: gini
2019-04-27 19:55:02,384 - INFO - rndforest/train_forest - Shuffle: 1 of 10 | AUC: 0.786
2019-04-27 19:55:04,304 - INFO - rndforest/train_forest - Shuffle: 2 of 10 | AUC: 0.784
2019-04-27 19:55:06,204 - INFO - rndforest/train_forest - Shuffle: 3 of 10 | AUC: 0.775
2019-04-27 19:55:08,144 - INFO - rndforest/train_forest - Shuffle: 4 of 10 | AUC: 0.771
2019-04-27 19:55:10,133 - INFO - rndforest/train_forest - Shuffle: 5 of 10 | AUC: 0.781
2019-04-27 19:55:12,014 - INFO - rndforest/train_forest - Shuffle: 6 of 10 | AUC: 0.787
2019-04-27 19:55:13,914 - INFO - rndforest/train_forest - Shuffle: 7 of 10 | AUC: 0.779
2019-04-27 19:55:15,816 - INFO - rndforest/train_forest - Shuffle: 8 of 10 | AUC: 0.781
2019-04-27 19:55:17,813 - INFO - rndforest/train_forest - Shuffle: 9 of 10 | AUC: 0.779
2019-04-27 19:55:19,803 - INFO - rndforest/train_forest - Shuffle: 10 of 10 | AUC: 0.776
2019-04-27 19:55:20,754 - INFO - rndforest/train_forest - Finished | Mean AUC: 0.78 | Stdev: 0.0049
2019-04-27 19:55:21,094 - INFO - rndforest/evaluate_default_prob - 2 of 14 bins were removed
2019-04-27 19:55:21,143 - INFO - rndforest/evaluate_default_prob - Fit succeded | R2: 0.987
2019-04-27 19:55:21,143 - INFO - bondapp/<module> - Finished
2019-04-27 19:56:10,953 - INFO - api/save_publicdataset - Loandataset already exists for today
2019-04-27 19:56:13,526 - INFO - dataprep/load_data - Loaded Data: 86.6k credits
2019-04-27 19:56:13,896 - INFO - dataprep/clean_data - 11.08 % time filtered
2019-04-27 19:56:13,993 - INFO - dataprep/clean_data - 3.05 % NaN filtered
2019-04-27 19:56:14,623 - DEBUG - dataprep/clean_data - Number of remaining NaN: 0
2019-04-27 19:56:14,643 - INFO - dataprep/clean_data - 32.85 % of credits defaulted
2019-04-27 19:56:14,663 - INFO - dataprep/clean_data - Finished Data Cleansing
2019-04-27 19:56:14,751 - DEBUG - rndforest/train_forest - Train Random Forest with:
2019-04-27 19:56:14,751 - DEBUG - rndforest/train_forest - No of Trees: 122
2019-04-27 19:56:14,751 - DEBUG - rndforest/train_forest - Max Depth: 30
2019-04-27 19:56:14,751 - DEBUG - rndforest/train_forest - Min Leaf Size: 2500
2019-04-27 19:56:14,751 - DEBUG - rndforest/train_forest - Min Sample Split: 1000
2019-04-27 19:56:14,751 - DEBUG - rndforest/train_forest - Crit: gini
2019-04-27 19:56:16,943 - INFO - rndforest/train_forest - Shuffle: 1 of 10 | AUC: 0.777
2019-04-27 19:56:19,003 - INFO - rndforest/train_forest - Shuffle: 2 of 10 | AUC: 0.786
2019-04-27 19:56:21,212 - INFO - rndforest/train_forest - Shuffle: 3 of 10 | AUC: 0.785
2019-04-27 19:56:23,600 - INFO - rndforest/train_forest - Shuffle: 4 of 10 | AUC: 0.776
2019-04-27 19:56:25,807 - INFO - rndforest/train_forest - Shuffle: 5 of 10 | AUC: 0.781
2019-04-27 19:56:27,991 - INFO - rndforest/train_forest - Shuffle: 6 of 10 | AUC: 0.775
2019-04-27 19:56:30,157 - INFO - rndforest/train_forest - Shuffle: 7 of 10 | AUC: 0.774
2019-04-27 19:56:32,317 - INFO - rndforest/train_forest - Shuffle: 8 of 10 | AUC: 0.787
2019-04-27 19:56:34,467 - INFO - rndforest/train_forest - Shuffle: 9 of 10 | AUC: 0.781
2019-04-27 19:56:36,577 - INFO - rndforest/train_forest - Shuffle: 10 of 10 | AUC: 0.786
2019-04-27 19:56:37,527 - INFO - rndforest/train_forest - Finished | Mean AUC: 0.78 | Stdev: 0.0050
2019-04-27 19:56:37,857 - INFO - rndforest/evaluate_default_prob - 2 of 15 bins were removed
2019-04-27 19:56:37,907 - INFO - rndforest/evaluate_default_prob - Fit succeded | R2: 0.987
2019-04-27 19:56:37,920 - INFO - bondapp/<module> - Finished
2019-04-27 19:57:50,397 - INFO - api/save_publicdataset - Loandataset already exists for today
2019-04-27 19:57:52,949 - INFO - dataprep/load_data - Loaded Data: 86.6k credits
2019-04-27 19:57:53,346 - INFO - dataprep/clean_data - 11.08 % time filtered
2019-04-27 19:57:53,430 - INFO - dataprep/clean_data - 3.05 % NaN filtered
2019-04-27 19:58:16,796 - INFO - api/save_publicdataset - Loandataset already exists for today
2019-04-27 19:58:19,488 - INFO - dataprep/load_data - Loaded Data: 86.6k credits
2019-04-27 19:58:19,896 - INFO - dataprep/clean_data - 11.08 % time filtered
2019-04-27 19:58:19,999 - INFO - dataprep/clean_data - 3.05 % NaN filtered
2019-04-27 19:58:20,849 - DEBUG - dataprep/clean_data - Number of remaining NaN: 0
2019-04-27 19:58:20,866 - INFO - dataprep/clean_data - 32.85 % of credits defaulted
2019-04-27 19:58:20,888 - INFO - dataprep/clean_data - Finished Data Cleansing
2019-04-27 19:58:20,979 - DEBUG - rndforest/train_forest - Train Random Forest with:
2019-04-27 19:58:20,979 - DEBUG - rndforest/train_forest - No of Trees: 122
2019-04-27 19:58:20,979 - DEBUG - rndforest/train_forest - Max Depth: 30
2019-04-27 19:58:20,979 - DEBUG - rndforest/train_forest - Min Leaf Size: 2500
2019-04-27 19:58:20,979 - DEBUG - rndforest/train_forest - Min Sample Split: 1000
2019-04-27 19:58:20,979 - DEBUG - rndforest/train_forest - Crit: gini
2019-04-27 19:58:23,819 - INFO - rndforest/train_forest - Shuffle: 1 of 15 | AUC: 0.762
2019-04-27 19:58:25,977 - INFO - rndforest/train_forest - Shuffle: 2 of 15 | AUC: 0.775
2019-04-27 19:58:28,146 - INFO - rndforest/train_forest - Shuffle: 3 of 15 | AUC: 0.782
2019-04-27 19:58:30,277 - INFO - rndforest/train_forest - Shuffle: 4 of 15 | AUC: 0.781
2019-04-27 19:58:32,347 - INFO - rndforest/train_forest - Shuffle: 5 of 15 | AUC: 0.771
2019-04-27 19:58:34,480 - INFO - rndforest/train_forest - Shuffle: 6 of 15 | AUC: 0.783
2019-04-27 19:58:36,575 - INFO - rndforest/train_forest - Shuffle: 7 of 15 | AUC: 0.782
2019-04-27 19:58:38,747 - INFO - rndforest/train_forest - Shuffle: 8 of 15 | AUC: 0.783
2019-04-27 19:58:40,836 - INFO - rndforest/train_forest - Shuffle: 9 of 15 | AUC: 0.782
2019-04-27 19:58:43,040 - INFO - rndforest/train_forest - Shuffle: 10 of 15 | AUC: 0.782
2019-04-27 19:58:45,196 - INFO - rndforest/train_forest - Shuffle: 11 of 15 | AUC: 0.779
2019-04-27 19:58:47,396 - INFO - rndforest/train_forest - Shuffle: 12 of 15 | AUC: 0.787
2019-04-27 19:58:49,506 - INFO - rndforest/train_forest - Shuffle: 13 of 15 | AUC: 0.780
2019-04-27 19:58:51,686 - INFO - rndforest/train_forest - Shuffle: 14 of 15 | AUC: 0.774
2019-04-27 19:58:53,846 - INFO - rndforest/train_forest - Shuffle: 15 of 15 | AUC: 0.778
2019-04-27 19:58:54,815 - INFO - rndforest/train_forest - Finished | Mean AUC: 0.779 | Stdev: 0.0062
2019-04-27 19:58:55,266 - INFO - rndforest/evaluate_default_prob - 2 of 14 bins were removed
2019-04-27 19:58:55,320 - INFO - rndforest/evaluate_default_prob - Fit succeded | R2: 0.991
2019-04-27 19:58:55,329 - INFO - bondapp/<module> - Finished
2019-04-27 20:00:12,636 - INFO - api/save_publicdataset - Loandataset already exists for today
2019-04-27 20:00:15,225 - INFO - dataprep/load_data - Loaded Data: 86.6k credits
2019-04-27 20:00:15,536 - INFO - dataprep/clean_data - 11.08 % time filtered
2019-04-27 20:00:15,649 - INFO - dataprep/clean_data - 3.05 % NaN filtered
2019-04-27 20:00:16,485 - DEBUG - dataprep/clean_data - Number of remaining NaN: 0
2019-04-27 20:00:16,485 - INFO - dataprep/clean_data - 32.85 % of credits defaulted
2019-04-27 20:00:16,506 - INFO - dataprep/clean_data - Finished Data Cleansing
2019-04-27 20:00:16,615 - DEBUG - rndforest/train_forest - Train Random Forest with:
2019-04-27 20:00:16,615 - DEBUG - rndforest/train_forest - No of Trees: 122
2019-04-27 20:00:16,615 - DEBUG - rndforest/train_forest - Max Depth: 30
2019-04-27 20:00:16,615 - DEBUG - rndforest/train_forest - Min Leaf Size: 2500
2019-04-27 20:00:16,615 - DEBUG - rndforest/train_forest - Min Sample Split: 1000
2019-04-27 20:00:16,615 - DEBUG - rndforest/train_forest - Crit: gini
2019-04-27 20:00:18,869 - INFO - rndforest/train_forest - Shuffle: 1 of 15 | AUC: 0.784
2019-04-27 20:00:21,045 - INFO - rndforest/train_forest - Shuffle: 2 of 15 | AUC: 0.773
2019-04-27 20:00:23,265 - INFO - rndforest/train_forest - Shuffle: 3 of 15 | AUC: 0.776
2019-04-27 20:00:25,456 - INFO - rndforest/train_forest - Shuffle: 4 of 15 | AUC: 0.783
2019-04-27 20:00:27,706 - INFO - rndforest/train_forest - Shuffle: 5 of 15 | AUC: 0.776
2019-04-27 20:00:29,925 - INFO - rndforest/train_forest - Shuffle: 6 of 15 | AUC: 0.784
2019-04-27 20:00:32,159 - INFO - rndforest/train_forest - Shuffle: 7 of 15 | AUC: 0.777
2019-04-27 20:00:34,509 - INFO - rndforest/train_forest - Shuffle: 8 of 15 | AUC: 0.779
2019-04-27 20:00:37,205 - INFO - rndforest/train_forest - Shuffle: 9 of 15 | AUC: 0.778
2019-04-27 20:00:39,759 - INFO - rndforest/train_forest - Shuffle: 10 of 15 | AUC: 0.773
2019-04-27 20:00:42,075 - INFO - rndforest/train_forest - Shuffle: 11 of 15 | AUC: 0.771
2019-04-27 20:00:44,635 - INFO - rndforest/train_forest - Shuffle: 12 of 15 | AUC: 0.790
2019-04-27 20:00:47,119 - INFO - rndforest/train_forest - Shuffle: 13 of 15 | AUC: 0.780
2019-04-27 20:00:49,478 - INFO - rndforest/train_forest - Shuffle: 14 of 15 | AUC: 0.766
2019-04-27 20:00:51,949 - INFO - rndforest/train_forest - Shuffle: 15 of 15 | AUC: 0.785
2019-04-27 20:00:52,925 - INFO - rndforest/train_forest - Finished | Mean AUC: 0.778 | Stdev: 0.0062
2019-04-27 20:00:53,425 - INFO - rndforest/evaluate_default_prob - 3 of 14 bins were removed
2019-04-27 20:00:53,476 - INFO - rndforest/evaluate_default_prob - Fit succeded | R2: 0.989
2019-04-27 20:00:53,485 - INFO - bondapp/<module> - Finished
2019-04-27 20:01:55,575 - INFO - api/save_publicdataset - Loandataset already exists for today
2019-04-27 20:01:58,148 - INFO - dataprep/load_data - Loaded Data: 86.6k credits
2019-04-27 20:01:58,527 - INFO - dataprep/clean_data - 11.08 % time filtered
2019-04-27 20:01:58,648 - INFO - dataprep/clean_data - 3.05 % NaN filtered
2019-04-27 20:01:59,546 - DEBUG - dataprep/clean_data - Number of remaining NaN: 0
2019-04-27 20:01:59,548 - INFO - dataprep/clean_data - 32.85 % of credits defaulted
2019-04-27 20:01:59,568 - INFO - dataprep/clean_data - Finished Data Cleansing
2019-04-27 20:01:59,666 - DEBUG - rndforest/train_forest - Train Random Forest with:
2019-04-27 20:01:59,666 - DEBUG - rndforest/train_forest - No of Trees: 122
2019-04-27 20:01:59,666 - DEBUG - rndforest/train_forest - Max Depth: 30
2019-04-27 20:01:59,666 - DEBUG - rndforest/train_forest - Min Leaf Size: 2500
2019-04-27 20:01:59,666 - DEBUG - rndforest/train_forest - Min Sample Split: 1000
2019-04-27 20:01:59,666 - DEBUG - rndforest/train_forest - Crit: gini
2019-04-27 20:02:01,968 - INFO - rndforest/train_forest - Shuffle: 1 of 15 | AUC: 0.772
2019-04-27 20:02:04,226 - INFO - rndforest/train_forest - Shuffle: 2 of 15 | AUC: 0.774
2019-04-27 20:02:06,574 - INFO - rndforest/train_forest - Shuffle: 3 of 15 | AUC: 0.779
2019-04-27 20:02:08,896 - INFO - rndforest/train_forest - Shuffle: 4 of 15 | AUC: 0.775
2019-04-27 20:02:11,254 - INFO - rndforest/train_forest - Shuffle: 5 of 15 | AUC: 0.783
2019-04-27 20:02:13,588 - INFO - rndforest/train_forest - Shuffle: 6 of 15 | AUC: 0.775
2019-04-27 20:02:15,925 - INFO - rndforest/train_forest - Shuffle: 7 of 15 | AUC: 0.778
2019-04-27 20:02:18,284 - INFO - rndforest/train_forest - Shuffle: 8 of 15 | AUC: 0.773
2019-04-27 20:02:20,604 - INFO - rndforest/train_forest - Shuffle: 9 of 15 | AUC: 0.778
2019-04-27 20:02:22,964 - INFO - rndforest/train_forest - Shuffle: 10 of 15 | AUC: 0.789
2019-04-27 20:02:25,308 - INFO - rndforest/train_forest - Shuffle: 11 of 15 | AUC: 0.773
2019-04-27 20:02:27,674 - INFO - rndforest/train_forest - Shuffle: 12 of 15 | AUC: 0.761
2019-04-27 20:02:30,006 - INFO - rndforest/train_forest - Shuffle: 13 of 15 | AUC: 0.773
2019-04-27 20:02:32,354 - INFO - rndforest/train_forest - Shuffle: 14 of 15 | AUC: 0.774
2019-04-27 20:02:34,687 - INFO - rndforest/train_forest - Shuffle: 15 of 15 | AUC: 0.779
2019-04-27 20:02:35,674 - INFO - rndforest/train_forest - Finished | Mean AUC: 0.776 | Stdev: 0.0061
2019-04-27 20:02:36,064 - INFO - rndforest/evaluate_default_prob - 1 of 14 bins were removed
2019-04-27 20:02:36,118 - INFO - rndforest/evaluate_default_prob - Fit succeded | R2: 0.979
2019-04-27 20:02:36,134 - INFO - bondapp/<module> - Finished
2019-04-27 20:04:36,743 - INFO - api/save_publicdataset - Loandataset already exists for today
2019-04-27 20:04:39,334 - INFO - dataprep/load_data - Loaded Data: 86.6k credits
2019-04-27 20:04:39,714 - INFO - dataprep/clean_data - 11.08 % time filtered
2019-04-27 20:04:39,836 - INFO - dataprep/clean_data - 3.16 % NaN filtered
2019-04-27 20:04:40,755 - DEBUG - dataprep/clean_data - Number of remaining NaN: 0
2019-04-27 20:04:40,765 - INFO - dataprep/clean_data - 32.77 % of credits defaulted
2019-04-27 20:04:40,786 - INFO - dataprep/clean_data - Finished Data Cleansing
2019-04-27 20:04:41,156 - DEBUG - rndforest/train_forest - Train Random Forest with:
2019-04-27 20:04:41,156 - DEBUG - rndforest/train_forest - No of Trees: 122
2019-04-27 20:04:41,156 - DEBUG - rndforest/train_forest - Max Depth: 30
2019-04-27 20:04:41,156 - DEBUG - rndforest/train_forest - Min Leaf Size: 2500
2019-04-27 20:04:41,156 - DEBUG - rndforest/train_forest - Min Sample Split: 1000
2019-04-27 20:04:41,156 - DEBUG - rndforest/train_forest - Crit: gini
2019-04-27 20:04:44,797 - INFO - rndforest/train_forest - Shuffle: 1 of 15 | AUC: 0.776
2019-04-27 20:04:48,482 - INFO - rndforest/train_forest - Shuffle: 2 of 15 | AUC: 0.782
2019-04-27 20:04:52,147 - INFO - rndforest/train_forest - Shuffle: 3 of 15 | AUC: 0.774
2019-04-27 20:04:55,827 - INFO - rndforest/train_forest - Shuffle: 4 of 15 | AUC: 0.782
2019-04-27 20:04:59,546 - INFO - rndforest/train_forest - Shuffle: 5 of 15 | AUC: 0.781
2019-04-27 20:05:03,147 - INFO - rndforest/train_forest - Shuffle: 6 of 15 | AUC: 0.775
2019-04-27 20:05:06,807 - INFO - rndforest/train_forest - Shuffle: 7 of 15 | AUC: 0.773
2019-04-27 20:05:10,472 - INFO - rndforest/train_forest - Shuffle: 8 of 15 | AUC: 0.775
2019-04-27 20:05:14,181 - INFO - rndforest/train_forest - Shuffle: 9 of 15 | AUC: 0.780
2019-04-27 20:05:17,891 - INFO - rndforest/train_forest - Shuffle: 10 of 15 | AUC: 0.780
2019-04-27 20:05:21,566 - INFO - rndforest/train_forest - Shuffle: 11 of 15 | AUC: 0.768
2019-04-27 20:05:25,282 - INFO - rndforest/train_forest - Shuffle: 12 of 15 | AUC: 0.775
2019-04-27 20:05:28,975 - INFO - rndforest/train_forest - Shuffle: 13 of 15 | AUC: 0.775
2019-04-27 20:05:32,622 - INFO - rndforest/train_forest - Shuffle: 14 of 15 | AUC: 0.781
2019-04-27 20:05:36,352 - INFO - rndforest/train_forest - Shuffle: 15 of 15 | AUC: 0.777
2019-04-27 20:05:37,806 - INFO - rndforest/train_forest - Finished | Mean AUC: 0.777 | Stdev: 0.0040
2019-04-27 20:05:38,716 - INFO - rndforest/evaluate_default_prob - 1 of 14 bins were removed
2019-04-27 20:05:38,766 - INFO - rndforest/evaluate_default_prob - Fit succeded | R2: 0.989
2019-04-27 20:05:38,806 - INFO - bondapp/<module> - Finished
2019-04-27 20:08:45,494 - INFO - api/save_publicdataset - Loandataset already exists for today
2019-04-27 20:08:48,084 - INFO - dataprep/load_data - Loaded Data: 86.6k credits
2019-04-27 20:08:48,463 - INFO - dataprep/clean_data - 11.08 % time filtered
2019-04-27 20:08:48,566 - INFO - dataprep/clean_data - 3.16 % NaN filtered
2019-04-27 20:08:49,284 - DEBUG - dataprep/clean_data - Number of remaining NaN: 0
2019-04-27 20:08:49,294 - INFO - dataprep/clean_data - 32.77 % of credits defaulted
2019-04-27 20:08:49,314 - INFO - dataprep/clean_data - Finished Data Cleansing
2019-04-27 20:08:49,584 - DEBUG - rndforest/train_forest - Train Random Forest with:
2019-04-27 20:08:49,584 - DEBUG - rndforest/train_forest - No of Trees: 122
2019-04-27 20:08:49,584 - DEBUG - rndforest/train_forest - Max Depth: 30
2019-04-27 20:08:49,584 - DEBUG - rndforest/train_forest - Min Leaf Size: 2500
2019-04-27 20:08:49,584 - DEBUG - rndforest/train_forest - Min Sample Split: 1000
2019-04-27 20:08:49,584 - DEBUG - rndforest/train_forest - Crit: gini
2019-04-27 20:08:52,603 - INFO - rndforest/train_forest - Shuffle: 1 of 15 | AUC: 0.780
2019-04-27 20:08:55,605 - INFO - rndforest/train_forest - Shuffle: 2 of 15 | AUC: 0.782
2019-04-27 20:08:58,626 - INFO - rndforest/train_forest - Shuffle: 3 of 15 | AUC: 0.784
2019-04-27 20:09:01,652 - INFO - rndforest/train_forest - Shuffle: 4 of 15 | AUC: 0.776
2019-04-27 20:09:04,707 - INFO - rndforest/train_forest - Shuffle: 5 of 15 | AUC: 0.780
2019-04-27 20:09:07,703 - INFO - rndforest/train_forest - Shuffle: 6 of 15 | AUC: 0.772
2019-04-27 20:09:10,727 - INFO - rndforest/train_forest - Shuffle: 7 of 15 | AUC: 0.783
2019-04-27 20:09:13,744 - INFO - rndforest/train_forest - Shuffle: 8 of 15 | AUC: 0.787
2019-04-27 20:09:16,804 - INFO - rndforest/train_forest - Shuffle: 9 of 15 | AUC: 0.783
2019-04-27 20:09:19,904 - INFO - rndforest/train_forest - Shuffle: 10 of 15 | AUC: 0.776
2019-04-27 20:09:22,927 - INFO - rndforest/train_forest - Shuffle: 11 of 15 | AUC: 0.786
2019-04-27 20:09:25,957 - INFO - rndforest/train_forest - Shuffle: 12 of 15 | AUC: 0.774
2019-04-27 20:09:28,943 - INFO - rndforest/train_forest - Shuffle: 13 of 15 | AUC: 0.788
2019-04-27 20:09:31,872 - INFO - rndforest/train_forest - Shuffle: 14 of 15 | AUC: 0.779
2019-04-27 20:09:34,914 - INFO - rndforest/train_forest - Shuffle: 15 of 15 | AUC: 0.781
2019-04-27 20:09:36,225 - INFO - rndforest/train_forest - Finished | Mean AUC: 0.781 | Stdev: 0.0048
2019-04-27 20:09:36,953 - INFO - rndforest/evaluate_default_prob - 2 of 15 bins were removed
2019-04-27 20:09:37,013 - INFO - rndforest/evaluate_default_prob - Fit succeded | R2: 0.974
2019-04-27 20:09:37,043 - INFO - bondapp/<module> - Finished
2019-04-27 20:11:11,136 - INFO - api/save_publicdataset - Loandataset already exists for today
2019-04-27 20:11:13,787 - INFO - dataprep/load_data - Loaded Data: 86.6k credits
2019-04-27 20:11:14,140 - INFO - dataprep/clean_data - 11.08 % time filtered
2019-04-27 20:11:14,246 - INFO - dataprep/clean_data - 3.16 % NaN filtered
2019-04-27 20:11:14,977 - DEBUG - dataprep/clean_data - Number of remaining NaN: 0
2019-04-27 20:11:14,990 - INFO - dataprep/clean_data - 32.77 % of credits defaulted
2019-04-27 20:11:15,006 - INFO - dataprep/clean_data - Finished Data Cleansing
2019-04-27 20:11:15,250 - DEBUG - rndforest/train_forest - Train Random Forest with:
2019-04-27 20:11:15,250 - DEBUG - rndforest/train_forest - No of Trees: 122
2019-04-27 20:11:15,250 - DEBUG - rndforest/train_forest - Max Depth: 30
2019-04-27 20:11:15,250 - DEBUG - rndforest/train_forest - Min Leaf Size: 2500
2019-04-27 20:11:15,250 - DEBUG - rndforest/train_forest - Min Sample Split: 1000
2019-04-27 20:11:15,250 - DEBUG - rndforest/train_forest - Crit: gini
2019-04-27 20:11:18,255 - INFO - rndforest/train_forest - Shuffle: 1 of 15 | AUC: 0.781
2019-04-27 20:11:21,291 - INFO - rndforest/train_forest - Shuffle: 2 of 15 | AUC: 0.777
2019-04-27 20:11:24,318 - INFO - rndforest/train_forest - Shuffle: 3 of 15 | AUC: 0.776
2019-04-27 20:11:27,317 - INFO - rndforest/train_forest - Shuffle: 4 of 15 | AUC: 0.787
2019-04-27 20:11:30,326 - INFO - rndforest/train_forest - Shuffle: 5 of 15 | AUC: 0.782
2019-04-27 20:11:33,296 - INFO - rndforest/train_forest - Shuffle: 6 of 15 | AUC: 0.777
2019-04-27 20:11:36,310 - INFO - rndforest/train_forest - Shuffle: 7 of 15 | AUC: 0.780
2019-04-27 20:11:39,300 - INFO - rndforest/train_forest - Shuffle: 8 of 15 | AUC: 0.786
2019-04-27 20:11:42,306 - INFO - rndforest/train_forest - Shuffle: 9 of 15 | AUC: 0.779
2019-04-27 20:11:45,266 - INFO - rndforest/train_forest - Shuffle: 10 of 15 | AUC: 0.784
2019-04-27 20:11:48,270 - INFO - rndforest/train_forest - Shuffle: 11 of 15 | AUC: 0.773
2019-04-27 20:11:51,290 - INFO - rndforest/train_forest - Shuffle: 12 of 15 | AUC: 0.773
2019-04-27 20:11:54,256 - INFO - rndforest/train_forest - Shuffle: 13 of 15 | AUC: 0.773
2019-04-27 20:11:57,177 - INFO - rndforest/train_forest - Shuffle: 14 of 15 | AUC: 0.788
2019-04-27 20:12:00,200 - INFO - rndforest/train_forest - Shuffle: 15 of 15 | AUC: 0.776
2019-04-27 20:12:01,829 - INFO - rndforest/train_forest - Finished | Mean AUC: 0.779 | Stdev: 0.0050
2019-04-27 20:12:02,536 - INFO - rndforest/evaluate_default_prob - 2 of 15 bins were removed
2019-04-27 20:12:02,586 - INFO - rndforest/evaluate_default_prob - Fit succeded | R2: 0.981
2019-04-27 20:12:02,626 - INFO - bondapp/<module> - Finished
2019-04-27 20:13:42,355 - INFO - api/save_publicdataset - Loandataset already exists for today
2019-04-27 20:13:44,967 - INFO - dataprep/load_data - Loaded Data: 86.6k credits
2019-04-27 20:13:45,355 - INFO - dataprep/clean_data - 11.08 % time filtered
2019-04-27 20:13:45,487 - INFO - dataprep/clean_data - 3.16 % NaN filtered
2019-04-27 20:14:10,749 - INFO - api/save_publicdataset - Loandataset already exists for today
2019-04-27 20:14:13,336 - INFO - dataprep/load_data - Loaded Data: 86.6k credits
2019-04-27 20:14:13,683 - INFO - dataprep/clean_data - 11.08 % time filtered
2019-04-27 20:14:13,778 - INFO - dataprep/clean_data - 3.16 % NaN filtered
2019-04-27 20:14:14,466 - DEBUG - dataprep/clean_data - Number of remaining NaN: 0
2019-04-27 20:14:14,476 - INFO - dataprep/clean_data - 32.77 % of credits defaulted
2019-04-27 20:14:14,497 - INFO - dataprep/clean_data - Finished Data Cleansing
2019-04-27 20:14:14,721 - DEBUG - rndforest/train_forest - Train Random Forest with:
2019-04-27 20:14:14,721 - DEBUG - rndforest/train_forest - No of Trees: 122
2019-04-27 20:14:14,721 - DEBUG - rndforest/train_forest - Max Depth: 30
2019-04-27 20:14:14,721 - DEBUG - rndforest/train_forest - Min Leaf Size: 2500
2019-04-27 20:14:14,721 - DEBUG - rndforest/train_forest - Min Sample Split: 1000
2019-04-27 20:14:14,721 - DEBUG - rndforest/train_forest - Crit: gini
2019-04-27 20:14:17,428 - INFO - rndforest/train_forest - Shuffle: 1 of 15 | AUC: 0.784
2019-04-27 20:14:20,225 - INFO - rndforest/train_forest - Shuffle: 2 of 15 | AUC: 0.765
2019-04-27 20:14:23,015 - INFO - rndforest/train_forest - Shuffle: 3 of 15 | AUC: 0.776
2019-04-27 20:14:25,775 - INFO - rndforest/train_forest - Shuffle: 4 of 15 | AUC: 0.785
2019-04-27 20:14:28,555 - INFO - rndforest/train_forest - Shuffle: 5 of 15 | AUC: 0.778
2019-04-27 20:14:31,295 - INFO - rndforest/train_forest - Shuffle: 6 of 15 | AUC: 0.776
2019-04-27 20:14:34,035 - INFO - rndforest/train_forest - Shuffle: 7 of 15 | AUC: 0.781
2019-04-27 20:14:36,819 - INFO - rndforest/train_forest - Shuffle: 8 of 15 | AUC: 0.779
2019-04-27 20:14:39,585 - INFO - rndforest/train_forest - Shuffle: 9 of 15 | AUC: 0.775
2019-04-27 20:14:42,398 - INFO - rndforest/train_forest - Shuffle: 10 of 15 | AUC: 0.784
2019-04-27 20:14:45,154 - INFO - rndforest/train_forest - Shuffle: 11 of 15 | AUC: 0.770
2019-04-27 20:14:47,904 - INFO - rndforest/train_forest - Shuffle: 12 of 15 | AUC: 0.775
2019-04-27 20:14:50,684 - INFO - rndforest/train_forest - Shuffle: 13 of 15 | AUC: 0.779
2019-04-27 20:14:53,454 - INFO - rndforest/train_forest - Shuffle: 14 of 15 | AUC: 0.777
2019-04-27 20:14:56,208 - INFO - rndforest/train_forest - Shuffle: 15 of 15 | AUC: 0.766
2019-04-27 20:14:57,768 - INFO - rndforest/train_forest - Finished | Mean AUC: 0.777 | Stdev: 0.0059
2019-04-27 20:14:58,424 - INFO - rndforest/evaluate_default_prob - 2 of 15 bins were removed
2019-04-27 20:14:58,483 - INFO - rndforest/evaluate_default_prob - Fit succeded | R2: 0.985
2019-04-27 20:14:58,515 - INFO - bondapp/<module> - Finished
2019-04-27 20:18:01,195 - INFO - api/save_publicdataset - Loandataset already exists for today
2019-04-27 20:18:03,905 - INFO - dataprep/load_data - Loaded Data: 86.6k credits
2019-04-27 20:18:04,288 - INFO - dataprep/clean_data - 11.08 % time filtered
2019-04-27 20:18:04,406 - INFO - dataprep/clean_data - 3.16 % NaN filtered
2019-04-27 20:18:04,945 - DEBUG - dataprep/clean_data - Number of remaining NaN: 0
2019-04-27 20:18:04,945 - INFO - dataprep/clean_data - 32.77 % of credits defaulted
2019-04-27 20:18:04,965 - INFO - dataprep/clean_data - Finished Data Cleansing
2019-04-27 20:18:05,095 - DEBUG - rndforest/train_forest - Train Random Forest with:
2019-04-27 20:18:05,095 - DEBUG - rndforest/train_forest - No of Trees: 122
2019-04-27 20:18:05,095 - DEBUG - rndforest/train_forest - Max Depth: 30
2019-04-27 20:18:05,095 - DEBUG - rndforest/train_forest - Min Leaf Size: 2500
2019-04-27 20:18:05,095 - DEBUG - rndforest/train_forest - Min Sample Split: 1000
2019-04-27 20:18:05,095 - DEBUG - rndforest/train_forest - Crit: gini
2019-04-27 20:18:07,807 - INFO - rndforest/train_forest - Shuffle: 1 of 15 | AUC: 0.778
2019-04-27 20:18:10,335 - INFO - rndforest/train_forest - Shuffle: 2 of 15 | AUC: 0.779
2019-04-27 20:18:12,835 - INFO - rndforest/train_forest - Shuffle: 3 of 15 | AUC: 0.784
2019-04-27 20:18:15,255 - INFO - rndforest/train_forest - Shuffle: 4 of 15 | AUC: 0.791
2019-04-27 20:18:17,815 - INFO - rndforest/train_forest - Shuffle: 5 of 15 | AUC: 0.778
2019-04-27 20:18:20,305 - INFO - rndforest/train_forest - Shuffle: 6 of 15 | AUC: 0.785
2019-04-27 20:18:22,800 - INFO - rndforest/train_forest - Shuffle: 7 of 15 | AUC: 0.790
2019-04-27 20:18:25,295 - INFO - rndforest/train_forest - Shuffle: 8 of 15 | AUC: 0.781
2019-04-27 20:18:27,755 - INFO - rndforest/train_forest - Shuffle: 9 of 15 | AUC: 0.782
2019-04-27 20:18:30,269 - INFO - rndforest/train_forest - Shuffle: 10 of 15 | AUC: 0.788
2019-04-27 20:18:32,786 - INFO - rndforest/train_forest - Shuffle: 11 of 15 | AUC: 0.782
2019-04-27 20:18:35,325 - INFO - rndforest/train_forest - Shuffle: 12 of 15 | AUC: 0.784
2019-04-27 20:18:37,824 - INFO - rndforest/train_forest - Shuffle: 13 of 15 | AUC: 0.783
2019-04-27 20:18:40,265 - INFO - rndforest/train_forest - Shuffle: 14 of 15 | AUC: 0.788
2019-04-27 20:18:42,789 - INFO - rndforest/train_forest - Shuffle: 15 of 15 | AUC: 0.776
2019-04-27 20:18:44,235 - INFO - rndforest/train_forest - Finished | Mean AUC: 0.783 | Stdev: 0.0046
2019-04-27 20:18:44,735 - INFO - rndforest/evaluate_default_prob - 1 of 15 bins were removed
2019-04-27 20:18:44,785 - INFO - rndforest/evaluate_default_prob - Fit succeded | R2: 0.984
2019-04-27 20:18:44,805 - INFO - bondapp/<module> - Finished
2019-04-27 20:21:39,999 - INFO - api/save_publicdataset - Loandataset already exists for today
2019-04-27 20:21:42,605 - INFO - dataprep/load_data - Loaded Data: 86.6k credits
2019-04-27 20:21:42,999 - INFO - dataprep/clean_data - 11.08 % time filtered
2019-04-27 20:21:43,217 - INFO - dataprep/clean_data - 7.84 % NaN filtered
2019-04-27 20:21:43,719 - DEBUG - dataprep/clean_data - Number of remaining NaN: 0
2019-04-27 20:21:43,733 - INFO - dataprep/clean_data - 33.68 % of credits defaulted
2019-04-27 20:21:43,753 - INFO - dataprep/clean_data - Finished Data Cleansing
2019-04-27 20:21:43,879 - DEBUG - rndforest/train_forest - Train Random Forest with:
2019-04-27 20:21:43,879 - DEBUG - rndforest/train_forest - No of Trees: 122
2019-04-27 20:21:43,879 - DEBUG - rndforest/train_forest - Max Depth: 30
2019-04-27 20:21:43,879 - DEBUG - rndforest/train_forest - Min Leaf Size: 2500
2019-04-27 20:21:43,879 - DEBUG - rndforest/train_forest - Min Sample Split: 1000
2019-04-27 20:21:43,879 - DEBUG - rndforest/train_forest - Crit: gini
2019-04-27 20:24:49,432 - INFO - api/save_publicdataset - Loandataset already exists for today
2019-04-27 20:24:52,034 - INFO - dataprep/load_data - Loaded Data: 86.6k credits
2019-04-27 20:24:52,409 - INFO - dataprep/clean_data - 11.08 % time filtered
2019-04-27 20:26:48,225 - INFO - api/save_publicdataset - Loandataset already exists for today
2019-04-27 20:26:50,811 - INFO - dataprep/load_data - Loaded Data: 86.6k credits
2019-04-27 20:26:51,181 - INFO - dataprep/clean_data - 11.08 % time filtered
2019-04-27 20:26:51,301 - INFO - dataprep/clean_data - 7.84 % NaN filtered
2019-04-27 20:26:51,775 - DEBUG - dataprep/clean_data - Number of remaining NaN: 0
2019-04-27 20:26:51,784 - INFO - dataprep/clean_data - 33.68 % of credits defaulted
2019-04-27 20:26:51,801 - INFO - dataprep/clean_data - Finished Data Cleansing
2019-04-27 20:26:51,931 - DEBUG - rndforest/train_forest - Train Random Forest with:
2019-04-27 20:26:51,931 - DEBUG - rndforest/train_forest - No of Trees: 122
2019-04-27 20:26:51,931 - DEBUG - rndforest/train_forest - Max Depth: 30
2019-04-27 20:26:51,931 - DEBUG - rndforest/train_forest - Min Leaf Size: 2500
2019-04-27 20:26:51,931 - DEBUG - rndforest/train_forest - Min Sample Split: 1000
2019-04-27 20:26:51,931 - DEBUG - rndforest/train_forest - Crit: gini
2019-04-27 20:26:54,341 - INFO - rndforest/train_forest - Shuffle: 1 of 15 | AUC: 0.789
2019-04-27 20:26:56,704 - INFO - rndforest/train_forest - Shuffle: 2 of 15 | AUC: 0.790
2019-04-27 20:26:59,061 - INFO - rndforest/train_forest - Shuffle: 3 of 15 | AUC: 0.797
2019-04-27 20:27:01,451 - INFO - rndforest/train_forest - Shuffle: 4 of 15 | AUC: 0.796
2019-04-27 20:27:03,751 - INFO - rndforest/train_forest - Shuffle: 5 of 15 | AUC: 0.798
2019-04-27 20:27:06,071 - INFO - rndforest/train_forest - Shuffle: 6 of 15 | AUC: 0.804
2019-04-27 20:27:08,455 - INFO - rndforest/train_forest - Shuffle: 7 of 15 | AUC: 0.793
2019-04-27 20:27:10,851 - INFO - rndforest/train_forest - Shuffle: 8 of 15 | AUC: 0.794
2019-04-27 20:27:13,195 - INFO - rndforest/train_forest - Shuffle: 9 of 15 | AUC: 0.786
2019-04-27 20:27:15,511 - INFO - rndforest/train_forest - Shuffle: 10 of 15 | AUC: 0.797
2019-04-27 20:27:17,910 - INFO - rndforest/train_forest - Shuffle: 11 of 15 | AUC: 0.791
2019-04-27 20:27:20,261 - INFO - rndforest/train_forest - Shuffle: 12 of 15 | AUC: 0.796
2019-04-27 20:27:22,650 - INFO - rndforest/train_forest - Shuffle: 13 of 15 | AUC: 0.792
2019-04-27 20:27:25,054 - INFO - rndforest/train_forest - Shuffle: 14 of 15 | AUC: 0.791
2019-04-27 20:27:27,392 - INFO - rndforest/train_forest - Shuffle: 15 of 15 | AUC: 0.796
2019-04-27 20:27:28,792 - INFO - rndforest/train_forest - Finished | Mean AUC: 0.794 | Stdev: 0.0043
2019-04-27 20:27:29,280 - INFO - rndforest/evaluate_default_prob - 1 of 15 bins were removed
2019-04-27 20:27:29,330 - INFO - rndforest/evaluate_default_prob - Fit succeded | R2: 0.989
2019-04-27 20:27:29,350 - INFO - bondapp/<module> - Finished
2019-04-27 20:31:28,610 - INFO - api/save_publicdataset - Loandataset already exists for today
2019-04-27 20:31:31,224 - INFO - dataprep/load_data - Loaded Data: 86.6k credits
2019-04-27 20:31:31,595 - INFO - dataprep/clean_data - 11.08 % time filtered
2019-04-27 20:31:31,699 - INFO - dataprep/clean_data - 7.74 % NaN filtered
2019-04-27 20:31:32,159 - DEBUG - dataprep/clean_data - Number of remaining NaN: 0
2019-04-27 20:31:32,165 - INFO - dataprep/clean_data - 33.76 % of credits defaulted
2019-04-27 20:31:32,186 - INFO - dataprep/clean_data - Finished Data Cleansing
2019-04-27 20:31:32,295 - DEBUG - rndforest/train_forest - Train Random Forest with:
2019-04-27 20:31:32,295 - DEBUG - rndforest/train_forest - No of Trees: 122
2019-04-27 20:31:32,299 - DEBUG - rndforest/train_forest - Max Depth: 30
2019-04-27 20:31:32,299 - DEBUG - rndforest/train_forest - Min Leaf Size: 2500
2019-04-27 20:31:32,299 - DEBUG - rndforest/train_forest - Min Sample Split: 1000
2019-04-27 20:31:32,299 - DEBUG - rndforest/train_forest - Crit: gini
2019-04-27 20:31:34,636 - INFO - rndforest/train_forest - Shuffle: 1 of 15 | AUC: 0.789
2019-04-27 20:31:36,906 - INFO - rndforest/train_forest - Shuffle: 2 of 15 | AUC: 0.787
2019-04-27 20:31:39,207 - INFO - rndforest/train_forest - Shuffle: 3 of 15 | AUC: 0.788
2019-04-27 20:31:41,485 - INFO - rndforest/train_forest - Shuffle: 4 of 15 | AUC: 0.798
2019-04-27 20:31:43,795 - INFO - rndforest/train_forest - Shuffle: 5 of 15 | AUC: 0.792
2019-04-27 20:31:46,076 - INFO - rndforest/train_forest - Shuffle: 6 of 15 | AUC: 0.787
2019-04-27 20:31:48,350 - INFO - rndforest/train_forest - Shuffle: 7 of 15 | AUC: 0.781
2019-04-27 20:31:50,640 - INFO - rndforest/train_forest - Shuffle: 8 of 15 | AUC: 0.798
2019-04-27 20:31:52,900 - INFO - rndforest/train_forest - Shuffle: 9 of 15 | AUC: 0.789
2019-04-27 20:31:55,169 - INFO - rndforest/train_forest - Shuffle: 10 of 15 | AUC: 0.804
2019-04-27 20:31:57,405 - INFO - rndforest/train_forest - Shuffle: 11 of 15 | AUC: 0.790
2019-04-27 20:31:59,984 - INFO - rndforest/train_forest - Shuffle: 12 of 15 | AUC: 0.781
2019-04-27 20:32:02,425 - INFO - rndforest/train_forest - Shuffle: 13 of 15 | AUC: 0.791
2019-04-27 20:32:04,719 - INFO - rndforest/train_forest - Shuffle: 14 of 15 | AUC: 0.785
2019-04-27 20:32:07,285 - INFO - rndforest/train_forest - Shuffle: 15 of 15 | AUC: 0.789
2019-04-27 20:32:08,682 - INFO - rndforest/train_forest - Finished | Mean AUC: 0.790 | Stdev: 0.0061
2019-04-27 20:32:09,125 - INFO - rndforest/evaluate_default_prob - 2 of 16 bins were removed
2019-04-27 20:32:09,179 - INFO - rndforest/evaluate_default_prob - Fit succeded | R2: 0.987
2019-04-27 20:32:09,199 - INFO - bondapp/<module> - Finished
2019-04-27 20:33:17,078 - INFO - api/save_publicdataset - Loandataset already exists for today
2019-04-27 20:33:19,781 - INFO - dataprep/load_data - Loaded Data: 86.6k credits
2019-04-27 20:33:20,219 - INFO - dataprep/clean_data - 11.08 % time filtered
2019-04-27 20:33:20,375 - INFO - dataprep/clean_data - 7.74 % NaN filtered
2019-04-27 20:33:20,845 - DEBUG - dataprep/clean_data - Number of remaining NaN: 0
2019-04-27 20:33:20,845 - INFO - dataprep/clean_data - 33.76 % of credits defaulted
2019-04-27 20:33:20,861 - INFO - dataprep/clean_data - Finished Data Cleansing
2019-04-27 20:33:21,001 - DEBUG - rndforest/train_forest - Train Random Forest with:
2019-04-27 20:33:21,001 - DEBUG - rndforest/train_forest - No of Trees: 122
2019-04-27 20:33:21,001 - DEBUG - rndforest/train_forest - Max Depth: 30
2019-04-27 20:33:21,001 - DEBUG - rndforest/train_forest - Min Leaf Size: 2500
2019-04-27 20:33:21,001 - DEBUG - rndforest/train_forest - Min Sample Split: 1000
2019-04-27 20:33:21,001 - DEBUG - rndforest/train_forest - Crit: gini
2019-04-27 20:33:23,145 - INFO - rndforest/train_forest - Shuffle: 1 of 15 | AUC: 0.789
2019-04-27 20:33:25,188 - INFO - rndforest/train_forest - Shuffle: 2 of 15 | AUC: 0.776
2019-04-27 20:33:27,218 - INFO - rndforest/train_forest - Shuffle: 3 of 15 | AUC: 0.789
2019-04-27 20:33:29,219 - INFO - rndforest/train_forest - Shuffle: 4 of 15 | AUC: 0.785
2019-04-27 20:33:31,218 - INFO - rndforest/train_forest - Shuffle: 5 of 15 | AUC: 0.792
2019-04-27 20:33:33,258 - INFO - rndforest/train_forest - Shuffle: 6 of 15 | AUC: 0.788
2019-04-27 20:33:35,254 - INFO - rndforest/train_forest - Shuffle: 7 of 15 | AUC: 0.780
2019-04-27 20:33:37,265 - INFO - rndforest/train_forest - Shuffle: 8 of 15 | AUC: 0.792
2019-04-27 20:33:39,384 - INFO - rndforest/train_forest - Shuffle: 9 of 15 | AUC: 0.789
2019-04-27 20:33:41,414 - INFO - rndforest/train_forest - Shuffle: 10 of 15 | AUC: 0.786
2019-04-27 20:33:43,434 - INFO - rndforest/train_forest - Shuffle: 11 of 15 | AUC: 0.789
2019-04-27 20:33:45,539 - INFO - rndforest/train_forest - Shuffle: 12 of 15 | AUC: 0.792
2019-04-27 20:33:47,544 - INFO - rndforest/train_forest - Shuffle: 13 of 15 | AUC: 0.778
2019-04-27 20:33:49,584 - INFO - rndforest/train_forest - Shuffle: 14 of 15 | AUC: 0.785
2019-04-27 20:33:51,634 - INFO - rndforest/train_forest - Shuffle: 15 of 15 | AUC: 0.783
2019-04-27 20:33:53,008 - INFO - rndforest/train_forest - Finished | Mean AUC: 0.786 | Stdev: 0.0052
2019-04-27 20:33:53,424 - INFO - rndforest/evaluate_default_prob - 1 of 15 bins were removed
2019-04-27 20:33:53,478 - INFO - rndforest/evaluate_default_prob - Fit succeded | R2: 0.991
2019-04-27 20:33:53,494 - INFO - bondapp/<module> - Finished
2019-04-27 20:34:18,684 - INFO - api/save_publicdataset - Loandataset already exists for today
2019-04-27 20:34:21,302 - INFO - dataprep/load_data - Loaded Data: 86.6k credits
2019-04-27 20:34:21,686 - INFO - dataprep/clean_data - 11.08 % time filtered
2019-04-27 20:34:21,825 - INFO - dataprep/clean_data - 7.84 % NaN filtered
2019-04-27 20:34:22,337 - DEBUG - dataprep/clean_data - Number of remaining NaN: 0
2019-04-27 20:34:22,337 - INFO - dataprep/clean_data - 33.68 % of credits defaulted
2019-04-27 20:34:22,357 - INFO - dataprep/clean_data - Finished Data Cleansing
2019-04-27 20:34:22,493 - DEBUG - rndforest/train_forest - Train Random Forest with:
2019-04-27 20:34:22,493 - DEBUG - rndforest/train_forest - No of Trees: 122
2019-04-27 20:34:22,493 - DEBUG - rndforest/train_forest - Max Depth: 30
2019-04-27 20:34:22,493 - DEBUG - rndforest/train_forest - Min Leaf Size: 2500
2019-04-27 20:34:22,493 - DEBUG - rndforest/train_forest - Min Sample Split: 1000
2019-04-27 20:34:22,493 - DEBUG - rndforest/train_forest - Crit: gini
2019-04-27 20:34:24,896 - INFO - rndforest/train_forest - Shuffle: 1 of 15 | AUC: 0.796
2019-04-27 20:34:27,314 - INFO - rndforest/train_forest - Shuffle: 2 of 15 | AUC: 0.797
2019-04-27 20:34:29,734 - INFO - rndforest/train_forest - Shuffle: 3 of 15 | AUC: 0.796
2019-04-27 20:34:32,048 - INFO - rndforest/train_forest - Shuffle: 4 of 15 | AUC: 0.794
2019-04-27 20:34:34,448 - INFO - rndforest/train_forest - Shuffle: 5 of 15 | AUC: 0.797
2019-04-27 20:34:36,827 - INFO - rndforest/train_forest - Shuffle: 6 of 15 | AUC: 0.798
2019-04-27 20:34:39,214 - INFO - rndforest/train_forest - Shuffle: 7 of 15 | AUC: 0.791
2019-04-27 20:34:41,547 - INFO - rndforest/train_forest - Shuffle: 8 of 15 | AUC: 0.790
2019-04-27 20:34:43,937 - INFO - rndforest/train_forest - Shuffle: 9 of 15 | AUC: 0.799
2019-04-27 20:34:46,258 - INFO - rndforest/train_forest - Shuffle: 10 of 15 | AUC: 0.791
2019-04-27 20:34:48,614 - INFO - rndforest/train_forest - Shuffle: 11 of 15 | AUC: 0.801
2019-04-27 20:34:51,014 - INFO - rndforest/train_forest - Shuffle: 12 of 15 | AUC: 0.799
2019-04-27 20:34:53,387 - INFO - rndforest/train_forest - Shuffle: 13 of 15 | AUC: 0.792
2019-04-27 20:34:55,704 - INFO - rndforest/train_forest - Shuffle: 14 of 15 | AUC: 0.793
2019-04-27 20:34:58,079 - INFO - rndforest/train_forest - Shuffle: 15 of 15 | AUC: 0.790
2019-04-27 20:34:59,504 - INFO - rndforest/train_forest - Finished | Mean AUC: 0.795 | Stdev: 0.0036
2019-04-27 20:34:59,993 - INFO - rndforest/evaluate_default_prob - 2 of 16 bins were removed
2019-04-27 20:35:00,063 - INFO - rndforest/evaluate_default_prob - Fit succeded | R2: 0.988
2019-04-27 20:35:00,083 - INFO - bondapp/<module> - Finished
2019-04-27 20:37:16,173 - INFO - api/save_publicdataset - Loandataset already exists for today
2019-04-27 20:37:18,762 - INFO - dataprep/load_data - Loaded Data: 86.6k credits
2019-04-27 20:37:19,132 - INFO - dataprep/clean_data - 11.08 % time filtered
2019-04-27 20:37:19,283 - INFO - dataprep/clean_data - 7.84 % NaN filtered
2019-04-27 20:37:19,762 - DEBUG - dataprep/clean_data - Number of remaining NaN: 0
2019-04-27 20:37:19,773 - INFO - dataprep/clean_data - 33.68 % of credits defaulted
2019-04-27 20:37:19,784 - INFO - dataprep/clean_data - Finished Data Cleansing
2019-04-27 20:51:35,556 - DEBUG - rndforest/train_forest - Train Random Forest with:
2019-04-27 20:51:35,556 - DEBUG - rndforest/train_forest - No of Trees: 144
2019-04-27 20:51:35,556 - DEBUG - rndforest/train_forest - Max Depth: 73
2019-04-27 20:51:35,556 - DEBUG - rndforest/train_forest - Min Leaf Size: 2500
2019-04-27 20:51:35,556 - DEBUG - rndforest/train_forest - Min Sample Split: 500
2019-04-27 20:51:35,556 - DEBUG - rndforest/train_forest - Crit: gini
2019-04-27 20:51:38,310 - INFO - rndforest/train_forest - Shuffle: 1 of 15 | AUC: 0.797
2019-04-27 20:51:41,046 - INFO - rndforest/train_forest - Shuffle: 2 of 15 | AUC: 0.799
2019-04-27 20:51:43,779 - INFO - rndforest/train_forest - Shuffle: 3 of 15 | AUC: 0.789
2019-04-27 20:51:46,456 - INFO - rndforest/train_forest - Shuffle: 4 of 15 | AUC: 0.789
2019-04-27 20:51:49,226 - INFO - rndforest/train_forest - Shuffle: 5 of 15 | AUC: 0.792
2019-04-27 20:51:51,999 - INFO - rndforest/train_forest - Shuffle: 6 of 15 | AUC: 0.795
2019-04-27 20:51:54,756 - INFO - rndforest/train_forest - Shuffle: 7 of 15 | AUC: 0.781
2019-04-27 20:51:57,466 - INFO - rndforest/train_forest - Shuffle: 8 of 15 | AUC: 0.798
2019-04-27 20:52:00,256 - INFO - rndforest/train_forest - Shuffle: 9 of 15 | AUC: 0.795
2019-04-27 20:52:03,120 - INFO - rndforest/train_forest - Shuffle: 10 of 15 | AUC: 0.797
2019-04-27 20:52:05,909 - INFO - rndforest/train_forest - Shuffle: 11 of 15 | AUC: 0.796
2019-04-27 20:52:08,608 - INFO - rndforest/train_forest - Shuffle: 12 of 15 | AUC: 0.802
2019-04-27 20:52:11,406 - INFO - rndforest/train_forest - Shuffle: 13 of 15 | AUC: 0.788
2019-04-27 20:52:14,176 - INFO - rndforest/train_forest - Shuffle: 14 of 15 | AUC: 0.798
2019-04-27 20:52:16,950 - INFO - rndforest/train_forest - Shuffle: 15 of 15 | AUC: 0.800
2019-04-27 20:52:18,400 - INFO - rndforest/train_forest - Finished | Mean AUC: 0.794 | Stdev: 0.0056
2019-04-27 20:52:19,016 - INFO - rndforest/evaluate_default_prob - 1 of 15 bins were removed
2019-04-27 20:52:19,076 - INFO - rndforest/evaluate_default_prob - Fit succeded | R2: 0.985
2019-04-27 20:52:19,106 - INFO - bondapp/<module> - Finished
2019-04-27 21:02:31,760 - INFO - api/save_publicdataset - Loandataset already exists for today
2019-04-27 21:02:34,439 - INFO - dataprep/load_data - Loaded Data: 86.6k credits
2019-04-27 21:02:34,870 - INFO - dataprep/clean_data - 11.08 % time filtered
2019-04-27 21:02:35,010 - INFO - dataprep/clean_data - 7.84 % NaN filtered
2019-04-27 21:02:35,503 - DEBUG - dataprep/clean_data - Number of remaining NaN: 0
2019-04-27 21:02:35,510 - INFO - dataprep/clean_data - 33.68 % of credits defaulted
2019-04-27 21:02:35,530 - INFO - dataprep/clean_data - Finished Data Cleansing
2019-04-27 21:28:10,943 - DEBUG - rndforest/train_forest - Train Random Forest with:
2019-04-27 21:28:10,943 - DEBUG - rndforest/train_forest - No of Trees: 166
2019-04-27 21:28:10,943 - DEBUG - rndforest/train_forest - Max Depth: 10
2019-04-27 21:28:10,943 - DEBUG - rndforest/train_forest - Min Leaf Size: 2500
2019-04-27 21:28:10,943 - DEBUG - rndforest/train_forest - Min Sample Split: 1000
2019-04-27 21:28:10,943 - DEBUG - rndforest/train_forest - Crit: gini
2019-04-27 21:28:14,553 - INFO - rndforest/train_forest - Shuffle: 1 of 15 | AUC: 0.792
2019-04-27 21:28:18,053 - INFO - rndforest/train_forest - Shuffle: 2 of 15 | AUC: 0.789
2019-04-27 21:28:21,624 - INFO - rndforest/train_forest - Shuffle: 3 of 15 | AUC: 0.800
2019-04-27 21:28:25,153 - INFO - rndforest/train_forest - Shuffle: 4 of 15 | AUC: 0.784
2019-04-27 21:28:28,643 - INFO - rndforest/train_forest - Shuffle: 5 of 15 | AUC: 0.788
2019-04-27 21:28:32,213 - INFO - rndforest/train_forest - Shuffle: 6 of 15 | AUC: 0.798
2019-04-27 21:28:35,697 - INFO - rndforest/train_forest - Shuffle: 7 of 15 | AUC: 0.783
2019-04-27 21:28:39,403 - INFO - rndforest/train_forest - Shuffle: 8 of 15 | AUC: 0.791
2019-04-27 21:28:42,923 - INFO - rndforest/train_forest - Shuffle: 9 of 15 | AUC: 0.787
2019-04-27 21:28:46,458 - INFO - rndforest/train_forest - Shuffle: 10 of 15 | AUC: 0.798
2019-04-27 21:28:49,977 - INFO - rndforest/train_forest - Shuffle: 11 of 15 | AUC: 0.800
2019-04-27 21:28:53,543 - INFO - rndforest/train_forest - Shuffle: 12 of 15 | AUC: 0.786
2019-04-27 21:28:57,073 - INFO - rndforest/train_forest - Shuffle: 13 of 15 | AUC: 0.793
2019-04-27 21:29:00,652 - INFO - rndforest/train_forest - Shuffle: 14 of 15 | AUC: 0.795
2019-04-27 21:29:04,263 - INFO - rndforest/train_forest - Shuffle: 15 of 15 | AUC: 0.790
2019-04-27 21:29:05,957 - INFO - rndforest/train_forest - Finished | Mean AUC: 0.791 | Stdev: 0.0056
2019-04-27 21:29:06,583 - INFO - rndforest/evaluate_default_prob - 2 of 16 bins were removed
2019-04-27 21:29:06,643 - INFO - rndforest/evaluate_default_prob - Fit succeded | R2: 0.984
2019-04-27 21:29:06,676 - INFO - bondapp/<module> - Finished
2019-04-27 21:31:03,542 - INFO - api/save_publicdataset - Loandataset already exists for today
2019-04-27 21:31:06,362 - INFO - dataprep/load_data - Loaded Data: 86.6k credits
2019-04-27 21:31:06,764 - INFO - dataprep/clean_data - 11.07 % time filtered
2019-04-27 21:31:06,906 - INFO - dataprep/clean_data - 7.84 % NaN filtered
2019-04-27 21:31:07,435 - DEBUG - dataprep/clean_data - Number of remaining NaN: 0
2019-04-27 21:31:07,447 - INFO - dataprep/clean_data - 33.68 % of credits defaulted
2019-04-27 21:31:07,462 - INFO - dataprep/clean_data - Finished Data Cleansing
2019-04-27 21:31:07,622 - DEBUG - rndforest/train_forest - Train Random Forest with:
2019-04-27 21:31:07,622 - DEBUG - rndforest/train_forest - No of Trees: 166
2019-04-27 21:31:07,622 - DEBUG - rndforest/train_forest - Max Depth: 30
2019-04-27 21:31:07,622 - DEBUG - rndforest/train_forest - Min Leaf Size: 2500
2019-04-27 21:31:07,622 - DEBUG - rndforest/train_forest - Min Sample Split: 1000
2019-04-27 21:31:07,622 - DEBUG - rndforest/train_forest - Crit: gini
2019-04-27 21:31:11,143 - INFO - rndforest/train_forest - Shuffle: 1 of 15 | AUC: 0.800
2019-04-27 21:31:14,652 - INFO - rndforest/train_forest - Shuffle: 2 of 15 | AUC: 0.797
2019-04-27 21:31:18,262 - INFO - rndforest/train_forest - Shuffle: 3 of 15 | AUC: 0.793
2019-04-27 21:31:21,832 - INFO - rndforest/train_forest - Shuffle: 4 of 15 | AUC: 0.788
2019-04-27 21:31:25,395 - INFO - rndforest/train_forest - Shuffle: 5 of 15 | AUC: 0.793
2019-04-27 21:31:28,915 - INFO - rndforest/train_forest - Shuffle: 6 of 15 | AUC: 0.795
2019-04-27 21:31:32,535 - INFO - rndforest/train_forest - Shuffle: 7 of 15 | AUC: 0.786
2019-04-27 21:31:36,162 - INFO - rndforest/train_forest - Shuffle: 8 of 15 | AUC: 0.791
2019-04-27 21:31:39,811 - INFO - rndforest/train_forest - Shuffle: 9 of 15 | AUC: 0.782
2019-04-27 21:31:43,415 - INFO - rndforest/train_forest - Shuffle: 10 of 15 | AUC: 0.797
2019-04-27 21:31:47,002 - INFO - rndforest/train_forest - Shuffle: 11 of 15 | AUC: 0.789
2019-04-27 21:31:50,634 - INFO - rndforest/train_forest - Shuffle: 12 of 15 | AUC: 0.801
2019-04-27 21:31:54,336 - INFO - rndforest/train_forest - Shuffle: 13 of 15 | AUC: 0.795
2019-04-27 21:31:57,875 - INFO - rndforest/train_forest - Shuffle: 14 of 15 | AUC: 0.801
2019-04-27 21:32:01,474 - INFO - rndforest/train_forest - Shuffle: 15 of 15 | AUC: 0.785
2019-04-27 21:32:03,161 - INFO - rndforest/train_forest - Finished | Mean AUC: 0.793 | Stdev: 0.0059
2019-04-27 21:32:03,792 - INFO - rndforest/evaluate_default_prob - 2 of 15 bins were removed
2019-04-27 21:32:03,855 - INFO - rndforest/evaluate_default_prob - Fit succeded | R2: 0.987
2019-04-27 21:32:03,883 - INFO - bondapp/<module> - ############ 982 ##############
2019-04-27 21:32:03,883 - DEBUG - api/get_investments - Requested for user: Oliver
2019-04-27 21:32:12,591 - DEBUG - api/get_investments - Status Code: 200 - Success
2019-04-27 21:32:12,591 - INFO - api/save_investments - Received Page 1 of 1
2019-04-27 21:32:15,571 - INFO - api/save_investments - Investments saved
2019-04-27 21:32:15,715 - DEBUG - dataprep/clean_data - Number of remaining NaN: 0
2019-04-27 21:32:15,715 - INFO - dataprep/clean_data - Finished Data Cleansing
2019-04-27 21:36:02,589 - INFO - api/save_publicdataset - Loandataset already exists for today
2019-04-27 21:36:05,389 - INFO - dataprep/load_data - Loaded Data: 86.6k credits
2019-04-27 21:36:05,789 - INFO - dataprep/clean_data - 11.07 % time filtered
2019-04-27 21:36:05,952 - INFO - dataprep/clean_data - 7.84 % NaN filtered
2019-04-27 21:36:06,477 - DEBUG - dataprep/clean_data - Number of remaining NaN: 0
2019-04-27 21:36:06,489 - INFO - dataprep/clean_data - 33.68 % of credits defaulted
2019-04-27 21:36:06,499 - INFO - dataprep/clean_data - Finished Data Cleansing
2019-04-27 21:36:06,643 - DEBUG - rndforest/train_forest - Train Random Forest with:
2019-04-27 21:36:06,643 - DEBUG - rndforest/train_forest - No of Trees: 166
2019-04-27 21:36:06,643 - DEBUG - rndforest/train_forest - Max Depth: 30
2019-04-27 21:36:06,643 - DEBUG - rndforest/train_forest - Min Leaf Size: 2500
2019-04-27 21:36:06,643 - DEBUG - rndforest/train_forest - Min Sample Split: 1000
2019-04-27 21:36:06,643 - DEBUG - rndforest/train_forest - Crit: gini
2019-04-27 21:36:10,239 - INFO - rndforest/train_forest - Shuffle: 1 of 10 | AUC: 0.795
2019-04-27 21:36:13,989 - INFO - rndforest/train_forest - Shuffle: 2 of 10 | AUC: 0.794
2019-04-27 21:36:17,622 - INFO - rndforest/train_forest - Shuffle: 3 of 10 | AUC: 0.790
2019-04-27 21:36:20,896 - INFO - rndforest/train_forest - Shuffle: 4 of 10 | AUC: 0.804
2019-04-27 21:36:24,132 - INFO - rndforest/train_forest - Shuffle: 5 of 10 | AUC: 0.803
2019-04-27 21:36:27,589 - INFO - rndforest/train_forest - Shuffle: 6 of 10 | AUC: 0.806
2019-04-27 21:36:30,875 - INFO - rndforest/train_forest - Shuffle: 7 of 10 | AUC: 0.798
2019-04-27 21:36:34,098 - INFO - rndforest/train_forest - Shuffle: 8 of 10 | AUC: 0.803
2019-04-27 21:36:37,446 - INFO - rndforest/train_forest - Shuffle: 9 of 10 | AUC: 0.785
2019-04-27 21:36:40,586 - INFO - rndforest/train_forest - Shuffle: 10 of 10 | AUC: 0.797
2019-04-27 21:36:42,279 - INFO - rndforest/train_forest - Finished | Mean AUC: 0.797 | Stdev: 0.0066
2019-04-27 21:36:42,875 - INFO - rndforest/evaluate_default_prob - 2 of 15 bins were removed
2019-04-27 21:36:42,936 - INFO - rndforest/evaluate_default_prob - Fit succeded | R2: 0.988
2019-04-27 21:36:42,955 - INFO - bondapp/<module> - ############ 982 ##############
2019-04-27 21:36:42,955 - DEBUG - api/get_investments - Requested for user: Oliver
2019-04-27 21:36:50,650 - DEBUG - api/get_investments - Status Code: 200 - Success
2019-04-27 21:36:50,656 - INFO - api/save_investments - Received Page 1 of 1
2019-04-27 21:36:53,707 - INFO - api/save_investments - Investments saved
2019-04-27 21:36:53,855 - DEBUG - dataprep/clean_data - Number of remaining NaN: 0
2019-04-27 21:36:53,865 - INFO - dataprep/clean_data - Finished Data Cleansing
2019-04-27 21:36:53,985 - DEBUG - api/get_secondarymarket - Requested for user: Oliver
2019-04-27 21:36:53,985 - DEBUG - api/get_secondarymarket - Show Items: True
2019-04-27 21:36:56,476 - DEBUG - api/get_secondarymarket - Status Code: 200 - Success
2019-04-27 21:36:56,476 - INFO - api/get_secondarymarket - No items on secondary market
2019-04-27 21:36:56,476 - INFO - salesmgr/cancel_items - No items to cancel
2019-04-27 21:36:56,486 - DEBUG - api/post_sellitems - Requested for user: Oliver
2019-04-27 21:36:58,816 - DEBUG - api/post_sellitems - Status Code: 202 - Success
2019-04-27 21:36:58,816 - INFO - api/post_sellitems - Sold 3 credits
2019-04-27 21:36:58,826 - INFO - bondapp/<module> - ############ 983 ##############
2019-04-27 21:36:58,826 - DEBUG - api/get_investments - Requested for user: Richard
2019-04-27 21:37:08,525 - DEBUG - api/get_investments - Status Code: 200 - Success
2019-04-27 21:37:08,525 - INFO - api/save_investments - Received Page 1 of 1
2019-04-27 21:37:11,585 - INFO - api/save_investments - Investments saved
2019-04-27 21:37:11,739 - DEBUG - dataprep/clean_data - Number of remaining NaN: 0
2019-04-27 21:37:11,745 - INFO - dataprep/clean_data - Finished Data Cleansing
2019-04-27 21:37:11,875 - DEBUG - api/get_secondarymarket - Requested for user: Richard
2019-04-27 21:37:11,875 - DEBUG - api/get_secondarymarket - Show Items: True
2019-04-27 21:37:14,579 - DEBUG - api/get_secondarymarket - Status Code: 200 - Success
2019-04-27 21:37:14,579 - INFO - api/get_secondarymarket - Received Page 1 of 1
2019-04-27 21:37:14,588 - DEBUG - api/post_cancelitem - Requested for user: Richard
2019-04-27 21:37:16,795 - DEBUG - api/post_cancelitem - Status Code: 202 - Success
2019-04-27 21:37:16,795 - INFO - api/post_cancelitem - Canceled 1 credits
2019-04-27 21:37:16,805 - DEBUG - api/post_sellitems - Requested for user: Richard
2019-04-27 21:37:19,335 - DEBUG - api/post_sellitems - Status Code: 202 - Success
2019-04-27 21:37:19,335 - INFO - api/post_sellitems - Sold 1 credits
2019-04-27 21:37:19,335 - INFO - bondapp/<module> - ############ 984 ##############
2019-04-27 21:37:19,335 - DEBUG - api/get_investments - Requested for user: Niklas
2019-04-27 21:37:29,254 - DEBUG - api/get_investments - Status Code: 200 - Success
2019-04-27 21:37:29,254 - INFO - api/save_investments - Received Page 1 of 1
2019-04-27 21:37:32,505 - INFO - api/save_investments - Investments saved
2019-04-27 21:37:32,665 - DEBUG - dataprep/clean_data - Number of remaining NaN: 0
2019-04-27 21:37:32,669 - INFO - dataprep/clean_data - Finished Data Cleansing
2019-04-27 21:37:32,795 - DEBUG - api/get_secondarymarket - Requested for user: Niklas
2019-04-27 21:37:32,795 - DEBUG - api/get_secondarymarket - Show Items: True
2019-04-27 21:37:35,825 - DEBUG - api/get_secondarymarket - Status Code: 200 - Success
2019-04-27 21:37:35,825 - INFO - api/get_secondarymarket - Received Page 1 of 1
2019-04-27 21:37:35,845 - DEBUG - api/post_cancelitem - Requested for user: Niklas
2019-04-27 21:37:38,534 - DEBUG - api/post_cancelitem - Status Code: 202 - Success
2019-04-27 21:37:38,534 - INFO - api/post_cancelitem - Canceled 70 credits
2019-04-27 21:37:38,545 - DEBUG - api/post_sellitems - Requested for user: Niklas
2019-04-27 21:37:42,075 - DEBUG - api/post_sellitems - Status Code: 202 - Success
2019-04-27 21:37:42,075 - INFO - api/post_sellitems - Sold 83 credits
2019-04-27 21:37:42,075 - INFO - bondapp/<module> - Finished
2019-04-27 21:38:31,375 - INFO - api/save_publicdataset - Loandataset already exists for today
2019-04-27 21:38:34,155 - INFO - dataprep/load_data - Loaded Data: 86.6k credits
2019-04-27 21:38:34,553 - INFO - dataprep/clean_data - 11.07 % time filtered
2019-04-27 21:38:34,695 - INFO - dataprep/clean_data - 7.84 % NaN filtered
2019-04-27 21:38:35,185 - DEBUG - dataprep/clean_data - Number of remaining NaN: 0
2019-04-27 21:38:35,208 - INFO - dataprep/clean_data - 33.68 % of credits defaulted
2019-04-27 21:38:35,224 - INFO - dataprep/clean_data - Finished Data Cleansing
2019-04-27 21:38:35,375 - DEBUG - rndforest/train_forest - Train Random Forest with:
2019-04-27 21:38:35,375 - DEBUG - rndforest/train_forest - No of Trees: 166
2019-04-27 21:38:35,375 - DEBUG - rndforest/train_forest - Max Depth: 30
2019-04-27 21:38:35,375 - DEBUG - rndforest/train_forest - Min Leaf Size: 2500
2019-04-27 21:38:35,375 - DEBUG - rndforest/train_forest - Min Sample Split: 1000
2019-04-27 21:38:35,375 - DEBUG - rndforest/train_forest - Crit: gini
2019-04-27 21:38:38,914 - INFO - rndforest/train_forest - Shuffle: 1 of 10 | AUC: 0.787
2019-04-27 21:38:42,438 - INFO - rndforest/train_forest - Shuffle: 2 of 10 | AUC: 0.797
2019-04-27 21:38:45,975 - INFO - rndforest/train_forest - Shuffle: 3 of 10 | AUC: 0.793
2019-04-27 21:38:49,427 - INFO - rndforest/train_forest - Shuffle: 4 of 10 | AUC: 0.789
2019-04-27 21:38:52,923 - INFO - rndforest/train_forest - Shuffle: 5 of 10 | AUC: 0.795
2019-04-27 21:38:56,438 - INFO - rndforest/train_forest - Shuffle: 6 of 10 | AUC: 0.790
2019-04-27 21:38:59,940 - INFO - rndforest/train_forest - Shuffle: 7 of 10 | AUC: 0.791
2019-04-27 21:39:03,378 - INFO - rndforest/train_forest - Shuffle: 8 of 10 | AUC: 0.790
2019-04-27 21:39:06,868 - INFO - rndforest/train_forest - Shuffle: 9 of 10 | AUC: 0.796
2019-04-27 21:39:10,354 - INFO - rndforest/train_forest - Shuffle: 10 of 10 | AUC: 0.797
2019-04-27 21:39:12,046 - INFO - rndforest/train_forest - Finished | Mean AUC: 0.792 | Stdev: 0.0037
2019-04-27 21:39:12,654 - INFO - rndforest/evaluate_default_prob - 1 of 15 bins were removed
2019-04-27 21:39:12,714 - INFO - rndforest/evaluate_default_prob - Fit succeded | R2: 0.986
2019-04-27 21:39:12,738 - INFO - bondapp/<module> - ############ 982 ##############
2019-04-27 21:39:12,738 - DEBUG - api/get_investments - Requested for user: Oliver
2019-04-27 21:39:19,894 - DEBUG - api/get_investments - Status Code: 200 - Success
2019-04-27 21:39:19,894 - INFO - api/save_investments - Received Page 1 of 1
2019-04-27 21:39:22,824 - INFO - api/save_investments - Investments saved
2019-04-27 21:39:22,964 - DEBUG - dataprep/clean_data - Number of remaining NaN: 0
2019-04-27 21:39:22,964 - INFO - dataprep/clean_data - Finished Data Cleansing
2019-04-27 21:39:23,094 - DEBUG - api/get_secondarymarket - Requested for user: Oliver
2019-04-27 21:39:23,094 - DEBUG - api/get_secondarymarket - Show Items: True
2019-04-27 21:39:26,084 - DEBUG - api/get_secondarymarket - Status Code: 200 - Success
2019-04-27 21:39:26,084 - INFO - api/get_secondarymarket - Received Page 1 of 1
2019-04-27 21:39:26,094 - INFO - salesmgr/cancel_items - No items to cancel
2019-04-27 21:39:26,104 - INFO - salesmgr/sell_items - No items to sell
2019-04-27 21:39:26,104 - INFO - bondapp/<module> - ############ 983 ##############
2019-04-27 21:39:26,104 - DEBUG - api/get_investments - Requested for user: Richard
2019-04-27 21:39:34,188 - DEBUG - api/get_investments - Status Code: 200 - Success
2019-04-27 21:39:34,188 - INFO - api/save_investments - Received Page 1 of 1
2019-04-27 21:39:37,197 - INFO - api/save_investments - Investments saved
2019-04-27 21:39:37,348 - DEBUG - dataprep/clean_data - Number of remaining NaN: 0
2019-04-27 21:39:37,355 - INFO - dataprep/clean_data - Finished Data Cleansing
2019-04-27 21:39:37,474 - DEBUG - api/get_secondarymarket - Requested for user: Richard
2019-04-27 21:39:37,474 - DEBUG - api/get_secondarymarket - Show Items: True
2019-04-27 21:39:40,014 - DEBUG - api/get_secondarymarket - Status Code: 200 - Success
2019-04-27 21:39:40,014 - INFO - api/get_secondarymarket - No items on secondary market
2019-04-27 21:39:40,014 - INFO - salesmgr/cancel_items - No items to cancel
2019-04-27 21:39:40,024 - INFO - salesmgr/sell_items - No items to sell
2019-04-27 21:39:40,024 - INFO - bondapp/<module> - ############ 984 ##############
2019-04-27 21:39:40,024 - DEBUG - api/get_investments - Requested for user: Niklas
2019-04-27 21:39:50,584 - DEBUG - api/get_investments - Status Code: 200 - Success
2019-04-27 21:39:50,594 - INFO - api/save_investments - Received Page 1 of 1
2019-04-27 21:39:53,865 - INFO - api/save_investments - Investments saved
2019-04-27 21:39:54,024 - DEBUG - dataprep/clean_data - Number of remaining NaN: 0
2019-04-27 21:39:54,024 - INFO - dataprep/clean_data - Finished Data Cleansing
2019-04-27 21:39:54,158 - DEBUG - api/get_secondarymarket - Requested for user: Niklas
2019-04-27 21:39:54,158 - DEBUG - api/get_secondarymarket - Show Items: True
2019-04-27 21:39:56,985 - DEBUG - api/get_secondarymarket - Status Code: 200 - Success
2019-04-27 21:39:56,985 - INFO - api/get_secondarymarket - Received Page 1 of 1
2019-04-27 21:39:57,004 - INFO - salesmgr/cancel_items - No items to cancel
2019-04-27 21:39:57,014 - DEBUG - api/post_sellitems - Requested for user: Niklas
2019-04-27 21:39:59,214 - DEBUG - api/post_sellitems - Status Code: 202 - Success
2019-04-27 21:39:59,214 - INFO - api/post_sellitems - Sold 1 credits
2019-04-27 21:39:59,214 - INFO - bondapp/<module> - Finished
