2019-04-22 18:43:07,404 - DEBUG - log/custom_logger - Logging started on: 2019-04-22 18:43:07
2019-04-22 18:43:07,404 - DEBUG - log/custom_logger - ################################
2019-04-22 18:43:07,404 - INFO - api/save_publicdataset - Loandataset already exists for today
2019-04-22 18:43:09,898 - INFO - dataprep/load_data - Loaded Data: 85.8k credits
2019-04-22 18:43:10,147 - INFO - dataprep/clean_data - 10.80 % time filtered
2019-04-22 18:43:10,191 - INFO - dataprep/clean_data - 3.08 % NaN filtered
2019-04-22 18:43:10,256 - DEBUG - dataprep/clean_data - Number of remaining NaN: 0
2019-04-22 18:43:10,263 - INFO - dataprep/clean_data - 45.08 % of credits defaulted
2019-04-22 18:43:10,273 - INFO - dataprep/clean_data - Finished Data Cleansing
2019-04-22 18:43:10,298 - INFO - rndforest/train_forest - Train Random Forest with:
2019-04-22 18:43:10,299 - INFO - rndforest/train_forest - No of Trees: 122
2019-04-22 18:43:10,300 - INFO - rndforest/train_forest - Max Depth: 30
2019-04-22 18:43:10,301 - INFO - rndforest/train_forest - Min Leaf Size: 2500
2019-04-22 18:43:10,302 - INFO - rndforest/train_forest - Min Sample Split: 1000
2019-04-22 18:43:10,303 - INFO - rndforest/train_forest - Crit: gini
2019-04-22 18:43:12,238 - INFO - rndforest/train_forest - Shuffle: 1 of 10 | AUC: 0.732
2019-04-22 18:43:14,063 - INFO - rndforest/train_forest - Shuffle: 2 of 10 | AUC: 0.735
2019-04-22 18:43:15,886 - INFO - rndforest/train_forest - Shuffle: 3 of 10 | AUC: 0.732
2019-04-22 18:43:17,708 - INFO - rndforest/train_forest - Shuffle: 4 of 10 | AUC: 0.732
2019-04-22 18:43:19,533 - INFO - rndforest/train_forest - Shuffle: 5 of 10 | AUC: 0.732
2019-04-22 18:43:21,355 - INFO - rndforest/train_forest - Shuffle: 6 of 10 | AUC: 0.731
2019-04-22 18:43:23,177 - INFO - rndforest/train_forest - Shuffle: 7 of 10 | AUC: 0.733
2019-04-22 18:43:25,001 - INFO - rndforest/train_forest - Shuffle: 8 of 10 | AUC: 0.731
2019-04-22 18:43:26,824 - INFO - rndforest/train_forest - Shuffle: 9 of 10 | AUC: 0.731
2019-04-22 18:43:28,648 - INFO - rndforest/train_forest - Shuffle: 10 of 10 | AUC: 0.738
2019-04-22 18:43:28,650 - INFO - rndforest/train_forest - Finished | Mean AUC: 0.73 | Stdev: 0.0022
2019-04-22 18:43:29,007 - INFO - rndforest/evaluate_default_prob - 2 of 15 bins were removed
2019-04-22 18:43:29,056 - INFO - rndforest/evaluate_default_prob - Fit succeded | R2: 0.990
2019-04-22 18:43:29,060 - DEBUG - api/get_investments - Requested for user: Niklas
2019-04-22 18:43:39,635 - DEBUG - api/get_investments - Status Code: 200 - Success
2019-04-22 18:43:39,641 - INFO - api/save_investments - Received Page 1 of 1
2019-04-22 18:43:42,509 - INFO - api/save_investments - Investments saved
2019-04-22 18:43:42,560 - DEBUG - dataprep/clean_data - Number of remaining NaN: 0
2019-04-22 18:43:42,561 - INFO - dataprep/clean_data - Finished Data Cleansing
2019-04-22 18:43:42,680 - DEBUG - api/get_secondarymarket - Requested for user: Niklas
2019-04-22 18:43:42,680 - DEBUG - api/get_secondarymarket - Show Items: True
2019-04-22 18:43:45,147 - DEBUG - api/get_secondarymarket - Status Code: 200 - Success
2019-04-22 18:43:45,147 - INFO - api/get_secondarymarket - Received Page 1 of 1
2019-04-22 18:43:45,229 - INFO - salesmgr/cancel_items - No items to cancel
2019-04-22 18:43:45,414 - DEBUG - api/post_sellitems - Requested for user: Niklas
2019-04-22 18:43:45,979 - DEBUG - api/post_sellitems - Status Code: 202 - Success
2019-04-22 18:43:45,979 - INFO - api/post_sellitems - Sold 9 credits
