2019-04-27 10:42:09,430 - DEBUG - log/custom_logger - Logging started on: 2019-04-27 10:42:09
2019-04-27 10:42:09,430 - DEBUG - log/custom_logger - ################################
2019-04-27 10:42:09,446 - DEBUG - api/get_publicdataset - Requested for user: Oliver
2019-04-27 10:42:20,732 - DEBUG - api/get_publicdataset - Status Code: 200 - Success
2019-04-27 10:42:20,763 - INFO - api/save_publicdataset - Received Page 1 of 9
2019-04-27 10:42:20,763 - DEBUG - api/get_publicdataset - Requested for user: Oliver
2019-04-27 10:42:33,249 - DEBUG - api/get_publicdataset - Status Code: 200 - Success
2019-04-27 10:42:33,358 - INFO - api/save_publicdataset - Received Page 2 of 9
2019-04-27 10:42:33,358 - DEBUG - api/get_publicdataset - Requested for user: Oliver
2019-04-27 10:42:46,458 - DEBUG - api/get_publicdataset - Status Code: 200 - Success
2019-04-27 10:42:46,797 - INFO - api/save_publicdataset - Received Page 3 of 9
2019-04-27 10:42:46,797 - DEBUG - api/get_publicdataset - Requested for user: Oliver
2019-04-27 10:43:02,002 - DEBUG - api/get_publicdataset - Status Code: 200 - Success
2019-04-27 10:43:02,298 - INFO - api/save_publicdataset - Received Page 4 of 9
2019-04-27 10:43:02,298 - DEBUG - api/get_publicdataset - Requested for user: Oliver
2019-04-27 10:43:14,917 - DEBUG - api/get_publicdataset - Status Code: 200 - Success
2019-04-27 10:43:15,292 - INFO - api/save_publicdataset - Received Page 5 of 9
2019-04-27 10:43:15,292 - DEBUG - api/get_publicdataset - Requested for user: Oliver
2019-04-27 10:43:26,958 - DEBUG - api/get_publicdataset - Status Code: 200 - Success
2019-04-27 10:43:27,364 - INFO - api/save_publicdataset - Received Page 6 of 9
2019-04-27 10:43:27,364 - DEBUG - api/get_publicdataset - Requested for user: Oliver
2019-04-27 10:43:39,822 - DEBUG - api/get_publicdataset - Status Code: 200 - Success
2019-04-27 10:43:40,297 - INFO - api/save_publicdataset - Received Page 7 of 9
2019-04-27 10:43:40,297 - DEBUG - api/get_publicdataset - Requested for user: Oliver
2019-04-27 10:43:51,887 - DEBUG - api/get_publicdataset - Status Code: 200 - Success
2019-04-27 10:43:52,418 - INFO - api/save_publicdataset - Received Page 8 of 9
2019-04-27 10:43:52,418 - DEBUG - api/get_publicdataset - Requested for user: Oliver
2019-04-27 10:44:03,174 - DEBUG - api/get_publicdataset - Status Code: 200 - Success
2019-04-27 10:44:03,769 - INFO - api/save_publicdataset - Received Page 9 of 9
2019-04-27 10:44:11,053 - INFO - api/save_publicdataset - Public Data set saved
2019-04-27 10:44:11,730 - INFO - dataprep/clean_data - 11.12 % time filtered
2019-04-27 10:44:11,855 - INFO - dataprep/clean_data - 3.05 % NaN filtered
2019-04-27 10:44:11,917 - DEBUG - dataprep/clean_data - Number of remaining NaN: 0
2019-04-27 10:44:11,917 - INFO - dataprep/clean_data - 32.86 % of credits defaulted
2019-04-27 10:44:11,933 - INFO - dataprep/clean_data - Finished Data Cleansing
2019-04-27 10:44:11,964 - DEBUG - rndforest/train_forest - Train Random Forest with:
2019-04-27 10:44:11,964 - DEBUG - rndforest/train_forest - No of Trees: 122
2019-04-27 10:44:11,964 - DEBUG - rndforest/train_forest - Max Depth: 30
2019-04-27 10:44:11,964 - DEBUG - rndforest/train_forest - Min Leaf Size: 2500
2019-04-27 10:44:11,964 - DEBUG - rndforest/train_forest - Min Sample Split: 1000
2019-04-27 10:44:11,964 - DEBUG - rndforest/train_forest - Crit: gini
2019-04-27 10:44:14,110 - INFO - rndforest/train_forest - Shuffle: 1 of 10 | AUC: 0.775
2019-04-27 10:44:16,181 - INFO - rndforest/train_forest - Shuffle: 2 of 10 | AUC: 0.778
2019-04-27 10:44:18,249 - INFO - rndforest/train_forest - Shuffle: 3 of 10 | AUC: 0.780
2019-04-27 10:44:20,319 - INFO - rndforest/train_forest - Shuffle: 4 of 10 | AUC: 0.777
2019-04-27 10:44:22,403 - INFO - rndforest/train_forest - Shuffle: 5 of 10 | AUC: 0.776
2019-04-27 10:44:24,359 - INFO - rndforest/train_forest - Shuffle: 6 of 10 | AUC: 0.773
2019-04-27 10:44:26,205 - INFO - rndforest/train_forest - Shuffle: 7 of 10 | AUC: 0.774
2019-04-27 10:44:28,046 - INFO - rndforest/train_forest - Shuffle: 8 of 10 | AUC: 0.791
2019-04-27 10:44:29,892 - INFO - rndforest/train_forest - Shuffle: 9 of 10 | AUC: 0.772
2019-04-27 10:44:31,733 - INFO - rndforest/train_forest - Shuffle: 10 of 10 | AUC: 0.785
2019-04-27 10:44:32,977 - INFO - rndforest/train_forest - Finished | Mean AUC: 0.78 | Stdev: 0.0059
2019-04-27 10:44:33,729 - INFO - rndforest/evaluate_default_prob - 3 of 16 bins were removed
2019-04-27 10:44:34,026 - INFO - rndforest/evaluate_default_prob - Fit succeded | R2: 0.987
2019-04-27 10:44:34,042 - INFO - bondapp/<module> - ############ 982 ##############
2019-04-27 10:44:34,042 - DEBUG - api/get_investments - Requested for user: Oliver
2019-04-27 10:44:41,891 - DEBUG - api/get_investments - Status Code: 200 - Success
2019-04-27 10:44:41,891 - INFO - api/save_investments - Received Page 1 of 1
2019-04-27 10:44:44,707 - INFO - api/save_investments - Investments saved
2019-04-27 10:44:44,754 - DEBUG - dataprep/clean_data - Number of remaining NaN: 0
2019-04-27 10:44:44,754 - INFO - dataprep/clean_data - Finished Data Cleansing
2019-04-27 10:44:44,879 - DEBUG - api/get_secondarymarket - Requested for user: Oliver
2019-04-27 10:44:44,879 - DEBUG - api/get_secondarymarket - Show Items: True
2019-04-27 10:44:47,845 - DEBUG - api/get_secondarymarket - Status Code: 200 - Success
2019-04-27 10:44:47,845 - INFO - api/get_secondarymarket - Received Page 1 of 1
2019-04-27 10:44:47,908 - DEBUG - api/post_cancelitem - Requested for user: Oliver
2019-04-27 10:44:50,788 - DEBUG - api/post_cancelitem - Status Code: 202 - Success
2019-04-27 10:44:50,788 - INFO - api/post_cancelitem - Canceled 10 credits
2019-04-27 10:44:50,788 - DEBUG - api/post_sellitems - Requested for user: Oliver
2019-04-27 10:44:56,117 - DEBUG - api/post_sellitems - Status Code: 202 - Success
2019-04-27 10:44:56,117 - INFO - api/post_sellitems - Sold 10 credits
2019-04-27 10:44:56,117 - INFO - bondapp/<module> - ############ 983 ##############
2019-04-27 10:44:56,117 - DEBUG - api/get_investments - Requested for user: Richard
2019-04-27 10:45:09,879 - DEBUG - api/get_investments - Status Code: 200 - Success
2019-04-27 10:45:09,879 - INFO - api/save_investments - Received Page 1 of 1
2019-04-27 10:45:12,565 - INFO - api/save_investments - Investments saved
2019-04-27 10:45:12,612 - DEBUG - dataprep/clean_data - Number of remaining NaN: 0
2019-04-27 10:45:12,612 - INFO - dataprep/clean_data - Finished Data Cleansing
2019-04-27 10:45:12,737 - DEBUG - api/get_secondarymarket - Requested for user: Richard
2019-04-27 10:45:12,737 - DEBUG - api/get_secondarymarket - Show Items: True
2019-04-27 10:45:15,563 - DEBUG - api/get_secondarymarket - Status Code: 200 - Success
2019-04-27 10:45:15,563 - INFO - api/get_secondarymarket - Received Page 1 of 1
2019-04-27 10:45:15,574 - DEBUG - api/post_cancelitem - Requested for user: Richard
2019-04-27 10:45:17,899 - DEBUG - api/post_cancelitem - Status Code: 202 - Success
2019-04-27 10:45:17,899 - INFO - api/post_cancelitem - Canceled 12 credits
2019-04-27 10:45:17,915 - DEBUG - api/post_sellitems - Requested for user: Richard
2019-04-27 10:45:20,803 - DEBUG - api/post_sellitems - Status Code: 202 - Success
2019-04-27 10:45:20,803 - INFO - api/post_sellitems - Sold 12 credits
2019-04-27 10:45:20,803 - INFO - bondapp/<module> - ############ 984 ##############
2019-04-27 10:45:20,803 - DEBUG - api/get_investments - Requested for user: Niklas
2019-04-27 10:45:31,557 - DEBUG - api/get_investments - Status Code: 200 - Success
2019-04-27 10:45:31,573 - INFO - api/save_investments - Received Page 1 of 1
2019-04-27 10:45:34,435 - INFO - api/save_investments - Investments saved
2019-04-27 10:45:34,498 - DEBUG - dataprep/clean_data - Number of remaining NaN: 0
2019-04-27 10:45:34,498 - INFO - dataprep/clean_data - Finished Data Cleansing
2019-04-27 10:45:34,624 - DEBUG - api/get_secondarymarket - Requested for user: Niklas
2019-04-27 10:45:34,624 - DEBUG - api/get_secondarymarket - Show Items: True
2019-04-27 10:45:38,584 - DEBUG - api/get_secondarymarket - Status Code: 200 - Success
2019-04-27 10:45:38,584 - INFO - api/get_secondarymarket - Received Page 1 of 1
2019-04-27 10:45:38,693 - DEBUG - api/post_cancelitem - Requested for user: Niklas
2019-04-27 10:45:41,274 - DEBUG - api/post_cancelitem - Status Code: 202 - Success
2019-04-27 10:45:41,274 - INFO - api/post_cancelitem - Canceled 100 credits
2019-04-27 10:45:41,274 - DEBUG - api/post_cancelitem - Requested for user: Niklas
2019-04-27 10:45:44,041 - DEBUG - api/post_cancelitem - Status Code: 202 - Success
2019-04-27 10:45:44,041 - INFO - api/post_cancelitem - Canceled 100 credits
2019-04-27 10:45:44,041 - DEBUG - api/post_cancelitem - Requested for user: Niklas
2019-04-27 10:45:47,004 - DEBUG - api/post_cancelitem - Status Code: 202 - Success
2019-04-27 10:45:47,004 - INFO - api/post_cancelitem - Canceled 100 credits
2019-04-27 10:45:47,004 - DEBUG - api/post_cancelitem - Requested for user: Niklas
2019-04-27 10:45:49,445 - DEBUG - api/post_cancelitem - Status Code: 202 - Success
2019-04-27 10:45:49,445 - INFO - api/post_cancelitem - Canceled 100 credits
2019-04-27 10:45:49,445 - DEBUG - api/post_cancelitem - Requested for user: Niklas
2019-04-27 10:45:52,302 - DEBUG - api/post_cancelitem - Status Code: 202 - Success
2019-04-27 10:45:52,302 - INFO - api/post_cancelitem - Canceled 48 credits
2019-04-27 10:45:52,302 - DEBUG - api/post_sellitems - Requested for user: Niklas
2019-04-27 10:45:56,990 - DEBUG - api/post_sellitems - Status Code: 202 - Success
2019-04-27 10:45:56,990 - INFO - api/post_sellitems - Sold 100 credits
2019-04-27 10:45:56,990 - DEBUG - api/post_sellitems - Requested for user: Niklas
2019-04-27 10:46:02,412 - DEBUG - api/post_sellitems - Status Code: 202 - Success
2019-04-27 10:46:02,412 - INFO - api/post_sellitems - Sold 100 credits
2019-04-27 10:46:02,412 - DEBUG - api/post_sellitems - Requested for user: Niklas
2019-04-27 10:46:07,571 - DEBUG - api/post_sellitems - Status Code: 202 - Success
2019-04-27 10:46:07,571 - INFO - api/post_sellitems - Sold 100 credits
2019-04-27 10:46:07,571 - DEBUG - api/post_sellitems - Requested for user: Niklas
2019-04-27 10:46:11,082 - DEBUG - api/post_sellitems - Status Code: 202 - Success
2019-04-27 10:46:11,082 - INFO - api/post_sellitems - Sold 100 credits
2019-04-27 10:46:11,082 - DEBUG - api/post_sellitems - Requested for user: Niklas
2019-04-27 10:46:14,889 - DEBUG - api/post_sellitems - Status Code: 202 - Success
2019-04-27 10:46:14,889 - INFO - api/post_sellitems - Sold 51 credits
2019-04-27 10:46:14,889 - INFO - bondapp/<module> - Finished
2019-04-27 14:13:12,011 - INFO - api/save_publicdataset - Loandataset already exists for today
2019-04-27 14:13:14,467 - INFO - dataprep/load_data - Loaded Data: 86.6k credits
2019-04-27 14:13:14,796 - INFO - dataprep/clean_data - 11.10 % time filtered
2019-04-27 14:13:14,874 - INFO - dataprep/clean_data - 3.05 % NaN filtered
2019-04-27 14:13:14,937 - DEBUG - dataprep/clean_data - Number of remaining NaN: 0
2019-04-27 14:13:14,952 - INFO - dataprep/clean_data - 32.86 % of credits defaulted
2019-04-27 14:13:14,968 - INFO - dataprep/clean_data - Finished Data Cleansing
2019-04-27 14:13:14,984 - DEBUG - rndforest/train_forest - Train Random Forest with:
2019-04-27 14:13:14,999 - DEBUG - rndforest/train_forest - No of Trees: 122
2019-04-27 14:13:14,999 - DEBUG - rndforest/train_forest - Max Depth: 30
2019-04-27 14:13:14,999 - DEBUG - rndforest/train_forest - Min Leaf Size: 2500
2019-04-27 14:13:14,999 - DEBUG - rndforest/train_forest - Min Sample Split: 1000
2019-04-27 14:13:14,999 - DEBUG - rndforest/train_forest - Crit: gini
2019-04-27 14:13:16,871 - INFO - rndforest/train_forest - Shuffle: 1 of 10 | AUC: 0.781
2019-04-27 14:13:18,717 - INFO - rndforest/train_forest - Shuffle: 2 of 10 | AUC: 0.782
2019-04-27 14:13:20,564 - INFO - rndforest/train_forest - Shuffle: 3 of 10 | AUC: 0.774
2019-04-27 14:13:22,402 - INFO - rndforest/train_forest - Shuffle: 4 of 10 | AUC: 0.776
2019-04-27 14:13:24,250 - INFO - rndforest/train_forest - Shuffle: 5 of 10 | AUC: 0.778
2019-04-27 14:13:26,097 - INFO - rndforest/train_forest - Shuffle: 6 of 10 | AUC: 0.784
2019-04-27 14:13:27,933 - INFO - rndforest/train_forest - Shuffle: 7 of 10 | AUC: 0.778
2019-04-27 14:13:29,784 - INFO - rndforest/train_forest - Shuffle: 8 of 10 | AUC: 0.772
2019-04-27 14:13:31,729 - INFO - rndforest/train_forest - Shuffle: 9 of 10 | AUC: 0.770
2019-04-27 14:13:33,684 - INFO - rndforest/train_forest - Shuffle: 10 of 10 | AUC: 0.782
2019-04-27 14:13:34,566 - INFO - rndforest/train_forest - Finished | Mean AUC: 0.78 | Stdev: 0.0048
2019-04-27 14:13:34,847 - INFO - rndforest/evaluate_default_prob - 3 of 16 bins were removed
2019-04-27 14:13:34,894 - INFO - rndforest/evaluate_default_prob - Fit succeded | R2: 0.987
2019-04-27 14:13:34,894 - INFO - bondapp/<module> - ############ 982 ##############
2019-04-27 14:13:34,894 - DEBUG - api/get_investments - Requested for user: Oliver
2019-04-27 14:13:38,653 - DEBUG - api/get_investments - Status Code: 200 - Success
2019-04-27 14:13:38,653 - INFO - api/save_investments - Received Page 1 of 1
2019-04-27 14:13:41,334 - INFO - api/save_investments - Investments saved
2019-04-27 14:13:41,381 - DEBUG - dataprep/clean_data - Number of remaining NaN: 0
2019-04-27 14:13:41,381 - INFO - dataprep/clean_data - Finished Data Cleansing
2019-04-27 14:13:41,490 - DEBUG - api/get_secondarymarket - Requested for user: Oliver
2019-04-27 14:13:41,490 - DEBUG - api/get_secondarymarket - Show Items: True
2019-04-27 14:13:44,285 - DEBUG - api/get_secondarymarket - Status Code: 200 - Success
2019-04-27 14:13:44,300 - INFO - api/get_secondarymarket - No items on secondary market
2019-04-27 14:13:44,300 - INFO - salesmgr/cancel_items - No items to cancel
2019-04-27 14:13:44,300 - INFO - salesmgr/sell_items - No items to sell
2019-04-27 14:13:44,300 - INFO - bondapp/<module> - ############ 983 ##############
2019-04-27 14:13:44,300 - DEBUG - api/get_investments - Requested for user: Richard
2019-04-27 14:13:48,075 - DEBUG - api/get_investments - Status Code: 200 - Success
2019-04-27 14:13:48,075 - INFO - api/save_investments - Received Page 1 of 1
2019-04-27 14:13:51,303 - INFO - api/save_investments - Investments saved
2019-04-27 14:13:51,363 - DEBUG - dataprep/clean_data - Number of remaining NaN: 0
2019-04-27 14:13:51,364 - INFO - dataprep/clean_data - Finished Data Cleansing
2019-04-27 14:13:51,480 - DEBUG - api/get_secondarymarket - Requested for user: Richard
2019-04-27 14:13:51,480 - DEBUG - api/get_secondarymarket - Show Items: True
2019-04-27 14:13:54,684 - DEBUG - api/get_secondarymarket - Status Code: 200 - Success
2019-04-27 14:13:54,684 - INFO - api/get_secondarymarket - Received Page 1 of 1
2019-04-27 14:13:54,692 - INFO - salesmgr/cancel_items - No items to cancel
2019-04-27 14:13:54,698 - INFO - salesmgr/sell_items - No items to sell
2019-04-27 14:13:54,699 - INFO - bondapp/<module> - ############ 984 ##############
2019-04-27 14:13:54,700 - DEBUG - api/get_investments - Requested for user: Niklas
2019-04-27 14:14:02,561 - DEBUG - api/get_investments - Status Code: 200 - Success
2019-04-27 14:14:02,561 - INFO - api/save_investments - Received Page 1 of 1
2019-04-27 14:14:05,549 - INFO - api/save_investments - Investments saved
2019-04-27 14:14:05,611 - DEBUG - dataprep/clean_data - Number of remaining NaN: 0
2019-04-27 14:14:05,611 - INFO - dataprep/clean_data - Finished Data Cleansing
2019-04-27 14:14:05,736 - DEBUG - api/get_secondarymarket - Requested for user: Niklas
2019-04-27 14:14:05,736 - DEBUG - api/get_secondarymarket - Show Items: True
2019-04-27 14:14:08,576 - DEBUG - api/get_secondarymarket - Status Code: 200 - Success
2019-04-27 14:14:08,576 - INFO - api/get_secondarymarket - Received Page 1 of 1
2019-04-27 14:14:08,592 - INFO - salesmgr/cancel_items - No items to cancel
2019-04-27 14:14:08,592 - DEBUG - api/post_sellitems - Requested for user: Niklas
2019-04-27 14:14:11,207 - DEBUG - api/post_sellitems - Status Code: 202 - Success
2019-04-27 14:14:11,207 - INFO - api/post_sellitems - Sold 1 credits
2019-04-27 14:14:11,207 - INFO - bondapp/<module> - Finished
